# JRE version: OpenJDK Runtime Environment Temurin-21.0.9+10 (21.0.9+10) (build 21.0.9+10-LTS)
# Java VM: OpenJDK 64-Bit Server VM Temurin-21.0.9+10 (21.0.9+10-LTS, mixed mode, sharing, tiered, compressed oops, compressed class ptrs, parallel gc, windows-amd64)
GC Precious Log:
 CardTable entry size: 512
 CPUs: 8 total, 8 available
 Memory: 20218M
 Large Page Support: Disabled
 NUMA Support: Disabled
 Compressed Oops: Enabled (32-bit)
 Alignments: Space 512K, Generation 512K, Heap 2M
 Heap Min Capacity: 100M
 Heap Initial Capacity: 100M
 Heap Max Capacity: 2G
 Pre-touch: Disabled
 Parallel Workers: 8
Heap:
 PSYoungGen      total 2048K, used 1053K [0x00000000d5580000, 0x00000000d5b80000, 0x0000000100000000)
  eden space 1536K, 35% used [0x00000000d5580000,0x00000000d5607790,0x00000000d5700000)
  from space 512K, 100% used [0x00000000d5900000,0x00000000d5980000,0x00000000d5980000)
  to   space 2048K, 0% used [0x00000000d5700000,0x00000000d5700000,0x00000000d5900000)
 ParOldGen       total 779264K, used 301006K [0x0000000080000000, 0x00000000af900000, 0x00000000d5580000)
  object space 779264K, 38% used [0x0000000080000000,0x00000000925f3908,0x00000000af900000)
 Metaspace       used 74756K, committed 76288K, reserved 1179648K
  class space    used 7726K, committed 8384K, reserved 1048576K
GC Heap History (20 events):
Event: 54.765 GC heap before
{Heap before GC invocations=1605 (full 4):
 PSYoungGen      total 4096K, used 3657K [0x00000000d5580000, 0x00000000d5c80000, 0x0000000100000000)
  eden space 2560K, 100% used [0x00000000d5580000,0x00000000d5800000,0x00000000d5800000)
  from space 1536K, 71% used [0x00000000d5b00000,0x00000000d5c127e8,0x00000000d5c80000)
  to   space 2048K, 0% used [0x00000000d5880000,0x00000000d5880000,0x00000000d5a80000)
 ParOldGen       total 779264K, used 287813K [0x0000000080000000, 0x00000000af900000, 0x00000000d5580000)
  object space 779264K, 36% used [0x0000000080000000,0x0000000091911460,0x00000000af900000)
 Metaspace       used 74682K, committed 76224K, reserved 1179648K
  class space    used 7722K, committed 8384K, reserved 1048576K
}
Event: 54.767 GC heap after
{Heap after GC invocations=1605 (full 4):
 PSYoungGen      total 4096K, used 1120K [0x00000000d5580000, 0x00000000d5b80000, 0x0000000100000000)
  eden space 2560K, 0% used [0x00000000d5580000,0x00000000d5580000,0x00000000d5800000)
  from space 1536K, 72% used [0x00000000d5880000,0x00000000d5998000,0x00000000d5a00000)
  to   space 1536K, 0% used [0x00000000d5a00000,0x00000000d5a00000,0x00000000d5b80000)
 ParOldGen       total 779264K, used 288705K [0x0000000080000000, 0x00000000af900000, 0x00000000d5580000)
  object space 779264K, 37% used [0x0000000080000000,0x00000000919f0450,0x00000000af900000)
 Metaspace       used 74682K, committed 76224K, reserved 1179648K
  class space    used 7722K, committed 8384K, reserved 1048576K
}
Event: 54.781 GC heap before
{Heap before GC invocations=1606 (full 4):
 PSYoungGen      total 4096K, used 3679K [0x00000000d5580000, 0x00000000d5b80000, 0x0000000100000000)
  eden space 2560K, 99% used [0x00000000d5580000,0x00000000d57ffff0,0x00000000d5800000)
  from space 1536K, 72% used [0x00000000d5880000,0x00000000d5998000,0x00000000d5a00000)
  to   space 1536K, 0% used [0x00000000d5a00000,0x00000000d5a00000,0x00000000d5b80000)
 ParOldGen       total 779264K, used 288705K [0x0000000080000000, 0x00000000af900000, 0x00000000d5580000)
  object space 779264K, 37% used [0x0000000080000000,0x00000000919f0450,0x00000000af900000)
 Metaspace       used 74684K, committed 76224K, reserved 1179648K
  class space    used 7722K, committed 8384K, reserved 1048576K
}
Event: 54.784 GC heap after
{Heap after GC invocations=1606 (full 4):
 PSYoungGen      total 4096K, used 1228K [0x00000000d5580000, 0x00000000d5b80000, 0x0000000100000000)
  eden space 2560K, 0% used [0x00000000d5580000,0x00000000d5580000,0x00000000d5800000)
  from space 1536K, 79% used [0x00000000d5a00000,0x00000000d5b33010,0x00000000d5b80000)
  to   space 1536K, 0% used [0x00000000d5880000,0x00000000d5880000,0x00000000d5a00000)
 ParOldGen       total 779264K, used 289353K [0x0000000080000000, 0x00000000af900000, 0x00000000d5580000)
  object space 779264K, 37% used [0x0000000080000000,0x0000000091a92598,0x00000000af900000)
 Metaspace       used 74684K, committed 76224K, reserved 1179648K
  class space    used 7722K, committed 8384K, reserved 1048576K
}
Event: 54.798 GC heap before
{Heap before GC invocations=1607 (full 4):
 PSYoungGen      total 4096K, used 3723K [0x00000000d5580000, 0x00000000d5b80000, 0x0000000100000000)
  eden space 2560K, 97% used [0x00000000d5580000,0x00000000d57efca8,0x00000000d5800000)
  from space 1536K, 79% used [0x00000000d5a00000,0x00000000d5b33010,0x00000000d5b80000)
  to   space 1536K, 0% used [0x00000000d5880000,0x00000000d5880000,0x00000000d5a00000)
 ParOldGen       total 779264K, used 289353K [0x0000000080000000, 0x00000000af900000, 0x00000000d5580000)
  object space 779264K, 37% used [0x0000000080000000,0x0000000091a92598,0x00000000af900000)
 Metaspace       used 74687K, committed 76224K, reserved 1179648K
  class space    used 7722K, committed 8384K, reserved 1048576K
}
Event: 54.803 GC heap after
{Heap after GC invocations=1607 (full 4):
 PSYoungGen      total 4096K, used 1508K [0x00000000d5580000, 0x00000000d5e00000, 0x0000000100000000)
  eden space 2560K, 0% used [0x00000000d5580000,0x00000000d5580000,0x00000000d5800000)
  from space 1536K, 98% used [0x00000000d5880000,0x00000000d59f9010,0x00000000d5a00000)
  to   space 3072K, 0% used [0x00000000d5b00000,0x00000000d5b00000,0x00000000d5e00000)
 ParOldGen       total 779264K, used 290372K [0x0000000080000000, 0x00000000af900000, 0x00000000d5580000)
  object space 779264K, 37% used [0x0000000080000000,0x0000000091b91348,0x00000000af900000)
 Metaspace       used 74687K, committed 76224K, reserved 1179648K
  class space    used 7722K, committed 8384K, reserved 1048576K
}
Event: 54.821 GC heap before
{Heap before GC invocations=1608 (full 4):
 PSYoungGen      total 4096K, used 4036K [0x00000000d5580000, 0x00000000d5e00000, 0x0000000100000000)
  eden space 2560K, 98% used [0x00000000d5580000,0x00000000d57f8380,0x00000000d5800000)
  from space 1536K, 98% used [0x00000000d5880000,0x00000000d59f9010,0x00000000d5a00000)
  to   space 3072K, 0% used [0x00000000d5b00000,0x00000000d5b00000,0x00000000d5e00000)
 ParOldGen       total 779264K, used 290372K [0x0000000080000000, 0x00000000af900000, 0x00000000d5580000)
  object space 779264K, 37% used [0x0000000080000000,0x0000000091b91348,0x00000000af900000)
 Metaspace       used 74689K, committed 76224K, reserved 1179648K
  class space    used 7722K, committed 8384K, reserved 1048576K
}
Event: 54.823 GC heap after
{Heap after GC invocations=1608 (full 4):
 PSYoungGen      total 5120K, used 2242K [0x00000000d5580000, 0x00000000d5d80000, 0x0000000100000000)
  eden space 2560K, 0% used [0x00000000d5580000,0x00000000d5580000,0x00000000d5800000)
  from space 2560K, 87% used [0x00000000d5b00000,0x00000000d5d308d0,0x00000000d5d80000)
  to   space 2560K, 0% used [0x00000000d5880000,0x00000000d5880000,0x00000000d5b00000)
 ParOldGen       total 779264K, used 291770K [0x0000000080000000, 0x00000000af900000, 0x00000000d5580000)
  object space 779264K, 37% used [0x0000000080000000,0x0000000091ceea78,0x00000000af900000)
 Metaspace       used 74689K, committed 76224K, reserved 1179648K
  class space    used 7722K, committed 8384K, reserved 1048576K
}
Event: 54.826 GC heap before
{Heap before GC invocations=1609 (full 4):
 PSYoungGen      total 5120K, used 4802K [0x00000000d5580000, 0x00000000d5d80000, 0x0000000100000000)
  eden space 2560K, 99% used [0x00000000d5580000,0x00000000d57ffff8,0x00000000d5800000)
  from space 2560K, 87% used [0x00000000d5b00000,0x00000000d5d308d0,0x00000000d5d80000)
  to   space 2560K, 0% used [0x00000000d5880000,0x00000000d5880000,0x00000000d5b00000)
 ParOldGen       total 779264K, used 291770K [0x0000000080000000, 0x00000000af900000, 0x00000000d5580000)
  object space 779264K, 37% used [0x0000000080000000,0x0000000091ceea78,0x00000000af900000)
 Metaspace       used 74689K, committed 76224K, reserved 1179648K
  class space    used 7722K, committed 8384K, reserved 1048576K
}
Event: 54.828 GC heap after
{Heap after GC invocations=1609 (full 4):
 PSYoungGen      total 5632K, used 2454K [0x00000000d5580000, 0x00000000d5d80000, 0x0000000100000000)
  eden space 3072K, 0% used [0x00000000d5580000,0x00000000d5580000,0x00000000d5880000)
  from space 2560K, 95% used [0x00000000d5880000,0x00000000d5ae5be0,0x00000000d5b00000)
  to   space 2560K, 0% used [0x00000000d5b00000,0x00000000d5b00000,0x00000000d5d80000)
 ParOldGen       total 779264K, used 293932K [0x0000000080000000, 0x00000000af900000, 0x00000000d5580000)
  object space 779264K, 37% used [0x0000000080000000,0x0000000091f0b368,0x00000000af900000)
 Metaspace       used 74689K, committed 76224K, reserved 1179648K
  class space    used 7722K, committed 8384K, reserved 1048576K
}
Event: 54.832 GC heap before
{Heap before GC invocations=1610 (full 4):
 PSYoungGen      total 5632K, used 5526K [0x00000000d5580000, 0x00000000d5d80000, 0x0000000100000000)
  eden space 3072K, 100% used [0x00000000d5580000,0x00000000d5880000,0x00000000d5880000)
  from space 2560K, 95% used [0x00000000d5880000,0x00000000d5ae5be0,0x00000000d5b00000)
  to   space 2560K, 0% used [0x00000000d5b00000,0x00000000d5b00000,0x00000000d5d80000)
 ParOldGen       total 779264K, used 293932K [0x0000000080000000, 0x00000000af900000, 0x00000000d5580000)
  object space 779264K, 37% used [0x0000000080000000,0x0000000091f0b368,0x00000000af900000)
 Metaspace       used 74689K, committed 76224K, reserved 1179648K
  class space    used 7722K, committed 8384K, reserved 1048576K
}
Event: 54.835 GC heap after
{Heap after GC invocations=1610 (full 4):
 PSYoungGen      total 3072K, used 2560K [0x00000000d5580000, 0x00000000d6480000, 0x0000000100000000)
  eden space 512K, 0% used [0x00000000d5580000,0x00000000d5580000,0x00000000d5600000)
  from space 2560K, 100% used [0x00000000d5b00000,0x00000000d5d80000,0x00000000d5d80000)
  to   space 5120K, 0% used [0x00000000d5600000,0x00000000d5600000,0x00000000d5b00000)
 ParOldGen       total 779264K, used 296349K [0x0000000080000000, 0x00000000af900000, 0x00000000d5580000)
  object space 779264K, 38% used [0x0000000080000000,0x00000000921675b0,0x00000000af900000)
 Metaspace       used 74689K, committed 76224K, reserved 1179648K
  class space    used 7722K, committed 8384K, reserved 1048576K
}
Event: 54.836 GC heap before
{Heap before GC invocations=1611 (full 4):
 PSYoungGen      total 3072K, used 3071K [0x00000000d5580000, 0x00000000d6480000, 0x0000000100000000)
  eden space 512K, 99% used [0x00000000d5580000,0x00000000d55fffe8,0x00000000d5600000)
  from space 2560K, 100% used [0x00000000d5b00000,0x00000000d5d80000,0x00000000d5d80000)
  to   space 5120K, 0% used [0x00000000d5600000,0x00000000d5600000,0x00000000d5b00000)
 ParOldGen       total 779264K, used 296349K [0x0000000080000000, 0x00000000af900000, 0x00000000d5580000)
  object space 779264K, 38% used [0x0000000080000000,0x00000000921675b0,0x00000000af900000)
 Metaspace       used 74689K, committed 76224K, reserved 1179648K
  class space    used 7722K, committed 8384K, reserved 1048576K
}
Event: 54.839 GC heap after
{Heap after GC invocations=1611 (full 4):
 PSYoungGen      total 1536K, used 576K [0x00000000d5580000, 0x00000000d5b80000, 0x0000000100000000)
  eden space 512K, 0% used [0x00000000d5580000,0x00000000d5580000,0x00000000d5600000)
  from space 1024K, 56% used [0x00000000d5600000,0x00000000d5690000,0x00000000d5700000)
  to   space 2560K, 0% used [0x00000000d5900000,0x00000000d5900000,0x00000000d5b80000)
 ParOldGen       total 779264K, used 298911K [0x0000000080000000, 0x00000000af900000, 0x00000000d5580000)
  object space 779264K, 38% used [0x0000000080000000,0x00000000923e7e18,0x00000000af900000)
 Metaspace       used 74689K, committed 76224K, reserved 1179648K
  class space    used 7722K, committed 8384K, reserved 1048576K
}
Event: 54.840 GC heap before
{Heap before GC invocations=1612 (full 4):
 PSYoungGen      total 1536K, used 1088K [0x00000000d5580000, 0x00000000d5b80000, 0x0000000100000000)
  eden space 512K, 100% used [0x00000000d5580000,0x00000000d5600000,0x00000000d5600000)
  from space 1024K, 56% used [0x00000000d5600000,0x00000000d5690000,0x00000000d5700000)
  to   space 2560K, 0% used [0x00000000d5900000,0x00000000d5900000,0x00000000d5b80000)
 ParOldGen       total 779264K, used 298911K [0x0000000080000000, 0x00000000af900000, 0x00000000d5580000)
  object space 779264K, 38% used [0x0000000080000000,0x00000000923e7e18,0x00000000af900000)
 Metaspace       used 74689K, committed 76224K, reserved 1179648K
  class space    used 7722K, committed 8384K, reserved 1048576K
}
Event: 54.842 GC heap after
{Heap after GC invocations=1612 (full 4):
 PSYoungGen      total 2048K, used 544K [0x00000000d5580000, 0x00000000d5a00000, 0x0000000100000000)
  eden space 1024K, 0% used [0x00000000d5580000,0x00000000d5580000,0x00000000d5680000)
  from space 1024K, 53% used [0x00000000d5900000,0x00000000d5988000,0x00000000d5a00000)
  to   space 1024K, 0% used [0x00000000d5800000,0x00000000d5800000,0x00000000d5900000)
 ParOldGen       total 779264K, used 299303K [0x0000000080000000, 0x00000000af900000, 0x00000000d5580000)
  object space 779264K, 38% used [0x0000000080000000,0x0000000092449e18,0x00000000af900000)
 Metaspace       used 74689K, committed 76224K, reserved 1179648K
  class space    used 7722K, committed 8384K, reserved 1048576K
}
Event: 54.844 GC heap before
{Heap before GC invocations=1613 (full 4):
 PSYoungGen      total 2048K, used 1568K [0x00000000d5580000, 0x00000000d5a00000, 0x0000000100000000)
  eden space 1024K, 100% used [0x00000000d5580000,0x00000000d5680000,0x00000000d5680000)
  from space 1024K, 53% used [0x00000000d5900000,0x00000000d5988000,0x00000000d5a00000)
  to   space 1024K, 0% used [0x00000000d5800000,0x00000000d5800000,0x00000000d5900000)
 ParOldGen       total 779264K, used 299303K [0x0000000080000000, 0x00000000af900000, 0x00000000d5580000)
  object space 779264K, 38% used [0x0000000080000000,0x0000000092449e18,0x00000000af900000)
 Metaspace       used 74689K, committed 76224K, reserved 1179648K
  class space    used 7722K, committed 8384K, reserved 1048576K
}
Event: 54.846 GC heap after
{Heap after GC invocations=1613 (full 4):
 PSYoungGen      total 2560K, used 928K [0x00000000d5580000, 0x00000000d5980000, 0x0000000100000000)
  eden space 1536K, 0% used [0x00000000d5580000,0x00000000d5580000,0x00000000d5700000)
  from space 1024K, 90% used [0x00000000d5800000,0x00000000d58e8000,0x00000000d5900000)
  to   space 512K, 0% used [0x00000000d5900000,0x00000000d5900000,0x00000000d5980000)
 ParOldGen       total 779264K, used 299678K [0x0000000080000000, 0x00000000af900000, 0x00000000d5580000)
  object space 779264K, 38% used [0x0000000080000000,0x00000000924a7908,0x00000000af900000)
 Metaspace       used 74689K, committed 76224K, reserved 1179648K
  class space    used 7722K, committed 8384K, reserved 1048576K
}
Event: 323.722 GC heap before
{Heap before GC invocations=1614 (full 4):
 PSYoungGen      total 2560K, used 2463K [0x00000000d5580000, 0x00000000d5980000, 0x0000000100000000)
  eden space 1536K, 99% used [0x00000000d5580000,0x00000000d56fff08,0x00000000d5700000)
  from space 1024K, 90% used [0x00000000d5800000,0x00000000d58e8000,0x00000000d5900000)
  to   space 512K, 0% used [0x00000000d5900000,0x00000000d5900000,0x00000000d5980000)
 ParOldGen       total 779264K, used 299678K [0x0000000080000000, 0x00000000af900000, 0x00000000d5580000)
  object space 779264K, 38% used [0x0000000080000000,0x00000000924a7908,0x00000000af900000)
 Metaspace       used 74726K, committed 76288K, reserved 1179648K
  class space    used 7724K, committed 8384K, reserved 1048576K
}
Event: 323.728 GC heap after
{Heap after GC invocations=1614 (full 4):
 PSYoungGen      total 2048K, used 512K [0x00000000d5580000, 0x00000000d5b80000, 0x0000000100000000)
  eden space 1536K, 0% used [0x00000000d5580000,0x00000000d5580000,0x00000000d5700000)
  from space 512K, 100% used [0x00000000d5900000,0x00000000d5980000,0x00000000d5980000)
  to   space 2048K, 0% used [0x00000000d5700000,0x00000000d5700000,0x00000000d5900000)
 ParOldGen       total 779264K, used 301006K [0x0000000080000000, 0x00000000af900000, 0x00000000d5580000)
  object space 779264K, 38% used [0x0000000080000000,0x00000000925f3908,0x00000000af900000)
 Metaspace       used 74726K, committed 76288K, reserved 1179648K
  class space    used 7724K, committed 8384K, reserved 1048576K
}

