{"C:\\All Projects\\Smart-Waste-Management-System\\smartwastefrontend\\src\\App.jsx": {"path":"C:\\All Projects\\Smart-Waste-Management-System\\smartwastefrontend\\src\\App.jsx","statementMap":{"0":{"start":{"line":35,"column":19},"end":{"line":35,"column":32}},"1":{"start":{"line":39,"column":4},"end":{"line":42,"column":46}},"2":{"start":{"line":44,"column":2},"end":{"line":54,"column":4}},"3":{"start":{"line":64,"column":2},"end":{"line":212,"column":4}}},"fnMap":{"0":{"name":"Layout","decl":{"start":{"line":34,"column":9},"end":{"line":34,"column":15}},"loc":{"start":{"line":34,"column":30},"end":{"line":55,"column":1}},"line":34},"1":{"name":"App","decl":{"start":{"line":63,"column":9},"end":{"line":63,"column":12}},"loc":{"start":{"line":63,"column":15},"end":{"line":213,"column":1}},"line":63}},"branchMap":{"0":{"loc":{"start":{"line":39,"column":4},"end":{"line":42,"column":46}},"type":"binary-expr","locations":[{"start":{"line":39,"column":4},"end":{"line":39,"column":43}},{"start":{"line":40,"column":4},"end":{"line":40,"column":46}},{"start":{"line":41,"column":4},"end":{"line":41,"column":44}},{"start":{"line":42,"column":4},"end":{"line":42,"column":46}}],"line":39},"1":{"loc":{"start":{"line":47,"column":7},"end":{"line":47,"column":38}},"type":"binary-expr","locations":[{"start":{"line":47,"column":7},"end":{"line":47,"column":24}},{"start":{"line":47,"column":28},"end":{"line":47,"column":38}}],"line":47},"2":{"loc":{"start":{"line":52,"column":7},"end":{"line":52,"column":38}},"type":"binary-expr","locations":[{"start":{"line":52,"column":7},"end":{"line":52,"column":24}},{"start":{"line":52,"column":28},"end":{"line":52,"column":38}}],"line":52}},"s":{"0":3,"1":3,"2":3,"3":3},"f":{"0":3,"1":3},"b":{"0":[3,0,0,0],"1":[3,0],"2":[3,0]},"_coverageSchema":"1a1c01bbd47fc00a2c39e90264f33305004495a9","hash":"9145199c991c5fc93f1db809df84b74bafc2a791"}
,"C:\\All Projects\\Smart-Waste-Management-System\\smartwastefrontend\\src\\components\\admin\\AdminPickupDashboard.jsx": {"path":"C:\\All Projects\\Smart-Waste-Management-System\\smartwastefrontend\\src\\components\\admin\\AdminPickupDashboard.jsx","statementMap":{"0":{"start":{"line":4,"column":29},"end":{"line":366,"column":1}},"1":{"start":{"line":5,"column":28},"end":{"line":5,"column":42}},"2":{"start":{"line":6,"column":34},"end":{"line":6,"column":46}},"3":{"start":{"line":7,"column":32},"end":{"line":7,"column":46}},"4":{"start":{"line":8,"column":28},"end":{"line":8,"column":42}},"5":{"start":{"line":9,"column":30},"end":{"line":9,"column":45}},"6":{"start":{"line":10,"column":48},"end":{"line":10,"column":62}},"7":{"start":{"line":12,"column":2},"end":{"line":14,"column":9}},"8":{"start":{"line":13,"column":4},"end":{"line":13,"column":16}},"9":{"start":{"line":16,"column":20},"end":{"line":32,"column":3}},"10":{"start":{"line":17,"column":4},"end":{"line":31,"column":5}},"11":{"start":{"line":18,"column":6},"end":{"line":18,"column":23}},"12":{"start":{"line":19,"column":40},"end":{"line":22,"column":8}},"13":{"start":{"line":24,"column":6},"end":{"line":24,"column":26}},"14":{"start":{"line":25,"column":6},"end":{"line":25,"column":32}},"15":{"start":{"line":27,"column":6},"end":{"line":27,"column":39}},"16":{"start":{"line":28,"column":6},"end":{"line":28,"column":49}},"17":{"start":{"line":30,"column":6},"end":{"line":30,"column":24}},"18":{"start":{"line":34,"column":30},"end":{"line":42,"column":3}},"19":{"start":{"line":35,"column":4},"end":{"line":41,"column":5}},"20":{"start":{"line":36,"column":6},"end":{"line":36,"column":76}},"21":{"start":{"line":37,"column":6},"end":{"line":37,"column":18}},"22":{"start":{"line":38,"column":6},"end":{"line":38,"column":31}},"23":{"start":{"line":40,"column":6},"end":{"line":40,"column":52}},"24":{"start":{"line":44,"column":27},"end":{"line":47,"column":4}},"25":{"start":{"line":45,"column":4},"end":{"line":45,"column":38}},"26":{"start":{"line":45,"column":26},"end":{"line":45,"column":38}},"27":{"start":{"line":46,"column":4},"end":{"line":46,"column":37}},"28":{"start":{"line":49,"column":25},"end":{"line":61,"column":3}},"29":{"start":{"line":50,"column":19},"end":{"line":59,"column":5}},"30":{"start":{"line":60,"column":4},"end":{"line":60,"column":57}},"31":{"start":{"line":63,"column":21},"end":{"line":71,"column":3}},"32":{"start":{"line":64,"column":4},"end":{"line":70,"column":7}},"33":{"start":{"line":73,"column":2},"end":{"line":79,"column":3}},"34":{"start":{"line":74,"column":4},"end":{"line":78,"column":6}},"35":{"start":{"line":81,"column":2},"end":{"line":87,"column":3}},"36":{"start":{"line":82,"column":4},"end":{"line":86,"column":6}},"37":{"start":{"line":89,"column":2},"end":{"line":365,"column":4}},"38":{"start":{"line":260,"column":31},"end":{"line":260,"column":56}},"39":{"start":{"line":282,"column":16},"end":{"line":349,"column":22}},"40":{"start":{"line":285,"column":33},"end":{"line":285,"column":60}},"41":{"start":{"line":340,"column":26},"end":{"line":340,"column":46}},"42":{"start":{"line":341,"column":26},"end":{"line":341,"column":54}},"43":{"start":{"line":360,"column":25},"end":{"line":360,"column":49}},"44":{"start":{"line":369,"column":31},"end":{"line":652,"column":1}},"45":{"start":{"line":370,"column":38},"end":{"line":378,"column":4}},"46":{"start":{"line":380,"column":23},"end":{"line":388,"column":3}},"47":{"start":{"line":381,"column":26},"end":{"line":386,"column":5}},"48":{"start":{"line":387,"column":4},"end":{"line":387,"column":47}},"49":{"start":{"line":390,"column":21},"end":{"line":398,"column":3}},"50":{"start":{"line":391,"column":4},"end":{"line":397,"column":7}},"51":{"start":{"line":400,"column":2},"end":{"line":651,"column":4}},"52":{"start":{"line":541,"column":22},"end":{"line":544,"column":25}},"53":{"start":{"line":541,"column":47},"end":{"line":544,"column":23}},"54":{"start":{"line":567,"column":22},"end":{"line":570,"column":25}},"55":{"start":{"line":567,"column":47},"end":{"line":570,"column":23}},"56":{"start":{"line":584,"column":22},"end":{"line":587,"column":25}},"57":{"start":{"line":584,"column":47},"end":{"line":587,"column":23}},"58":{"start":{"line":602,"column":22},"end":{"line":605,"column":25}},"59":{"start":{"line":602,"column":47},"end":{"line":605,"column":23}},"60":{"start":{"line":619,"column":22},"end":{"line":622,"column":25}},"61":{"start":{"line":619,"column":47},"end":{"line":622,"column":23}}},"fnMap":{"0":{"name":"(anonymous_0)","decl":{"start":{"line":4,"column":29},"end":{"line":4,"column":30}},"loc":{"start":{"line":4,"column":35},"end":{"line":366,"column":1}},"line":4},"1":{"name":"(anonymous_1)","decl":{"start":{"line":12,"column":12},"end":{"line":12,"column":13}},"loc":{"start":{"line":12,"column":18},"end":{"line":14,"column":3}},"line":12},"2":{"name":"(anonymous_2)","decl":{"start":{"line":16,"column":20},"end":{"line":16,"column":21}},"loc":{"start":{"line":16,"column":32},"end":{"line":32,"column":3}},"line":16},"3":{"name":"(anonymous_3)","decl":{"start":{"line":34,"column":30},"end":{"line":34,"column":31}},"loc":{"start":{"line":34,"column":63},"end":{"line":42,"column":3}},"line":34},"4":{"name":"(anonymous_4)","decl":{"start":{"line":44,"column":43},"end":{"line":44,"column":44}},"loc":{"start":{"line":44,"column":56},"end":{"line":47,"column":3}},"line":44},"5":{"name":"(anonymous_5)","decl":{"start":{"line":49,"column":25},"end":{"line":49,"column":26}},"loc":{"start":{"line":49,"column":37},"end":{"line":61,"column":3}},"line":49},"6":{"name":"(anonymous_6)","decl":{"start":{"line":63,"column":21},"end":{"line":63,"column":22}},"loc":{"start":{"line":63,"column":37},"end":{"line":71,"column":3}},"line":63},"7":{"name":"(anonymous_7)","decl":{"start":{"line":260,"column":24},"end":{"line":260,"column":25}},"loc":{"start":{"line":260,"column":31},"end":{"line":260,"column":56}},"line":260},"8":{"name":"(anonymous_8)","decl":{"start":{"line":281,"column":36},"end":{"line":281,"column":37}},"loc":{"start":{"line":282,"column":16},"end":{"line":349,"column":22}},"line":282},"9":{"name":"(anonymous_9)","decl":{"start":{"line":285,"column":27},"end":{"line":285,"column":28}},"loc":{"start":{"line":285,"column":33},"end":{"line":285,"column":60}},"line":285},"10":{"name":"(anonymous_10)","decl":{"start":{"line":339,"column":33},"end":{"line":339,"column":34}},"loc":{"start":{"line":339,"column":40},"end":{"line":342,"column":25}},"line":339},"11":{"name":"(anonymous_11)","decl":{"start":{"line":360,"column":19},"end":{"line":360,"column":20}},"loc":{"start":{"line":360,"column":25},"end":{"line":360,"column":49}},"line":360},"12":{"name":"(anonymous_12)","decl":{"start":{"line":369,"column":31},"end":{"line":369,"column":32}},"loc":{"start":{"line":369,"column":67},"end":{"line":652,"column":1}},"line":369},"13":{"name":"(anonymous_13)","decl":{"start":{"line":380,"column":23},"end":{"line":380,"column":24}},"loc":{"start":{"line":380,"column":29},"end":{"line":388,"column":3}},"line":380},"14":{"name":"(anonymous_14)","decl":{"start":{"line":390,"column":21},"end":{"line":390,"column":22}},"loc":{"start":{"line":390,"column":37},"end":{"line":398,"column":3}},"line":390},"15":{"name":"(anonymous_15)","decl":{"start":{"line":540,"column":30},"end":{"line":540,"column":31}},"loc":{"start":{"line":541,"column":22},"end":{"line":544,"column":25}},"line":541},"16":{"name":"(anonymous_16)","decl":{"start":{"line":541,"column":36},"end":{"line":541,"column":37}},"loc":{"start":{"line":541,"column":47},"end":{"line":544,"column":23}},"line":541},"17":{"name":"(anonymous_17)","decl":{"start":{"line":566,"column":30},"end":{"line":566,"column":31}},"loc":{"start":{"line":567,"column":22},"end":{"line":570,"column":25}},"line":567},"18":{"name":"(anonymous_18)","decl":{"start":{"line":567,"column":36},"end":{"line":567,"column":37}},"loc":{"start":{"line":567,"column":47},"end":{"line":570,"column":23}},"line":567},"19":{"name":"(anonymous_19)","decl":{"start":{"line":583,"column":30},"end":{"line":583,"column":31}},"loc":{"start":{"line":584,"column":22},"end":{"line":587,"column":25}},"line":584},"20":{"name":"(anonymous_20)","decl":{"start":{"line":584,"column":36},"end":{"line":584,"column":37}},"loc":{"start":{"line":584,"column":47},"end":{"line":587,"column":23}},"line":584},"21":{"name":"(anonymous_21)","decl":{"start":{"line":601,"column":30},"end":{"line":601,"column":31}},"loc":{"start":{"line":602,"column":22},"end":{"line":605,"column":25}},"line":602},"22":{"name":"(anonymous_22)","decl":{"start":{"line":602,"column":36},"end":{"line":602,"column":37}},"loc":{"start":{"line":602,"column":47},"end":{"line":605,"column":23}},"line":602},"23":{"name":"(anonymous_23)","decl":{"start":{"line":618,"column":30},"end":{"line":618,"column":31}},"loc":{"start":{"line":619,"column":22},"end":{"line":622,"column":25}},"line":619},"24":{"name":"(anonymous_24)","decl":{"start":{"line":619,"column":36},"end":{"line":619,"column":37}},"loc":{"start":{"line":619,"column":47},"end":{"line":622,"column":23}},"line":619}},"branchMap":{"0":{"loc":{"start":{"line":45,"column":4},"end":{"line":45,"column":38}},"type":"if","locations":[{"start":{"line":45,"column":4},"end":{"line":45,"column":38}},{"start":{},"end":{}}],"line":45},"1":{"loc":{"start":{"line":60,"column":11},"end":{"line":60,"column":56}},"type":"binary-expr","locations":[{"start":{"line":60,"column":11},"end":{"line":60,"column":25}},{"start":{"line":60,"column":29},"end":{"line":60,"column":56}}],"line":60},"2":{"loc":{"start":{"line":73,"column":2},"end":{"line":79,"column":3}},"type":"if","locations":[{"start":{"line":73,"column":2},"end":{"line":79,"column":3}},{"start":{},"end":{}}],"line":73},"3":{"loc":{"start":{"line":81,"column":2},"end":{"line":87,"column":3}},"type":"if","locations":[{"start":{"line":81,"column":2},"end":{"line":87,"column":3}},{"start":{},"end":{}}],"line":81},"4":{"loc":{"start":{"line":105,"column":7},"end":{"line":217,"column":7}},"type":"binary-expr","locations":[{"start":{"line":105,"column":7},"end":{"line":105,"column":12}},{"start":{"line":106,"column":8},"end":{"line":216,"column":14}}],"line":105},"5":{"loc":{"start":{"line":220,"column":7},"end":{"line":249,"column":7}},"type":"binary-expr","locations":[{"start":{"line":220,"column":7},"end":{"line":220,"column":12}},{"start":{"line":221,"column":8},"end":{"line":248,"column":14}}],"line":220},"6":{"loc":{"start":{"line":275,"column":11},"end":{"line":352,"column":11}},"type":"cond-expr","locations":[{"start":{"line":276,"column":12},"end":{"line":278,"column":18}},{"start":{"line":280,"column":12},"end":{"line":351,"column":18}}],"line":275},"7":{"loc":{"start":{"line":327,"column":25},"end":{"line":333,"column":25}},"type":"binary-expr","locations":[{"start":{"line":327,"column":25},"end":{"line":327,"column":50}},{"start":{"line":328,"column":26},"end":{"line":332,"column":29}}],"line":327},"8":{"loc":{"start":{"line":357,"column":7},"end":{"line":363,"column":7}},"type":"binary-expr","locations":[{"start":{"line":357,"column":7},"end":{"line":357,"column":22}},{"start":{"line":358,"column":8},"end":{"line":362,"column":10}}],"line":357},"9":{"loc":{"start":{"line":372,"column":22},"end":{"line":372,"column":52}},"type":"binary-expr","locations":[{"start":{"line":372,"column":22},"end":{"line":372,"column":46}},{"start":{"line":372,"column":50},"end":{"line":372,"column":52}}],"line":372},"10":{"loc":{"start":{"line":373,"column":24},"end":{"line":373,"column":56}},"type":"binary-expr","locations":[{"start":{"line":373,"column":24},"end":{"line":373,"column":50}},{"start":{"line":373,"column":54},"end":{"line":373,"column":56}}],"line":373},"11":{"loc":{"start":{"line":374,"column":16},"end":{"line":374,"column":40}},"type":"binary-expr","locations":[{"start":{"line":374,"column":16},"end":{"line":374,"column":34}},{"start":{"line":374,"column":38},"end":{"line":374,"column":40}}],"line":374},"12":{"loc":{"start":{"line":375,"column":23},"end":{"line":377,"column":10}},"type":"cond-expr","locations":[{"start":{"line":376,"column":8},"end":{"line":376,"column":70}},{"start":{"line":377,"column":8},"end":{"line":377,"column":10}}],"line":375},"13":{"loc":{"start":{"line":383,"column":25},"end":{"line":385,"column":14}},"type":"cond-expr","locations":[{"start":{"line":384,"column":10},"end":{"line":384,"column":48}},{"start":{"line":385,"column":10},"end":{"line":385,"column":14}}],"line":383},"14":{"loc":{"start":{"line":490,"column":17},"end":{"line":495,"column":17}},"type":"binary-expr","locations":[{"start":{"line":490,"column":17},"end":{"line":490,"column":39}},{"start":{"line":491,"column":18},"end":{"line":494,"column":24}}],"line":490},"15":{"loc":{"start":{"line":510,"column":17},"end":{"line":515,"column":17}},"type":"binary-expr","locations":[{"start":{"line":510,"column":17},"end":{"line":510,"column":40}},{"start":{"line":511,"column":18},"end":{"line":514,"column":24}}],"line":510},"16":{"loc":{"start":{"line":516,"column":17},"end":{"line":523,"column":17}},"type":"binary-expr","locations":[{"start":{"line":516,"column":17},"end":{"line":516,"column":44}},{"start":{"line":517,"column":18},"end":{"line":522,"column":24}}],"line":516}},"s":{"0":1,"1":0,"2":0,"3":0,"4":0,"5":0,"6":0,"7":0,"8":0,"9":0,"10":0,"11":0,"12":0,"13":0,"14":0,"15":0,"16":0,"17":0,"18":0,"19":0,"20":0,"21":0,"22":0,"23":0,"24":0,"25":0,"26":0,"27":0,"28":0,"29":0,"30":0,"31":0,"32":0,"33":0,"34":0,"35":0,"36":0,"37":0,"38":0,"39":0,"40":0,"41":0,"42":0,"43":0,"44":1,"45":0,"46":0,"47":0,"48":0,"49":0,"50":0,"51":0,"52":0,"53":0,"54":0,"55":0,"56":0,"57":0,"58":0,"59":0,"60":0,"61":0},"f":{"0":0,"1":0,"2":0,"3":0,"4":0,"5":0,"6":0,"7":0,"8":0,"9":0,"10":0,"11":0,"12":0,"13":0,"14":0,"15":0,"16":0,"17":0,"18":0,"19":0,"20":0,"21":0,"22":0,"23":0,"24":0},"b":{"0":[0,0],"1":[0,0],"2":[0,0],"3":[0,0],"4":[0,0],"5":[0,0],"6":[0,0],"7":[0,0],"8":[0,0],"9":[0,0],"10":[0,0],"11":[0,0],"12":[0,0],"13":[0,0],"14":[0,0],"15":[0,0],"16":[0,0]},"_coverageSchema":"1a1c01bbd47fc00a2c39e90264f33305004495a9","hash":"63d87d5fa1a72f61dbe93c30a822c7afdf04e404"}
,"C:\\All Projects\\Smart-Waste-Management-System\\smartwastefrontend\\src\\components\\auth\\AuthComponents.jsx": {"path":"C:\\All Projects\\Smart-Waste-Management-System\\smartwastefrontend\\src\\components\\auth\\AuthComponents.jsx","statementMap":{"0":{"start":{"line":3,"column":21},"end":{"line":21,"column":1}},"1":{"start":{"line":4,"column":2},"end":{"line":20,"column":8}},"2":{"start":{"line":17,"column":22},"end":{"line":17,"column":83}},"3":{"start":{"line":18,"column":21},"end":{"line":18,"column":50}},"4":{"start":{"line":23,"column":22},"end":{"line":87,"column":1}},"5":{"start":{"line":24,"column":27},"end":{"line":47,"column":3}},"6":{"start":{"line":25,"column":4},"end":{"line":46,"column":5}},"7":{"start":{"line":27,"column":8},"end":{"line":31,"column":10}},"8":{"start":{"line":33,"column":8},"end":{"line":37,"column":10}},"9":{"start":{"line":39,"column":8},"end":{"line":43,"column":10}},"10":{"start":{"line":45,"column":8},"end":{"line":45,"column":18}},"11":{"start":{"line":49,"column":24},"end":{"line":60,"column":3}},"12":{"start":{"line":50,"column":4},"end":{"line":59,"column":5}},"13":{"start":{"line":52,"column":8},"end":{"line":52,"column":25}},"14":{"start":{"line":54,"column":8},"end":{"line":54,"column":25}},"15":{"start":{"line":56,"column":8},"end":{"line":56,"column":27}},"16":{"start":{"line":58,"column":8},"end":{"line":58,"column":18}},"17":{"start":{"line":62,"column":2},"end":{"line":86,"column":4}},"18":{"start":{"line":70,"column":8},"end":{"line":76,"column":9}},"19":{"start":{"line":71,"column":10},"end":{"line":75,"column":11}},"20":{"start":{"line":72,"column":12},"end":{"line":72,"column":75}},"21":{"start":{"line":74,"column":12},"end":{"line":74,"column":75}},"22":{"start":{"line":79,"column":8},"end":{"line":81,"column":9}},"23":{"start":{"line":80,"column":10},"end":{"line":80,"column":132}},"24":{"start":{"line":89,"column":32},"end":{"line":123,"column":1}},"25":{"start":{"line":90,"column":20},"end":{"line":90,"column":63}},"26":{"start":{"line":92,"column":2},"end":{"line":122,"column":4}},"27":{"start":{"line":96,"column":10},"end":{"line":118,"column":19}},"28":{"start":{"line":99,"column":27},"end":{"line":99,"column":45}},"29":{"start":{"line":107,"column":14},"end":{"line":109,"column":15}},"30":{"start":{"line":108,"column":16},"end":{"line":108,"column":66}},"31":{"start":{"line":112,"column":14},"end":{"line":114,"column":15}},"32":{"start":{"line":113,"column":16},"end":{"line":113,"column":66}},"33":{"start":{"line":125,"column":26},"end":{"line":141,"column":1}},"34":{"start":{"line":126,"column":2},"end":{"line":140,"column":8}}},"fnMap":{"0":{"name":"(anonymous_0)","decl":{"start":{"line":3,"column":21},"end":{"line":3,"column":22}},"loc":{"start":{"line":4,"column":2},"end":{"line":20,"column":8}},"line":4},"1":{"name":"(anonymous_1)","decl":{"start":{"line":17,"column":15},"end":{"line":17,"column":16}},"loc":{"start":{"line":17,"column":22},"end":{"line":17,"column":83}},"line":17},"2":{"name":"(anonymous_2)","decl":{"start":{"line":18,"column":14},"end":{"line":18,"column":15}},"loc":{"start":{"line":18,"column":21},"end":{"line":18,"column":50}},"line":18},"3":{"name":"(anonymous_3)","decl":{"start":{"line":23,"column":22},"end":{"line":23,"column":23}},"loc":{"start":{"line":23,"column":121},"end":{"line":87,"column":1}},"line":23},"4":{"name":"(anonymous_4)","decl":{"start":{"line":24,"column":27},"end":{"line":24,"column":28}},"loc":{"start":{"line":24,"column":40},"end":{"line":47,"column":3}},"line":24},"5":{"name":"(anonymous_5)","decl":{"start":{"line":49,"column":24},"end":{"line":49,"column":25}},"loc":{"start":{"line":49,"column":37},"end":{"line":60,"column":3}},"line":49},"6":{"name":"(anonymous_6)","decl":{"start":{"line":69,"column":20},"end":{"line":69,"column":21}},"loc":{"start":{"line":69,"column":27},"end":{"line":77,"column":7}},"line":69},"7":{"name":"(anonymous_7)","decl":{"start":{"line":78,"column":20},"end":{"line":78,"column":21}},"loc":{"start":{"line":78,"column":27},"end":{"line":82,"column":7}},"line":78},"8":{"name":"(anonymous_8)","decl":{"start":{"line":89,"column":32},"end":{"line":89,"column":33}},"loc":{"start":{"line":89,"column":68},"end":{"line":123,"column":1}},"line":89},"9":{"name":"(anonymous_9)","decl":{"start":{"line":95,"column":23},"end":{"line":95,"column":24}},"loc":{"start":{"line":96,"column":10},"end":{"line":118,"column":19}},"line":96},"10":{"name":"(anonymous_10)","decl":{"start":{"line":99,"column":21},"end":{"line":99,"column":22}},"loc":{"start":{"line":99,"column":27},"end":{"line":99,"column":45}},"line":99},"11":{"name":"(anonymous_11)","decl":{"start":{"line":106,"column":26},"end":{"line":106,"column":27}},"loc":{"start":{"line":106,"column":33},"end":{"line":110,"column":13}},"line":106},"12":{"name":"(anonymous_12)","decl":{"start":{"line":111,"column":26},"end":{"line":111,"column":27}},"loc":{"start":{"line":111,"column":33},"end":{"line":115,"column":13}},"line":111},"13":{"name":"(anonymous_13)","decl":{"start":{"line":125,"column":26},"end":{"line":125,"column":27}},"loc":{"start":{"line":126,"column":2},"end":{"line":140,"column":8}},"line":126}},"branchMap":{"0":{"loc":{"start":{"line":3,"column":31},"end":{"line":3,"column":44}},"type":"default-arg","locations":[{"start":{"line":3,"column":38},"end":{"line":3,"column":44}}],"line":3},"1":{"loc":{"start":{"line":23,"column":25},"end":{"line":23,"column":40}},"type":"default-arg","locations":[{"start":{"line":23,"column":32},"end":{"line":23,"column":40}}],"line":23},"2":{"loc":{"start":{"line":23,"column":61},"end":{"line":23,"column":80}},"type":"default-arg","locations":[{"start":{"line":23,"column":71},"end":{"line":23,"column":80}}],"line":23},"3":{"loc":{"start":{"line":23,"column":82},"end":{"line":23,"column":96}},"type":"default-arg","locations":[{"start":{"line":23,"column":94},"end":{"line":23,"column":96}}],"line":23},"4":{"loc":{"start":{"line":23,"column":98},"end":{"line":23,"column":114}},"type":"default-arg","locations":[{"start":{"line":23,"column":109},"end":{"line":23,"column":114}}],"line":23},"5":{"loc":{"start":{"line":25,"column":4},"end":{"line":46,"column":5}},"type":"switch","locations":[{"start":{"line":26,"column":6},"end":{"line":31,"column":10}},{"start":{"line":32,"column":6},"end":{"line":37,"column":10}},{"start":{"line":38,"column":6},"end":{"line":43,"column":10}},{"start":{"line":44,"column":6},"end":{"line":45,"column":18}}],"line":25},"6":{"loc":{"start":{"line":50,"column":4},"end":{"line":59,"column":5}},"type":"switch","locations":[{"start":{"line":51,"column":6},"end":{"line":52,"column":25}},{"start":{"line":53,"column":6},"end":{"line":54,"column":25}},{"start":{"line":55,"column":6},"end":{"line":56,"column":27}},{"start":{"line":57,"column":6},"end":{"line":58,"column":18}}],"line":50},"7":{"loc":{"start":{"line":70,"column":8},"end":{"line":76,"column":9}},"type":"if","locations":[{"start":{"line":70,"column":8},"end":{"line":76,"column":9}},{"start":{},"end":{}}],"line":70},"8":{"loc":{"start":{"line":71,"column":10},"end":{"line":75,"column":11}},"type":"if","locations":[{"start":{"line":71,"column":10},"end":{"line":75,"column":11}},{"start":{"line":73,"column":17},"end":{"line":75,"column":11}}],"line":71},"9":{"loc":{"start":{"line":79,"column":8},"end":{"line":81,"column":9}},"type":"if","locations":[{"start":{"line":79,"column":8},"end":{"line":81,"column":9}},{"start":{},"end":{}}],"line":79},"10":{"loc":{"start":{"line":80,"column":50},"end":{"line":80,"column":131}},"type":"cond-expr","locations":[{"start":{"line":80,"column":74},"end":{"line":80,"column":87}},{"start":{"line":80,"column":90},"end":{"line":80,"column":131}}],"line":80},"11":{"loc":{"start":{"line":102,"column":14},"end":{"line":104,"column":66}},"type":"cond-expr","locations":[{"start":{"line":103,"column":18},"end":{"line":103,"column":64}},{"start":{"line":104,"column":18},"end":{"line":104,"column":66}}],"line":102},"12":{"loc":{"start":{"line":107,"column":14},"end":{"line":109,"column":15}},"type":"if","locations":[{"start":{"line":107,"column":14},"end":{"line":109,"column":15}},{"start":{},"end":{}}],"line":107},"13":{"loc":{"start":{"line":112,"column":14},"end":{"line":114,"column":15}},"type":"if","locations":[{"start":{"line":112,"column":14},"end":{"line":114,"column":15}},{"start":{},"end":{}}],"line":112}},"s":{"0":1,"1":0,"2":0,"3":0,"4":1,"5":0,"6":0,"7":0,"8":0,"9":0,"10":0,"11":0,"12":0,"13":0,"14":0,"15":0,"16":0,"17":0,"18":0,"19":0,"20":0,"21":0,"22":0,"23":0,"24":1,"25":0,"26":0,"27":0,"28":0,"29":0,"30":0,"31":0,"32":0,"33":1,"34":0},"f":{"0":0,"1":0,"2":0,"3":0,"4":0,"5":0,"6":0,"7":0,"8":0,"9":0,"10":0,"11":0,"12":0,"13":0},"b":{"0":[0],"1":[0],"2":[0],"3":[0],"4":[0],"5":[0,0,0,0],"6":[0,0,0,0],"7":[0,0],"8":[0,0],"9":[0,0],"10":[0,0],"11":[0,0],"12":[0,0],"13":[0,0]},"_coverageSchema":"1a1c01bbd47fc00a2c39e90264f33305004495a9","hash":"de9acff312b1a70878a15fbe21052da9961b6706"}
,"C:\\All Projects\\Smart-Waste-Management-System\\smartwastefrontend\\src\\components\\auth\\ProtectedRoute.jsx": {"path":"C:\\All Projects\\Smart-Waste-Management-System\\smartwastefrontend\\src\\components\\auth\\ProtectedRoute.jsx","statementMap":{"0":{"start":{"line":9,"column":23},"end":{"line":23,"column":1}},"1":{"start":{"line":10,"column":36},"end":{"line":10,"column":45}},"2":{"start":{"line":13,"column":2},"end":{"line":15,"column":3}},"3":{"start":{"line":14,"column":4},"end":{"line":14,"column":45}},"4":{"start":{"line":18,"column":2},"end":{"line":20,"column":3}},"5":{"start":{"line":19,"column":4},"end":{"line":19,"column":39}},"6":{"start":{"line":22,"column":2},"end":{"line":22,"column":18}}},"fnMap":{"0":{"name":"(anonymous_0)","decl":{"start":{"line":9,"column":23},"end":{"line":9,"column":24}},"loc":{"start":{"line":9,"column":62},"end":{"line":23,"column":1}},"line":9}},"branchMap":{"0":{"loc":{"start":{"line":9,"column":36},"end":{"line":9,"column":55}},"type":"default-arg","locations":[{"start":{"line":9,"column":51},"end":{"line":9,"column":55}}],"line":9},"1":{"loc":{"start":{"line":13,"column":2},"end":{"line":15,"column":3}},"type":"if","locations":[{"start":{"line":13,"column":2},"end":{"line":15,"column":3}},{"start":{},"end":{}}],"line":13},"2":{"loc":{"start":{"line":18,"column":2},"end":{"line":20,"column":3}},"type":"if","locations":[{"start":{"line":18,"column":2},"end":{"line":20,"column":3}},{"start":{},"end":{}}],"line":18},"3":{"loc":{"start":{"line":18,"column":6},"end":{"line":18,"column":56}},"type":"binary-expr","locations":[{"start":{"line":18,"column":6},"end":{"line":18,"column":18}},{"start":{"line":18,"column":22},"end":{"line":18,"column":56}}],"line":18}},"s":{"0":1,"1":0,"2":0,"3":0,"4":0,"5":0,"6":0},"f":{"0":0},"b":{"0":[0],"1":[0,0],"2":[0,0],"3":[0,0]},"_coverageSchema":"1a1c01bbd47fc00a2c39e90264f33305004495a9","hash":"2c2fd856e3caa9624e2080e1799e90239fc9cf41"}
,"C:\\All Projects\\Smart-Waste-Management-System\\smartwastefrontend\\src\\components\\collection\\AvailableBinsSection.jsx": {"path":"C:\\All Projects\\Smart-Waste-Management-System\\smartwastefrontend\\src\\components\\collection\\AvailableBinsSection.jsx","statementMap":{"0":{"start":{"line":7,"column":29},"end":{"line":97,"column":1}},"1":{"start":{"line":8,"column":28},"end":{"line":47,"column":3}},"2":{"start":{"line":9,"column":4},"end":{"line":46,"column":5}},"3":{"start":{"line":11,"column":8},"end":{"line":15,"column":10}},"4":{"start":{"line":17,"column":8},"end":{"line":21,"column":10}},"5":{"start":{"line":23,"column":8},"end":{"line":27,"column":10}},"6":{"start":{"line":29,"column":8},"end":{"line":33,"column":10}},"7":{"start":{"line":35,"column":8},"end":{"line":39,"column":10}},"8":{"start":{"line":41,"column":8},"end":{"line":45,"column":10}},"9":{"start":{"line":49,"column":2},"end":{"line":96,"column":4}},"10":{"start":{"line":56,"column":30},"end":{"line":56,"column":59}},"11":{"start":{"line":57,"column":10},"end":{"line":72,"column":12}}},"fnMap":{"0":{"name":"(anonymous_0)","decl":{"start":{"line":7,"column":29},"end":{"line":7,"column":30}},"loc":{"start":{"line":7,"column":64},"end":{"line":97,"column":1}},"line":7},"1":{"name":"(anonymous_1)","decl":{"start":{"line":8,"column":28},"end":{"line":8,"column":29}},"loc":{"start":{"line":8,"column":40},"end":{"line":47,"column":3}},"line":8},"2":{"name":"(anonymous_2)","decl":{"start":{"line":55,"column":27},"end":{"line":55,"column":28}},"loc":{"start":{"line":55,"column":36},"end":{"line":73,"column":9}},"line":55}},"branchMap":{"0":{"loc":{"start":{"line":9,"column":4},"end":{"line":46,"column":5}},"type":"switch","locations":[{"start":{"line":10,"column":6},"end":{"line":15,"column":10}},{"start":{"line":16,"column":6},"end":{"line":21,"column":10}},{"start":{"line":22,"column":6},"end":{"line":27,"column":10}},{"start":{"line":28,"column":6},"end":{"line":33,"column":10}},{"start":{"line":34,"column":6},"end":{"line":39,"column":10}},{"start":{"line":40,"column":6},"end":{"line":45,"column":10}}],"line":9}},"s":{"0":1,"1":0,"2":0,"3":0,"4":0,"5":0,"6":0,"7":0,"8":0,"9":0,"10":0,"11":0},"f":{"0":0,"1":0,"2":0},"b":{"0":[0,0,0,0,0,0]},"_coverageSchema":"1a1c01bbd47fc00a2c39e90264f33305004495a9","hash":"c625cd1f189f4d716e0d5080b7f548eb2110aad9"}
,"C:\\All Projects\\Smart-Waste-Management-System\\smartwastefrontend\\src\\components\\collection\\BinScanningSection.jsx": {"path":"C:\\All Projects\\Smart-Waste-Management-System\\smartwastefrontend\\src\\components\\collection\\BinScanningSection.jsx","statementMap":{"0":{"start":{"line":7,"column":27},"end":{"line":49,"column":1}},"1":{"start":{"line":13,"column":2},"end":{"line":48,"column":4}},"2":{"start":{"line":26,"column":29},"end":{"line":26,"column":53}},"3":{"start":{"line":29,"column":31},"end":{"line":29,"column":63}}},"fnMap":{"0":{"name":"(anonymous_0)","decl":{"start":{"line":7,"column":27},"end":{"line":7,"column":28}},"loc":{"start":{"line":12,"column":6},"end":{"line":49,"column":1}},"line":12},"1":{"name":"(anonymous_1)","decl":{"start":{"line":26,"column":22},"end":{"line":26,"column":23}},"loc":{"start":{"line":26,"column":29},"end":{"line":26,"column":53}},"line":26},"2":{"name":"(anonymous_2)","decl":{"start":{"line":29,"column":24},"end":{"line":29,"column":25}},"loc":{"start":{"line":29,"column":31},"end":{"line":29,"column":63}},"line":29}},"branchMap":{"0":{"loc":{"start":{"line":29,"column":31},"end":{"line":29,"column":63}},"type":"binary-expr","locations":[{"start":{"line":29,"column":31},"end":{"line":29,"column":48}},{"start":{"line":29,"column":52},"end":{"line":29,"column":63}}],"line":29}},"s":{"0":1,"1":0,"2":0,"3":0},"f":{"0":0,"1":0,"2":0},"b":{"0":[0,0]},"_coverageSchema":"1a1c01bbd47fc00a2c39e90264f33305004495a9","hash":"64fc5b669d28c328560ca800b89e0e4bf18e3870"}
,"C:\\All Projects\\Smart-Waste-Management-System\\smartwastefrontend\\src\\components\\collection\\CollectionComponents.jsx": {"path":"C:\\All Projects\\Smart-Waste-Management-System\\smartwastefrontend\\src\\components\\collection\\CollectionComponents.jsx","statementMap":{"0":{"start":{"line":4,"column":24},"end":{"line":8,"column":1}},"1":{"start":{"line":5,"column":2},"end":{"line":7,"column":8}},"2":{"start":{"line":10,"column":32},"end":{"line":14,"column":1}},"3":{"start":{"line":11,"column":2},"end":{"line":13,"column":8}},"4":{"start":{"line":16,"column":20},"end":{"line":20,"column":1}},"5":{"start":{"line":17,"column":2},"end":{"line":19,"column":8}},"6":{"start":{"line":22,"column":23},"end":{"line":27,"column":1}},"7":{"start":{"line":23,"column":2},"end":{"line":26,"column":8}},"8":{"start":{"line":29,"column":30},"end":{"line":33,"column":1}},"9":{"start":{"line":30,"column":2},"end":{"line":32,"column":8}},"10":{"start":{"line":50,"column":24},"end":{"line":137,"column":1}},"11":{"start":{"line":52,"column":18},"end":{"line":68,"column":3}},"12":{"start":{"line":53,"column":22},"end":{"line":53,"column":31}},"13":{"start":{"line":54,"column":4},"end":{"line":67,"column":5}},"14":{"start":{"line":56,"column":8},"end":{"line":56,"column":77}},"15":{"start":{"line":58,"column":8},"end":{"line":58,"column":86}},"16":{"start":{"line":60,"column":8},"end":{"line":60,"column":71}},"17":{"start":{"line":62,"column":8},"end":{"line":62,"column":77}},"18":{"start":{"line":64,"column":8},"end":{"line":64,"column":82}},"19":{"start":{"line":66,"column":8},"end":{"line":66,"column":82}},"20":{"start":{"line":71,"column":20},"end":{"line":86,"column":3}},"21":{"start":{"line":72,"column":4},"end":{"line":85,"column":5}},"22":{"start":{"line":74,"column":8},"end":{"line":74,"column":61}},"23":{"start":{"line":76,"column":8},"end":{"line":76,"column":64}},"24":{"start":{"line":78,"column":8},"end":{"line":78,"column":55}},"25":{"start":{"line":80,"column":8},"end":{"line":80,"column":64}},"26":{"start":{"line":82,"column":8},"end":{"line":82,"column":58}},"27":{"start":{"line":84,"column":8},"end":{"line":84,"column":58}},"28":{"start":{"line":89,"column":25},"end":{"line":102,"column":3}},"29":{"start":{"line":90,"column":4},"end":{"line":101,"column":5}},"30":{"start":{"line":92,"column":8},"end":{"line":92,"column":60}},"31":{"start":{"line":94,"column":8},"end":{"line":94,"column":61}},"32":{"start":{"line":96,"column":8},"end":{"line":96,"column":56}},"33":{"start":{"line":98,"column":8},"end":{"line":98,"column":62}},"34":{"start":{"line":100,"column":8},"end":{"line":100,"column":61}},"35":{"start":{"line":104,"column":2},"end":{"line":136,"column":4}},"36":{"start":{"line":114,"column":18},"end":{"line":120,"column":27}},"37":{"start":{"line":152,"column":26},"end":{"line":197,"column":1}},"38":{"start":{"line":161,"column":21},"end":{"line":161,"column":72}},"39":{"start":{"line":163,"column":26},"end":{"line":176,"column":3}},"40":{"start":{"line":164,"column":4},"end":{"line":175,"column":5}},"41":{"start":{"line":166,"column":8},"end":{"line":166,"column":45}},"42":{"start":{"line":168,"column":8},"end":{"line":168,"column":43}},"43":{"start":{"line":170,"column":8},"end":{"line":170,"column":47}},"44":{"start":{"line":172,"column":8},"end":{"line":172,"column":41}},"45":{"start":{"line":174,"column":8},"end":{"line":174,"column":43}},"46":{"start":{"line":178,"column":2},"end":{"line":196,"column":4}},"47":{"start":{"line":212,"column":26},"end":{"line":240,"column":1}},"48":{"start":{"line":213,"column":2},"end":{"line":213,"column":31}},"49":{"start":{"line":213,"column":19},"end":{"line":213,"column":31}},"50":{"start":{"line":216,"column":23},"end":{"line":225,"column":3}},"51":{"start":{"line":227,"column":2},"end":{"line":239,"column":4}},"52":{"start":{"line":232,"column":10},"end":{"line":235,"column":16}},"53":{"start":{"line":255,"column":24},"end":{"line":354,"column":1}},"54":{"start":{"line":257,"column":30},"end":{"line":270,"column":3}},"55":{"start":{"line":258,"column":4},"end":{"line":269,"column":5}},"56":{"start":{"line":260,"column":8},"end":{"line":260,"column":45}},"57":{"start":{"line":262,"column":8},"end":{"line":262,"column":47}},"58":{"start":{"line":264,"column":8},"end":{"line":264,"column":43}},"59":{"start":{"line":266,"column":8},"end":{"line":266,"column":41}},"60":{"start":{"line":268,"column":8},"end":{"line":268,"column":43}},"61":{"start":{"line":273,"column":25},"end":{"line":278,"column":3}},"62":{"start":{"line":274,"column":4},"end":{"line":274,"column":28}},"63":{"start":{"line":275,"column":4},"end":{"line":277,"column":5}},"64":{"start":{"line":276,"column":6},"end":{"line":276,"column":24}},"65":{"start":{"line":280,"column":2},"end":{"line":353,"column":4}},"66":{"start":{"line":312,"column":14},"end":{"line":342,"column":19}},"67":{"start":{"line":335,"column":36},"end":{"line":335,"column":64}}},"fnMap":{"0":{"name":"(anonymous_0)","decl":{"start":{"line":4,"column":24},"end":{"line":4,"column":25}},"loc":{"start":{"line":5,"column":2},"end":{"line":7,"column":8}},"line":5},"1":{"name":"(anonymous_1)","decl":{"start":{"line":10,"column":32},"end":{"line":10,"column":33}},"loc":{"start":{"line":11,"column":2},"end":{"line":13,"column":8}},"line":11},"2":{"name":"(anonymous_2)","decl":{"start":{"line":16,"column":20},"end":{"line":16,"column":21}},"loc":{"start":{"line":17,"column":2},"end":{"line":19,"column":8}},"line":17},"3":{"name":"(anonymous_3)","decl":{"start":{"line":22,"column":23},"end":{"line":22,"column":24}},"loc":{"start":{"line":23,"column":2},"end":{"line":26,"column":8}},"line":23},"4":{"name":"(anonymous_4)","decl":{"start":{"line":29,"column":30},"end":{"line":29,"column":31}},"loc":{"start":{"line":30,"column":2},"end":{"line":32,"column":8}},"line":30},"5":{"name":"(anonymous_5)","decl":{"start":{"line":50,"column":24},"end":{"line":50,"column":25}},"loc":{"start":{"line":50,"column":70},"end":{"line":137,"column":1}},"line":50},"6":{"name":"(anonymous_6)","decl":{"start":{"line":52,"column":18},"end":{"line":52,"column":19}},"loc":{"start":{"line":52,"column":24},"end":{"line":68,"column":3}},"line":52},"7":{"name":"(anonymous_7)","decl":{"start":{"line":71,"column":20},"end":{"line":71,"column":21}},"loc":{"start":{"line":71,"column":26},"end":{"line":86,"column":3}},"line":71},"8":{"name":"(anonymous_8)","decl":{"start":{"line":89,"column":25},"end":{"line":89,"column":26}},"loc":{"start":{"line":89,"column":41},"end":{"line":102,"column":3}},"line":89},"9":{"name":"(anonymous_9)","decl":{"start":{"line":113,"column":29},"end":{"line":113,"column":30}},"loc":{"start":{"line":114,"column":18},"end":{"line":120,"column":27}},"line":114},"10":{"name":"(anonymous_10)","decl":{"start":{"line":152,"column":26},"end":{"line":152,"column":27}},"loc":{"start":{"line":160,"column":6},"end":{"line":197,"column":1}},"line":160},"11":{"name":"(anonymous_11)","decl":{"start":{"line":163,"column":26},"end":{"line":163,"column":27}},"loc":{"start":{"line":163,"column":32},"end":{"line":176,"column":3}},"line":163},"12":{"name":"(anonymous_12)","decl":{"start":{"line":212,"column":26},"end":{"line":212,"column":27}},"loc":{"start":{"line":212,"column":80},"end":{"line":240,"column":1}},"line":212},"13":{"name":"(anonymous_13)","decl":{"start":{"line":231,"column":26},"end":{"line":231,"column":27}},"loc":{"start":{"line":232,"column":10},"end":{"line":235,"column":16}},"line":232},"14":{"name":"(anonymous_14)","decl":{"start":{"line":255,"column":24},"end":{"line":255,"column":25}},"loc":{"start":{"line":255,"column":85},"end":{"line":354,"column":1}},"line":255},"15":{"name":"(anonymous_15)","decl":{"start":{"line":257,"column":30},"end":{"line":257,"column":31}},"loc":{"start":{"line":257,"column":42},"end":{"line":270,"column":3}},"line":257},"16":{"name":"(anonymous_16)","decl":{"start":{"line":273,"column":25},"end":{"line":273,"column":26}},"loc":{"start":{"line":273,"column":43},"end":{"line":278,"column":3}},"line":273},"17":{"name":"(anonymous_17)","decl":{"start":{"line":311,"column":31},"end":{"line":311,"column":32}},"loc":{"start":{"line":312,"column":14},"end":{"line":342,"column":19}},"line":312},"18":{"name":"(anonymous_18)","decl":{"start":{"line":335,"column":29},"end":{"line":335,"column":30}},"loc":{"start":{"line":335,"column":36},"end":{"line":335,"column":64}},"line":335}},"branchMap":{"0":{"loc":{"start":{"line":50,"column":42},"end":{"line":50,"column":54}},"type":"default-arg","locations":[{"start":{"line":50,"column":52},"end":{"line":50,"column":54}}],"line":50},"1":{"loc":{"start":{"line":54,"column":4},"end":{"line":67,"column":5}},"type":"switch","locations":[{"start":{"line":55,"column":6},"end":{"line":56,"column":77}},{"start":{"line":57,"column":6},"end":{"line":58,"column":86}},{"start":{"line":59,"column":6},"end":{"line":60,"column":71}},{"start":{"line":61,"column":6},"end":{"line":62,"column":77}},{"start":{"line":63,"column":6},"end":{"line":64,"column":82}},{"start":{"line":65,"column":6},"end":{"line":66,"column":82}}],"line":54},"2":{"loc":{"start":{"line":72,"column":4},"end":{"line":85,"column":5}},"type":"switch","locations":[{"start":{"line":73,"column":6},"end":{"line":74,"column":61}},{"start":{"line":75,"column":6},"end":{"line":76,"column":64}},{"start":{"line":77,"column":6},"end":{"line":78,"column":55}},{"start":{"line":79,"column":6},"end":{"line":80,"column":64}},{"start":{"line":81,"column":6},"end":{"line":82,"column":58}},{"start":{"line":83,"column":6},"end":{"line":84,"column":58}}],"line":72},"3":{"loc":{"start":{"line":90,"column":4},"end":{"line":101,"column":5}},"type":"switch","locations":[{"start":{"line":91,"column":6},"end":{"line":92,"column":60}},{"start":{"line":93,"column":6},"end":{"line":94,"column":61}},{"start":{"line":95,"column":6},"end":{"line":96,"column":56}},{"start":{"line":97,"column":6},"end":{"line":98,"column":62}},{"start":{"line":99,"column":6},"end":{"line":100,"column":61}}],"line":90},"4":{"loc":{"start":{"line":111,"column":13},"end":{"line":123,"column":13}},"type":"binary-expr","locations":[{"start":{"line":111,"column":13},"end":{"line":111,"column":31}},{"start":{"line":112,"column":14},"end":{"line":122,"column":20}}],"line":111},"5":{"loc":{"start":{"line":126,"column":9},"end":{"line":133,"column":9}},"type":"binary-expr","locations":[{"start":{"line":126,"column":9},"end":{"line":126,"column":16}},{"start":{"line":127,"column":10},"end":{"line":132,"column":19}}],"line":126},"6":{"loc":{"start":{"line":156,"column":2},"end":{"line":156,"column":11}},"type":"default-arg","locations":[{"start":{"line":156,"column":9},"end":{"line":156,"column":11}}],"line":156},"7":{"loc":{"start":{"line":158,"column":2},"end":{"line":158,"column":17}},"type":"default-arg","locations":[{"start":{"line":158,"column":10},"end":{"line":158,"column":17}}],"line":158},"8":{"loc":{"start":{"line":159,"column":2},"end":{"line":159,"column":23}},"type":"default-arg","locations":[{"start":{"line":159,"column":19},"end":{"line":159,"column":23}}],"line":159},"9":{"loc":{"start":{"line":161,"column":21},"end":{"line":161,"column":72}},"type":"cond-expr","locations":[{"start":{"line":161,"column":33},"end":{"line":161,"column":68}},{"start":{"line":161,"column":71},"end":{"line":161,"column":72}}],"line":161},"10":{"loc":{"start":{"line":164,"column":4},"end":{"line":175,"column":5}},"type":"switch","locations":[{"start":{"line":165,"column":6},"end":{"line":166,"column":45}},{"start":{"line":167,"column":6},"end":{"line":168,"column":43}},{"start":{"line":169,"column":6},"end":{"line":170,"column":47}},{"start":{"line":171,"column":6},"end":{"line":172,"column":41}},{"start":{"line":173,"column":6},"end":{"line":174,"column":43}}],"line":164},"11":{"loc":{"start":{"line":180,"column":7},"end":{"line":180,"column":80}},"type":"binary-expr","locations":[{"start":{"line":180,"column":7},"end":{"line":180,"column":11}},{"start":{"line":180,"column":15},"end":{"line":180,"column":80}}],"line":180},"12":{"loc":{"start":{"line":184,"column":36},"end":{"line":184,"column":72}},"type":"binary-expr","locations":[{"start":{"line":184,"column":36},"end":{"line":184,"column":50}},{"start":{"line":184,"column":54},"end":{"line":184,"column":72}}],"line":184},"13":{"loc":{"start":{"line":186,"column":9},"end":{"line":193,"column":9}},"type":"binary-expr","locations":[{"start":{"line":186,"column":9},"end":{"line":186,"column":23}},{"start":{"line":187,"column":10},"end":{"line":192,"column":16}}],"line":186},"14":{"loc":{"start":{"line":212,"column":41},"end":{"line":212,"column":73}},"type":"default-arg","locations":[{"start":{"line":212,"column":49},"end":{"line":212,"column":73}}],"line":212},"15":{"loc":{"start":{"line":213,"column":2},"end":{"line":213,"column":31}},"type":"if","locations":[{"start":{"line":213,"column":2},"end":{"line":213,"column":31}},{"start":{},"end":{}}],"line":213},"16":{"loc":{"start":{"line":255,"column":42},"end":{"line":255,"column":66}},"type":"default-arg","locations":[{"start":{"line":255,"column":50},"end":{"line":255,"column":66}}],"line":255},"17":{"loc":{"start":{"line":258,"column":4},"end":{"line":269,"column":5}},"type":"switch","locations":[{"start":{"line":259,"column":6},"end":{"line":260,"column":45}},{"start":{"line":261,"column":6},"end":{"line":262,"column":47}},{"start":{"line":263,"column":6},"end":{"line":264,"column":43}},{"start":{"line":265,"column":6},"end":{"line":266,"column":41}},{"start":{"line":267,"column":6},"end":{"line":268,"column":43}}],"line":258},"18":{"loc":{"start":{"line":275,"column":4},"end":{"line":277,"column":5}},"type":"if","locations":[{"start":{"line":275,"column":4},"end":{"line":277,"column":5}},{"start":{},"end":{}}],"line":275},"19":{"loc":{"start":{"line":346,"column":9},"end":{"line":350,"column":9}},"type":"binary-expr","locations":[{"start":{"line":346,"column":9},"end":{"line":346,"column":35}},{"start":{"line":347,"column":10},"end":{"line":349,"column":16}}],"line":346}},"s":{"0":1,"1":0,"2":1,"3":0,"4":1,"5":0,"6":1,"7":0,"8":1,"9":0,"10":1,"11":0,"12":0,"13":0,"14":0,"15":0,"16":0,"17":0,"18":0,"19":0,"20":0,"21":0,"22":0,"23":0,"24":0,"25":0,"26":0,"27":0,"28":0,"29":0,"30":0,"31":0,"32":0,"33":0,"34":0,"35":0,"36":0,"37":1,"38":0,"39":0,"40":0,"41":0,"42":0,"43":0,"44":0,"45":0,"46":0,"47":1,"48":0,"49":0,"50":0,"51":0,"52":0,"53":1,"54":0,"55":0,"56":0,"57":0,"58":0,"59":0,"60":0,"61":0,"62":0,"63":0,"64":0,"65":0,"66":0,"67":0},"f":{"0":0,"1":0,"2":0,"3":0,"4":0,"5":0,"6":0,"7":0,"8":0,"9":0,"10":0,"11":0,"12":0,"13":0,"14":0,"15":0,"16":0,"17":0,"18":0},"b":{"0":[0],"1":[0,0,0,0,0,0],"2":[0,0,0,0,0,0],"3":[0,0,0,0,0],"4":[0,0],"5":[0,0],"6":[0],"7":[0],"8":[0],"9":[0,0],"10":[0,0,0,0,0],"11":[0,0],"12":[0,0],"13":[0,0],"14":[0],"15":[0,0],"16":[0],"17":[0,0,0,0,0],"18":[0,0],"19":[0,0]},"_coverageSchema":"1a1c01bbd47fc00a2c39e90264f33305004495a9","hash":"277866ae7bdb7f906015e3fe6e2da984f92edfb4"}
,"C:\\All Projects\\Smart-Waste-Management-System\\smartwastefrontend\\src\\components\\collection\\CollectionHeader.jsx": {"path":"C:\\All Projects\\Smart-Waste-Management-System\\smartwastefrontend\\src\\components\\collection\\CollectionHeader.jsx","statementMap":{"0":{"start":{"line":8,"column":18},"end":{"line":13,"column":1}},"1":{"start":{"line":9,"column":2},"end":{"line":12,"column":8}},"2":{"start":{"line":15,"column":23},"end":{"line":20,"column":1}},"3":{"start":{"line":16,"column":2},"end":{"line":19,"column":8}},"4":{"start":{"line":22,"column":25},"end":{"line":45,"column":1}},"5":{"start":{"line":23,"column":2},"end":{"line":44,"column":4}}},"fnMap":{"0":{"name":"(anonymous_0)","decl":{"start":{"line":8,"column":18},"end":{"line":8,"column":19}},"loc":{"start":{"line":9,"column":2},"end":{"line":12,"column":8}},"line":9},"1":{"name":"(anonymous_1)","decl":{"start":{"line":15,"column":23},"end":{"line":15,"column":24}},"loc":{"start":{"line":16,"column":2},"end":{"line":19,"column":8}},"line":16},"2":{"name":"(anonymous_2)","decl":{"start":{"line":22,"column":25},"end":{"line":22,"column":26}},"loc":{"start":{"line":22,"column":44},"end":{"line":45,"column":1}},"line":22}},"branchMap":{"0":{"loc":{"start":{"line":35,"column":11},"end":{"line":40,"column":11}},"type":"binary-expr","locations":[{"start":{"line":35,"column":11},"end":{"line":35,"column":20}},{"start":{"line":36,"column":12},"end":{"line":39,"column":18}}],"line":35}},"s":{"0":1,"1":0,"2":1,"3":0,"4":1,"5":0},"f":{"0":0,"1":0,"2":0},"b":{"0":[0,0]},"_coverageSchema":"1a1c01bbd47fc00a2c39e90264f33305004495a9","hash":"5d65615a3ca39498bf0f1c01b345610c721acd8d"}
,"C:\\All Projects\\Smart-Waste-Management-System\\smartwastefrontend\\src\\components\\collection\\CollectionProgress.jsx": {"path":"C:\\All Projects\\Smart-Waste-Management-System\\smartwastefrontend\\src\\components\\collection\\CollectionProgress.jsx","statementMap":{"0":{"start":{"line":9,"column":19},"end":{"line":13,"column":1}},"1":{"start":{"line":10,"column":2},"end":{"line":12,"column":8}},"2":{"start":{"line":15,"column":18},"end":{"line":19,"column":1}},"3":{"start":{"line":16,"column":2},"end":{"line":18,"column":8}},"4":{"start":{"line":21,"column":18},"end":{"line":25,"column":1}},"5":{"start":{"line":22,"column":2},"end":{"line":24,"column":8}},"6":{"start":{"line":27,"column":27},"end":{"line":77,"column":1}},"7":{"start":{"line":28,"column":2},"end":{"line":76,"column":4}}},"fnMap":{"0":{"name":"(anonymous_0)","decl":{"start":{"line":9,"column":19},"end":{"line":9,"column":20}},"loc":{"start":{"line":10,"column":2},"end":{"line":12,"column":8}},"line":10},"1":{"name":"(anonymous_1)","decl":{"start":{"line":15,"column":18},"end":{"line":15,"column":19}},"loc":{"start":{"line":16,"column":2},"end":{"line":18,"column":8}},"line":16},"2":{"name":"(anonymous_2)","decl":{"start":{"line":21,"column":18},"end":{"line":21,"column":19}},"loc":{"start":{"line":22,"column":2},"end":{"line":24,"column":8}},"line":22},"3":{"name":"(anonymous_3)","decl":{"start":{"line":27,"column":27},"end":{"line":27,"column":28}},"loc":{"start":{"line":27,"column":91},"end":{"line":77,"column":1}},"line":27}},"branchMap":{"0":{"loc":{"start":{"line":34,"column":9},"end":{"line":44,"column":9}},"type":"binary-expr","locations":[{"start":{"line":34,"column":9},"end":{"line":34,"column":22}},{"start":{"line":35,"column":10},"end":{"line":43,"column":16}}],"line":34},"1":{"loc":{"start":{"line":41,"column":16},"end":{"line":41,"column":47}},"type":"binary-expr","locations":[{"start":{"line":41,"column":16},"end":{"line":41,"column":42}},{"start":{"line":41,"column":46},"end":{"line":41,"column":47}}],"line":41}},"s":{"0":1,"1":0,"2":1,"3":0,"4":1,"5":0,"6":1,"7":0},"f":{"0":0,"1":0,"2":0,"3":0},"b":{"0":[0,0],"1":[0,0]},"_coverageSchema":"1a1c01bbd47fc00a2c39e90264f33305004495a9","hash":"999fb5cee45b9019bfbb53423ed9d9c5dbdb35e9"}
,"C:\\All Projects\\Smart-Waste-Management-System\\smartwastefrontend\\src\\components\\collection\\FullSummaryModal.jsx": {"path":"C:\\All Projects\\Smart-Waste-Management-System\\smartwastefrontend\\src\\components\\collection\\FullSummaryModal.jsx","statementMap":{"0":{"start":{"line":20,"column":18},"end":{"line":24,"column":1}},"1":{"start":{"line":21,"column":2},"end":{"line":23,"column":8}},"2":{"start":{"line":26,"column":18},"end":{"line":30,"column":1}},"3":{"start":{"line":27,"column":2},"end":{"line":29,"column":8}},"4":{"start":{"line":32,"column":24},"end":{"line":36,"column":1}},"5":{"start":{"line":33,"column":2},"end":{"line":35,"column":8}},"6":{"start":{"line":38,"column":32},"end":{"line":42,"column":1}},"7":{"start":{"line":39,"column":2},"end":{"line":41,"column":8}},"8":{"start":{"line":48,"column":24},"end":{"line":69,"column":1}},"9":{"start":{"line":49,"column":23},"end":{"line":54,"column":3}},"10":{"start":{"line":56,"column":2},"end":{"line":68,"column":4}},"11":{"start":{"line":75,"column":24},"end":{"line":111,"column":1}},"12":{"start":{"line":76,"column":29},"end":{"line":80,"column":3}},"13":{"start":{"line":77,"column":4},"end":{"line":77,"column":50}},"14":{"start":{"line":77,"column":26},"end":{"line":77,"column":50}},"15":{"start":{"line":78,"column":4},"end":{"line":78,"column":51}},"16":{"start":{"line":78,"column":26},"end":{"line":78,"column":51}},"17":{"start":{"line":79,"column":4},"end":{"line":79,"column":26}},"18":{"start":{"line":82,"column":2},"end":{"line":110,"column":4}},"19":{"start":{"line":117,"column":25},"end":{"line":235,"column":1}},"20":{"start":{"line":118,"column":2},"end":{"line":118,"column":27}},"21":{"start":{"line":118,"column":15},"end":{"line":118,"column":27}},"22":{"start":{"line":120,"column":138},"end":{"line":128,"column":3}},"23":{"start":{"line":130,"column":2},"end":{"line":234,"column":4}},"24":{"start":{"line":214,"column":18},"end":{"line":214,"column":101}}},"fnMap":{"0":{"name":"(anonymous_0)","decl":{"start":{"line":20,"column":18},"end":{"line":20,"column":19}},"loc":{"start":{"line":21,"column":2},"end":{"line":23,"column":8}},"line":21},"1":{"name":"(anonymous_1)","decl":{"start":{"line":26,"column":18},"end":{"line":26,"column":19}},"loc":{"start":{"line":27,"column":2},"end":{"line":29,"column":8}},"line":27},"2":{"name":"(anonymous_2)","decl":{"start":{"line":32,"column":24},"end":{"line":32,"column":25}},"loc":{"start":{"line":33,"column":2},"end":{"line":35,"column":8}},"line":33},"3":{"name":"(anonymous_3)","decl":{"start":{"line":38,"column":32},"end":{"line":38,"column":33}},"loc":{"start":{"line":39,"column":2},"end":{"line":41,"column":8}},"line":39},"4":{"name":"(anonymous_4)","decl":{"start":{"line":48,"column":24},"end":{"line":48,"column":25}},"loc":{"start":{"line":48,"column":74},"end":{"line":69,"column":1}},"line":48},"5":{"name":"(anonymous_5)","decl":{"start":{"line":75,"column":24},"end":{"line":75,"column":25}},"loc":{"start":{"line":75,"column":46},"end":{"line":111,"column":1}},"line":75},"6":{"name":"(anonymous_6)","decl":{"start":{"line":76,"column":29},"end":{"line":76,"column":30}},"loc":{"start":{"line":76,"column":45},"end":{"line":80,"column":3}},"line":76},"7":{"name":"(anonymous_7)","decl":{"start":{"line":117,"column":25},"end":{"line":117,"column":26}},"loc":{"start":{"line":117,"column":63},"end":{"line":235,"column":1}},"line":117},"8":{"name":"(anonymous_8)","decl":{"start":{"line":213,"column":36},"end":{"line":213,"column":37}},"loc":{"start":{"line":214,"column":18},"end":{"line":214,"column":101}},"line":214}},"branchMap":{"0":{"loc":{"start":{"line":48,"column":53},"end":{"line":48,"column":67}},"type":"default-arg","locations":[{"start":{"line":48,"column":61},"end":{"line":48,"column":67}}],"line":48},"1":{"loc":{"start":{"line":77,"column":4},"end":{"line":77,"column":50}},"type":"if","locations":[{"start":{"line":77,"column":4},"end":{"line":77,"column":50}},{"start":{},"end":{}}],"line":77},"2":{"loc":{"start":{"line":78,"column":4},"end":{"line":78,"column":51}},"type":"if","locations":[{"start":{"line":78,"column":4},"end":{"line":78,"column":51}},{"start":{},"end":{}}],"line":78},"3":{"loc":{"start":{"line":118,"column":2},"end":{"line":118,"column":27}},"type":"if","locations":[{"start":{"line":118,"column":2},"end":{"line":118,"column":27}},{"start":{},"end":{}}],"line":118},"4":{"loc":{"start":{"line":120,"column":138},"end":{"line":128,"column":3}},"type":"binary-expr","locations":[{"start":{"line":120,"column":138},"end":{"line":120,"column":149}},{"start":{"line":120,"column":153},"end":{"line":128,"column":3}}],"line":120},"5":{"loc":{"start":{"line":214,"column":40},"end":{"line":214,"column":69}},"type":"binary-expr","locations":[{"start":{"line":214,"column":40},"end":{"line":214,"column":60}},{"start":{"line":214,"column":64},"end":{"line":214,"column":69}}],"line":214}},"s":{"0":1,"1":0,"2":1,"3":0,"4":1,"5":0,"6":1,"7":0,"8":1,"9":0,"10":0,"11":1,"12":0,"13":0,"14":0,"15":0,"16":0,"17":0,"18":0,"19":1,"20":0,"21":0,"22":0,"23":0,"24":0},"f":{"0":0,"1":0,"2":0,"3":0,"4":0,"5":0,"6":0,"7":0,"8":0},"b":{"0":[0],"1":[0,0],"2":[0,0],"3":[0,0],"4":[0,0],"5":[0,0]},"_coverageSchema":"1a1c01bbd47fc00a2c39e90264f33305004495a9","hash":"30c8fb43324e214058eaad6a7e81b0fa2458684c"}
,"C:\\All Projects\\Smart-Waste-Management-System\\smartwastefrontend\\src\\components\\collection\\LocationTrackingSection.jsx": {"path":"C:\\All Projects\\Smart-Waste-Management-System\\smartwastefrontend\\src\\components\\collection\\LocationTrackingSection.jsx","statementMap":{"0":{"start":{"line":7,"column":32},"end":{"line":126,"column":1}},"1":{"start":{"line":18,"column":2},"end":{"line":125,"column":4}}},"fnMap":{"0":{"name":"(anonymous_0)","decl":{"start":{"line":7,"column":32},"end":{"line":7,"column":33}},"loc":{"start":{"line":17,"column":6},"end":{"line":126,"column":1}},"line":17}},"branchMap":{"0":{"loc":{"start":{"line":30,"column":16},"end":{"line":30,"column":63}},"type":"cond-expr","locations":[{"start":{"line":30,"column":34},"end":{"line":30,"column":48}},{"start":{"line":30,"column":51},"end":{"line":30,"column":63}}],"line":30},"1":{"loc":{"start":{"line":34,"column":15},"end":{"line":34,"column":54}},"type":"cond-expr","locations":[{"start":{"line":34,"column":33},"end":{"line":34,"column":41}},{"start":{"line":34,"column":44},"end":{"line":34,"column":54}}],"line":34},"2":{"loc":{"start":{"line":40,"column":9},"end":{"line":82,"column":9}},"type":"binary-expr","locations":[{"start":{"line":40,"column":9},"end":{"line":40,"column":24}},{"start":{"line":40,"column":28},"end":{"line":40,"column":39}},{"start":{"line":41,"column":10},"end":{"line":81,"column":16}}],"line":40},"3":{"loc":{"start":{"line":49,"column":20},"end":{"line":55,"column":36}},"type":"cond-expr","locations":[{"start":{"line":50,"column":24},"end":{"line":50,"column":38}},{"start":{"line":51,"column":24},"end":{"line":55,"column":36}}],"line":49},"4":{"loc":{"start":{"line":51,"column":24},"end":{"line":55,"column":36}},"type":"cond-expr","locations":[{"start":{"line":52,"column":24},"end":{"line":52,"column":37}},{"start":{"line":53,"column":24},"end":{"line":55,"column":36}}],"line":51},"5":{"loc":{"start":{"line":53,"column":24},"end":{"line":55,"column":36}},"type":"cond-expr","locations":[{"start":{"line":54,"column":24},"end":{"line":54,"column":39}},{"start":{"line":55,"column":24},"end":{"line":55,"column":36}}],"line":53},"6":{"loc":{"start":{"line":85,"column":9},"end":{"line":89,"column":9}},"type":"binary-expr","locations":[{"start":{"line":85,"column":9},"end":{"line":85,"column":22}},{"start":{"line":86,"column":10},"end":{"line":88,"column":16}}],"line":85},"7":{"loc":{"start":{"line":96,"column":14},"end":{"line":98,"column":66}},"type":"cond-expr","locations":[{"start":{"line":97,"column":18},"end":{"line":97,"column":60}},{"start":{"line":98,"column":18},"end":{"line":98,"column":66}}],"line":96},"8":{"loc":{"start":{"line":101,"column":13},"end":{"line":101,"column":68}},"type":"cond-expr","locations":[{"start":{"line":101,"column":34},"end":{"line":101,"column":49}},{"start":{"line":101,"column":52},"end":{"line":101,"column":68}}],"line":101},"9":{"loc":{"start":{"line":109,"column":13},"end":{"line":111,"column":34}},"type":"cond-expr","locations":[{"start":{"line":110,"column":16},"end":{"line":110,"column":31}},{"start":{"line":111,"column":16},"end":{"line":111,"column":34}}],"line":109},"10":{"loc":{"start":{"line":118,"column":13},"end":{"line":120,"column":37}},"type":"cond-expr","locations":[{"start":{"line":119,"column":16},"end":{"line":119,"column":37}},{"start":{"line":120,"column":16},"end":{"line":120,"column":37}}],"line":118}},"s":{"0":1,"1":0},"f":{"0":0},"b":{"0":[0,0],"1":[0,0],"2":[0,0,0],"3":[0,0],"4":[0,0],"5":[0,0],"6":[0,0],"7":[0,0],"8":[0,0],"9":[0,0],"10":[0,0]},"_coverageSchema":"1a1c01bbd47fc00a2c39e90264f33305004495a9","hash":"f4e117606a547463867020fcff6c57f3ed98f7e8"}
,"C:\\All Projects\\Smart-Waste-Management-System\\smartwastefrontend\\src\\components\\collection\\ManualEntrySection.jsx": {"path":"C:\\All Projects\\Smart-Waste-Management-System\\smartwastefrontend\\src\\components\\collection\\ManualEntrySection.jsx","statementMap":{"0":{"start":{"line":7,"column":27},"end":{"line":72,"column":1}},"1":{"start":{"line":16,"column":2},"end":{"line":16,"column":36}},"2":{"start":{"line":16,"column":24},"end":{"line":16,"column":36}},"3":{"start":{"line":18,"column":2},"end":{"line":71,"column":4}},"4":{"start":{"line":33,"column":29},"end":{"line":33,"column":70}},"5":{"start":{"line":47,"column":29},"end":{"line":47,"column":57}}},"fnMap":{"0":{"name":"(anonymous_0)","decl":{"start":{"line":7,"column":27},"end":{"line":7,"column":28}},"loc":{"start":{"line":15,"column":6},"end":{"line":72,"column":1}},"line":15},"1":{"name":"(anonymous_1)","decl":{"start":{"line":33,"column":22},"end":{"line":33,"column":23}},"loc":{"start":{"line":33,"column":29},"end":{"line":33,"column":70}},"line":33},"2":{"name":"(anonymous_2)","decl":{"start":{"line":47,"column":22},"end":{"line":47,"column":23}},"loc":{"start":{"line":47,"column":29},"end":{"line":47,"column":57}},"line":47}},"branchMap":{"0":{"loc":{"start":{"line":16,"column":2},"end":{"line":16,"column":36}},"type":"if","locations":[{"start":{"line":16,"column":2},"end":{"line":16,"column":36}},{"start":{},"end":{}}],"line":16}},"s":{"0":1,"1":0,"2":0,"3":0,"4":0,"5":0},"f":{"0":0,"1":0,"2":0},"b":{"0":[0,0]},"_coverageSchema":"1a1c01bbd47fc00a2c39e90264f33305004495a9","hash":"be954396f56cc442088ddaa6a6d398f63beef177"}
,"C:\\All Projects\\Smart-Waste-Management-System\\smartwastefrontend\\src\\components\\collection\\NavigationMap.jsx": {"path":"C:\\All Projects\\Smart-Waste-Management-System\\smartwastefrontend\\src\\components\\collection\\NavigationMap.jsx","statementMap":{"0":{"start":{"line":14,"column":4},"end":{"line":14,"column":17}},"1":{"start":{"line":15,"column":4},"end":{"line":15,"column":50}},"2":{"start":{"line":19,"column":4},"end":{"line":19,"column":37}},"3":{"start":{"line":23,"column":4},"end":{"line":23,"column":60}},"4":{"start":{"line":27,"column":4},"end":{"line":47,"column":5}},"5":{"start":{"line":28,"column":6},"end":{"line":46,"column":8}},"6":{"start":{"line":39,"column":29},"end":{"line":39,"column":76}},"7":{"start":{"line":49,"column":4},"end":{"line":49,"column":31}},"8":{"start":{"line":70,"column":26},"end":{"line":88,"column":1}},"9":{"start":{"line":90,"column":22},"end":{"line":663,"column":1}},"10":{"start":{"line":100,"column":23},"end":{"line":100,"column":35}},"11":{"start":{"line":101,"column":14},"end":{"line":101,"column":26}},"12":{"start":{"line":102,"column":18},"end":{"line":102,"column":28}},"13":{"start":{"line":103,"column":21},"end":{"line":103,"column":31}},"14":{"start":{"line":104,"column":32},"end":{"line":104,"column":44}},"15":{"start":{"line":105,"column":36},"end":{"line":105,"column":51}},"16":{"start":{"line":106,"column":34},"end":{"line":106,"column":48}},"17":{"start":{"line":107,"column":48},"end":{"line":107,"column":62}},"18":{"start":{"line":110,"column":2},"end":{"line":110,"column":51}},"19":{"start":{"line":113,"column":2},"end":{"line":113,"column":53}},"20":{"start":{"line":118,"column":2},"end":{"line":165,"column":9}},"21":{"start":{"line":119,"column":4},"end":{"line":119,"column":28}},"22":{"start":{"line":119,"column":21},"end":{"line":119,"column":28}},"23":{"start":{"line":121,"column":4},"end":{"line":157,"column":5}},"24":{"start":{"line":123,"column":26},"end":{"line":123,"column":76}},"25":{"start":{"line":124,"column":21},"end":{"line":124,"column":53}},"26":{"start":{"line":127,"column":6},"end":{"line":134,"column":9}},"27":{"start":{"line":137,"column":6},"end":{"line":137,"column":76}},"28":{"start":{"line":140,"column":6},"end":{"line":146,"column":9}},"29":{"start":{"line":141,"column":8},"end":{"line":141,"column":27}},"30":{"start":{"line":142,"column":8},"end":{"line":142,"column":26}},"31":{"start":{"line":143,"column":8},"end":{"line":143,"column":27}},"32":{"start":{"line":144,"column":8},"end":{"line":144,"column":25}},"33":{"start":{"line":145,"column":8},"end":{"line":145,"column":38}},"34":{"start":{"line":149,"column":6},"end":{"line":152,"column":9}},"35":{"start":{"line":150,"column":8},"end":{"line":150,"column":39}},"36":{"start":{"line":151,"column":8},"end":{"line":151,"column":42}},"37":{"start":{"line":155,"column":6},"end":{"line":155,"column":56}},"38":{"start":{"line":156,"column":6},"end":{"line":156,"column":46}},"39":{"start":{"line":159,"column":4},"end":{"line":164,"column":6}},"40":{"start":{"line":160,"column":6},"end":{"line":163,"column":7}},"41":{"start":{"line":161,"column":8},"end":{"line":161,"column":29}},"42":{"start":{"line":162,"column":8},"end":{"line":162,"column":27}},"43":{"start":{"line":171,"column":2},"end":{"line":177,"column":70}},"44":{"start":{"line":172,"column":4},"end":{"line":176,"column":5}},"45":{"start":{"line":173,"column":6},"end":{"line":173,"column":25}},"46":{"start":{"line":174,"column":6},"end":{"line":174,"column":23}},"47":{"start":{"line":175,"column":6},"end":{"line":175,"column":28}},"48":{"start":{"line":182,"column":2},"end":{"line":186,"column":35}},"49":{"start":{"line":183,"column":4},"end":{"line":185,"column":5}},"50":{"start":{"line":184,"column":6},"end":{"line":184,"column":36}},"51":{"start":{"line":191,"column":30},"end":{"line":222,"column":3}},"52":{"start":{"line":192,"column":4},"end":{"line":195,"column":5}},"53":{"start":{"line":193,"column":6},"end":{"line":193,"column":31}},"54":{"start":{"line":194,"column":6},"end":{"line":194,"column":13}},"55":{"start":{"line":198,"column":4},"end":{"line":201,"column":5}},"56":{"start":{"line":199,"column":6},"end":{"line":199,"column":31}},"57":{"start":{"line":200,"column":6},"end":{"line":200,"column":13}},"58":{"start":{"line":203,"column":22},"end":{"line":203,"column":73}},"59":{"start":{"line":205,"column":4},"end":{"line":208,"column":5}},"60":{"start":{"line":206,"column":6},"end":{"line":206,"column":31}},"61":{"start":{"line":207,"column":6},"end":{"line":207,"column":13}},"62":{"start":{"line":210,"column":28},"end":{"line":212,"column":5}},"63":{"start":{"line":211,"column":6},"end":{"line":211,"column":69}},"64":{"start":{"line":211,"column":39},"end":{"line":211,"column":68}},"65":{"start":{"line":214,"column":4},"end":{"line":217,"column":5}},"66":{"start":{"line":215,"column":6},"end":{"line":215,"column":31}},"67":{"start":{"line":216,"column":6},"end":{"line":216,"column":13}},"68":{"start":{"line":220,"column":23},"end":{"line":220,"column":69}},"69":{"start":{"line":221,"column":4},"end":{"line":221,"column":35}},"70":{"start":{"line":227,"column":38},"end":{"line":292,"column":3}},"71":{"start":{"line":228,"column":4},"end":{"line":231,"column":5}},"72":{"start":{"line":229,"column":6},"end":{"line":229,"column":101}},"73":{"start":{"line":230,"column":6},"end":{"line":230,"column":13}},"74":{"start":{"line":234,"column":4},"end":{"line":238,"column":5}},"75":{"start":{"line":236,"column":6},"end":{"line":236,"column":80}},"76":{"start":{"line":237,"column":6},"end":{"line":237,"column":13}},"77":{"start":{"line":241,"column":4},"end":{"line":243,"column":5}},"78":{"start":{"line":242,"column":6},"end":{"line":242,"column":45}},"79":{"start":{"line":246,"column":26},"end":{"line":246,"column":55}},"80":{"start":{"line":247,"column":4},"end":{"line":247,"column":56}},"81":{"start":{"line":248,"column":4},"end":{"line":257,"column":6}},"82":{"start":{"line":260,"column":18},"end":{"line":260,"column":49}},"83":{"start":{"line":261,"column":4},"end":{"line":267,"column":6}},"84":{"start":{"line":268,"column":4},"end":{"line":268,"column":37}},"85":{"start":{"line":271,"column":4},"end":{"line":282,"column":26}},"86":{"start":{"line":285,"column":4},"end":{"line":291,"column":5}},"87":{"start":{"line":286,"column":6},"end":{"line":290,"column":9}},"88":{"start":{"line":297,"column":27},"end":{"line":404,"column":3}},"89":{"start":{"line":298,"column":4},"end":{"line":298,"column":29}},"90":{"start":{"line":298,"column":22},"end":{"line":298,"column":29}},"91":{"start":{"line":301,"column":4},"end":{"line":301,"column":70}},"92":{"start":{"line":301,"column":53},"end":{"line":301,"column":68}},"93":{"start":{"line":302,"column":4},"end":{"line":302,"column":25}},"94":{"start":{"line":305,"column":4},"end":{"line":312,"column":5}},"95":{"start":{"line":306,"column":6},"end":{"line":310,"column":9}},"96":{"start":{"line":309,"column":74},"end":{"line":309,"column":78}},"97":{"start":{"line":311,"column":6},"end":{"line":311,"column":13}},"98":{"start":{"line":315,"column":22},"end":{"line":315,"column":73}},"99":{"start":{"line":318,"column":4},"end":{"line":323,"column":7}},"100":{"start":{"line":321,"column":36},"end":{"line":321,"column":45}},"101":{"start":{"line":325,"column":4},"end":{"line":328,"column":5}},"102":{"start":{"line":326,"column":6},"end":{"line":326,"column":64}},"103":{"start":{"line":327,"column":6},"end":{"line":327,"column":13}},"104":{"start":{"line":330,"column":4},"end":{"line":403,"column":7}},"105":{"start":{"line":331,"column":26},"end":{"line":331,"column":88}},"106":{"start":{"line":331,"column":58},"end":{"line":331,"column":87}},"107":{"start":{"line":332,"column":32},"end":{"line":332,"column":86}},"108":{"start":{"line":334,"column":19},"end":{"line":334,"column":57}},"109":{"start":{"line":335,"column":18},"end":{"line":335,"column":57}},"110":{"start":{"line":338,"column":6},"end":{"line":341,"column":7}},"111":{"start":{"line":339,"column":8},"end":{"line":339,"column":53}},"112":{"start":{"line":340,"column":8},"end":{"line":340,"column":24}},"113":{"start":{"line":344,"column":28},"end":{"line":344,"column":57}},"114":{"start":{"line":345,"column":6},"end":{"line":345,"column":47}},"115":{"start":{"line":346,"column":6},"end":{"line":361,"column":8}},"116":{"start":{"line":362,"column":6},"end":{"line":362,"column":58}},"117":{"start":{"line":365,"column":6},"end":{"line":375,"column":7}},"118":{"start":{"line":366,"column":22},"end":{"line":366,"column":53}},"119":{"start":{"line":367,"column":8},"end":{"line":373,"column":10}},"120":{"start":{"line":374,"column":8},"end":{"line":374,"column":41}},"121":{"start":{"line":378,"column":27},"end":{"line":387,"column":7}},"122":{"start":{"line":390,"column":21},"end":{"line":393,"column":27}},"123":{"start":{"line":396,"column":6},"end":{"line":400,"column":7}},"124":{"start":{"line":397,"column":8},"end":{"line":399,"column":11}},"125":{"start":{"line":398,"column":10},"end":{"line":398,"column":26}},"126":{"start":{"line":402,"column":6},"end":{"line":402,"column":42}},"127":{"start":{"line":410,"column":25},"end":{"line":499,"column":69}},"128":{"start":{"line":411,"column":4},"end":{"line":411,"column":29}},"129":{"start":{"line":411,"column":22},"end":{"line":411,"column":29}},"130":{"start":{"line":414,"column":4},"end":{"line":419,"column":5}},"131":{"start":{"line":415,"column":6},"end":{"line":415,"column":94}},"132":{"start":{"line":417,"column":6},"end":{"line":417,"column":26}},"133":{"start":{"line":418,"column":6},"end":{"line":418,"column":13}},"134":{"start":{"line":422,"column":22},"end":{"line":422,"column":73}},"135":{"start":{"line":424,"column":4},"end":{"line":429,"column":5}},"136":{"start":{"line":425,"column":6},"end":{"line":425,"column":94}},"137":{"start":{"line":427,"column":6},"end":{"line":427,"column":26}},"138":{"start":{"line":428,"column":6},"end":{"line":428,"column":13}},"139":{"start":{"line":432,"column":26},"end":{"line":432,"column":92}},"140":{"start":{"line":435,"column":4},"end":{"line":437,"column":5}},"141":{"start":{"line":436,"column":6},"end":{"line":436,"column":13}},"142":{"start":{"line":440,"column":4},"end":{"line":440,"column":24}},"143":{"start":{"line":443,"column":4},"end":{"line":443,"column":53}},"144":{"start":{"line":446,"column":33},"end":{"line":446,"column":35}},"145":{"start":{"line":447,"column":4},"end":{"line":452,"column":7}},"146":{"start":{"line":448,"column":26},"end":{"line":448,"column":88}},"147":{"start":{"line":448,"column":58},"end":{"line":448,"column":87}},"148":{"start":{"line":449,"column":6},"end":{"line":451,"column":7}},"149":{"start":{"line":450,"column":8},"end":{"line":450,"column":65}},"150":{"start":{"line":455,"column":4},"end":{"line":461,"column":5}},"151":{"start":{"line":456,"column":6},"end":{"line":460,"column":9}},"152":{"start":{"line":464,"column":33},"end":{"line":466,"column":48}},"153":{"start":{"line":465,"column":21},"end":{"line":465,"column":84}},"154":{"start":{"line":465,"column":54},"end":{"line":465,"column":83}},"155":{"start":{"line":466,"column":18},"end":{"line":466,"column":47}},"156":{"start":{"line":468,"column":4},"end":{"line":482,"column":5}},"157":{"start":{"line":469,"column":25},"end":{"line":471,"column":49}},"158":{"start":{"line":473,"column":27},"end":{"line":473,"column":57}},"159":{"start":{"line":474,"column":24},"end":{"line":474,"column":56}},"160":{"start":{"line":476,"column":6},"end":{"line":481,"column":9}},"161":{"start":{"line":485,"column":4},"end":{"line":498,"column":5}},"162":{"start":{"line":488,"column":36},"end":{"line":491,"column":7}},"163":{"start":{"line":493,"column":6},"end":{"line":497,"column":9}},"164":{"start":{"line":505,"column":28},"end":{"line":526,"column":3}},"165":{"start":{"line":506,"column":4},"end":{"line":506,"column":29}},"166":{"start":{"line":506,"column":22},"end":{"line":506,"column":29}},"167":{"start":{"line":509,"column":25},"end":{"line":509,"column":57}},"168":{"start":{"line":511,"column":4},"end":{"line":522,"column":7}},"169":{"start":{"line":512,"column":6},"end":{"line":521,"column":7}},"170":{"start":{"line":513,"column":8},"end":{"line":515,"column":9}},"171":{"start":{"line":514,"column":10},"end":{"line":514,"column":46}},"172":{"start":{"line":516,"column":8},"end":{"line":518,"column":9}},"173":{"start":{"line":517,"column":10},"end":{"line":517,"column":48}},"174":{"start":{"line":520,"column":8},"end":{"line":520,"column":61}},"175":{"start":{"line":525,"column":4},"end":{"line":525,"column":57}},"176":{"start":{"line":535,"column":24},"end":{"line":585,"column":3}},"177":{"start":{"line":536,"column":4},"end":{"line":536,"column":29}},"178":{"start":{"line":536,"column":22},"end":{"line":536,"column":29}},"179":{"start":{"line":538,"column":4},"end":{"line":584,"column":5}},"180":{"start":{"line":540,"column":6},"end":{"line":545,"column":7}},"181":{"start":{"line":541,"column":8},"end":{"line":543,"column":9}},"182":{"start":{"line":542,"column":10},"end":{"line":542,"column":43}},"183":{"start":{"line":544,"column":8},"end":{"line":544,"column":43}},"184":{"start":{"line":548,"column":6},"end":{"line":558,"column":9}},"185":{"start":{"line":561,"column":6},"end":{"line":575,"column":9}},"186":{"start":{"line":578,"column":6},"end":{"line":581,"column":8}},"187":{"start":{"line":583,"column":6},"end":{"line":583,"column":56}},"188":{"start":{"line":590,"column":27},"end":{"line":593,"column":3}},"189":{"start":{"line":591,"column":4},"end":{"line":591,"column":75}},"190":{"start":{"line":591,"column":26},"end":{"line":591,"column":75}},"191":{"start":{"line":592,"column":4},"end":{"line":592,"column":85}},"192":{"start":{"line":595,"column":19},"end":{"line":595,"column":37}},"193":{"start":{"line":597,"column":2},"end":{"line":662,"column":4}},"194":{"start":{"line":665,"column":39},"end":{"line":669,"column":1}},"195":{"start":{"line":666,"column":2},"end":{"line":668,"column":31}}},"fnMap":{"0":{"name":"(anonymous_0)","decl":{"start":{"line":13,"column":2},"end":{"line":13,"column":3}},"loc":{"start":{"line":13,"column":21},"end":{"line":16,"column":3}},"line":13},"1":{"name":"(anonymous_1)","decl":{"start":{"line":18,"column":2},"end":{"line":18,"column":3}},"loc":{"start":{"line":18,"column":41},"end":{"line":20,"column":3}},"line":18},"2":{"name":"(anonymous_2)","decl":{"start":{"line":22,"column":2},"end":{"line":22,"column":3}},"loc":{"start":{"line":22,"column":38},"end":{"line":24,"column":3}},"line":22},"3":{"name":"(anonymous_3)","decl":{"start":{"line":26,"column":2},"end":{"line":26,"column":3}},"loc":{"start":{"line":26,"column":11},"end":{"line":50,"column":3}},"line":26},"4":{"name":"(anonymous_4)","decl":{"start":{"line":39,"column":23},"end":{"line":39,"column":24}},"loc":{"start":{"line":39,"column":29},"end":{"line":39,"column":76}},"line":39},"5":{"name":"(anonymous_5)","decl":{"start":{"line":90,"column":22},"end":{"line":90,"column":23}},"loc":{"start":{"line":99,"column":6},"end":{"line":663,"column":1}},"line":99},"6":{"name":"(anonymous_6)","decl":{"start":{"line":118,"column":12},"end":{"line":118,"column":13}},"loc":{"start":{"line":118,"column":18},"end":{"line":165,"column":3}},"line":118},"7":{"name":"(anonymous_7)","decl":{"start":{"line":140,"column":29},"end":{"line":140,"column":30}},"loc":{"start":{"line":140,"column":35},"end":{"line":146,"column":7}},"line":140},"8":{"name":"(anonymous_8)","decl":{"start":{"line":149,"column":30},"end":{"line":149,"column":31}},"loc":{"start":{"line":149,"column":37},"end":{"line":152,"column":7}},"line":149},"9":{"name":"(anonymous_9)","decl":{"start":{"line":159,"column":11},"end":{"line":159,"column":12}},"loc":{"start":{"line":159,"column":17},"end":{"line":164,"column":5}},"line":159},"10":{"name":"(anonymous_10)","decl":{"start":{"line":171,"column":12},"end":{"line":171,"column":13}},"loc":{"start":{"line":171,"column":18},"end":{"line":177,"column":3}},"line":171},"11":{"name":"(anonymous_11)","decl":{"start":{"line":182,"column":12},"end":{"line":182,"column":13}},"loc":{"start":{"line":182,"column":18},"end":{"line":186,"column":3}},"line":182},"12":{"name":"(anonymous_12)","decl":{"start":{"line":191,"column":30},"end":{"line":191,"column":31}},"loc":{"start":{"line":191,"column":36},"end":{"line":222,"column":3}},"line":191},"13":{"name":"(anonymous_13)","decl":{"start":{"line":210,"column":45},"end":{"line":210,"column":46}},"loc":{"start":{"line":211,"column":6},"end":{"line":211,"column":69}},"line":211},"14":{"name":"(anonymous_14)","decl":{"start":{"line":211,"column":26},"end":{"line":211,"column":27}},"loc":{"start":{"line":211,"column":39},"end":{"line":211,"column":68}},"line":211},"15":{"name":"(anonymous_15)","decl":{"start":{"line":227,"column":38},"end":{"line":227,"column":39}},"loc":{"start":{"line":227,"column":44},"end":{"line":292,"column":3}},"line":227},"16":{"name":"(anonymous_16)","decl":{"start":{"line":297,"column":27},"end":{"line":297,"column":28}},"loc":{"start":{"line":297,"column":33},"end":{"line":404,"column":3}},"line":297},"17":{"name":"(anonymous_17)","decl":{"start":{"line":301,"column":43},"end":{"line":301,"column":44}},"loc":{"start":{"line":301,"column":53},"end":{"line":301,"column":68}},"line":301},"18":{"name":"(anonymous_18)","decl":{"start":{"line":309,"column":69},"end":{"line":309,"column":70}},"loc":{"start":{"line":309,"column":74},"end":{"line":309,"column":78}},"line":309},"19":{"name":"(anonymous_19)","decl":{"start":{"line":321,"column":29},"end":{"line":321,"column":30}},"loc":{"start":{"line":321,"column":36},"end":{"line":321,"column":45}},"line":321},"20":{"name":"(anonymous_20)","decl":{"start":{"line":330,"column":22},"end":{"line":330,"column":23}},"loc":{"start":{"line":330,"column":29},"end":{"line":403,"column":5}},"line":330},"21":{"name":"(anonymous_21)","decl":{"start":{"line":331,"column":45},"end":{"line":331,"column":46}},"loc":{"start":{"line":331,"column":58},"end":{"line":331,"column":87}},"line":331},"22":{"name":"(anonymous_22)","decl":{"start":{"line":397,"column":48},"end":{"line":397,"column":49}},"loc":{"start":{"line":397,"column":54},"end":{"line":399,"column":9}},"line":397},"23":{"name":"(anonymous_23)","decl":{"start":{"line":410,"column":37},"end":{"line":410,"column":38}},"loc":{"start":{"line":410,"column":43},"end":{"line":499,"column":3}},"line":410},"24":{"name":"(anonymous_24)","decl":{"start":{"line":447,"column":22},"end":{"line":447,"column":23}},"loc":{"start":{"line":447,"column":29},"end":{"line":452,"column":5}},"line":447},"25":{"name":"(anonymous_25)","decl":{"start":{"line":448,"column":45},"end":{"line":448,"column":46}},"loc":{"start":{"line":448,"column":58},"end":{"line":448,"column":87}},"line":448},"26":{"name":"(anonymous_26)","decl":{"start":{"line":465,"column":14},"end":{"line":465,"column":15}},"loc":{"start":{"line":465,"column":21},"end":{"line":465,"column":84}},"line":465},"27":{"name":"(anonymous_27)","decl":{"start":{"line":465,"column":41},"end":{"line":465,"column":42}},"loc":{"start":{"line":465,"column":54},"end":{"line":465,"column":83}},"line":465},"28":{"name":"(anonymous_28)","decl":{"start":{"line":466,"column":11},"end":{"line":466,"column":12}},"loc":{"start":{"line":466,"column":18},"end":{"line":466,"column":47}},"line":466},"29":{"name":"(anonymous_29)","decl":{"start":{"line":505,"column":28},"end":{"line":505,"column":29}},"loc":{"start":{
[...]
,"C:\\All Projects\\Smart-Waste-Management-System\\smartwastefrontend\\src\\services\\analyticsService.js": {"path":"C:\\All Projects\\Smart-Waste-Management-System\\smartwastefrontend\\src\\services\\analyticsService.js","statementMap":{"0":{"start":{"line":4,"column":17},"end":{"line":4,"column":60}},"1":{"start":{"line":6,"column":39},"end":{"line":9,"column":1}},"2":{"start":{"line":7,"column":14},"end":{"line":7,"column":56}},"3":{"start":{"line":8,"column":2},"end":{"line":8,"column":18}},"4":{"start":{"line":11,"column":37},"end":{"line":14,"column":1}},"5":{"start":{"line":12,"column":14},"end":{"line":12,"column":54}},"6":{"start":{"line":13,"column":2},"end":{"line":13,"column":18}},"7":{"start":{"line":16,"column":37},"end":{"line":19,"column":1}},"8":{"start":{"line":17,"column":14},"end":{"line":17,"column":54}},"9":{"start":{"line":18,"column":2},"end":{"line":18,"column":18}},"10":{"start":{"line":21,"column":41},"end":{"line":24,"column":1}},"11":{"start":{"line":22,"column":14},"end":{"line":22,"column":58}},"12":{"start":{"line":23,"column":2},"end":{"line":23,"column":18}}},"fnMap":{"0":{"name":"(anonymous_0)","decl":{"start":{"line":6,"column":39},"end":{"line":6,"column":40}},"loc":{"start":{"line":6,"column":51},"end":{"line":9,"column":1}},"line":6},"1":{"name":"(anonymous_1)","decl":{"start":{"line":11,"column":37},"end":{"line":11,"column":38}},"loc":{"start":{"line":11,"column":49},"end":{"line":14,"column":1}},"line":11},"2":{"name":"(anonymous_2)","decl":{"start":{"line":16,"column":37},"end":{"line":16,"column":38}},"loc":{"start":{"line":16,"column":49},"end":{"line":19,"column":1}},"line":16},"3":{"name":"(anonymous_3)","decl":{"start":{"line":21,"column":41},"end":{"line":21,"column":42}},"loc":{"start":{"line":21,"column":53},"end":{"line":24,"column":1}},"line":21}},"branchMap":{},"s":{"0":1,"1":1,"2":0,"3":0,"4":1,"5":0,"6":0,"7":1,"8":0,"9":0,"10":1,"11":0,"12":0},"f":{"0":0,"1":0,"2":0,"3":0},"b":{},"_coverageSchema":"1a1c01bbd47fc00a2c39e90264f33305004495a9","hash":"22d96b15b59337cc6e511be49b119a252e16bf9d"}
,"C:\\All Projects\\Smart-Waste-Management-System\\smartwastefrontend\\src\\services\\api.js": {"path":"C:\\All Projects\\Smart-Waste-Management-System\\smartwastefrontend\\src\\services\\api.js","statementMap":{"0":{"start":{"line":3,"column":12},"end":{"line":5,"column":2}},"1":{"start":{"line":8,"column":0},"end":{"line":17,"column":3}},"2":{"start":{"line":9,"column":17},"end":{"line":9,"column":67}},"3":{"start":{"line":10,"column":4},"end":{"line":15,"column":5}},"4":{"start":{"line":11,"column":8},"end":{"line":14,"column":10}},"5":{"start":{"line":16,"column":4},"end":{"line":16,"column":18}}},"fnMap":{"0":{"name":"(anonymous_0)","decl":{"start":{"line":8,"column":29},"end":{"line":8,"column":30}},"loc":{"start":{"line":8,"column":41},"end":{"line":17,"column":1}},"line":8}},"branchMap":{"0":{"loc":{"start":{"line":9,"column":28},"end":{"line":9,"column":66}},"type":"binary-expr","locations":[{"start":{"line":9,"column":28},"end":{"line":9,"column":56}},{"start":{"line":9,"column":60},"end":{"line":9,"column":66}}],"line":9},"1":{"loc":{"start":{"line":10,"column":4},"end":{"line":15,"column":5}},"type":"if","locations":[{"start":{"line":10,"column":4},"end":{"line":15,"column":5}},{"start":{},"end":{}}],"line":10},"2":{"loc":{"start":{"line":10,"column":8},"end":{"line":10,"column":27}},"type":"binary-expr","locations":[{"start":{"line":10,"column":8},"end":{"line":10,"column":12}},{"start":{"line":10,"column":16},"end":{"line":10,"column":27}}],"line":10}},"s":{"0":1,"1":1,"2":0,"3":0,"4":0,"5":0},"f":{"0":0},"b":{"0":[0,0],"1":[0,0],"2":[0,0]},"_coverageSchema":"1a1c01bbd47fc00a2c39e90264f33305004495a9","hash":"72b39ae17ed784d9b6dbef10d6c34205e462c57c"}
,"C:\\All Projects\\Smart-Waste-Management-System\\smartwastefrontend\\src\\services\\authService.js": {"path":"C:\\All Projects\\Smart-Waste-Management-System\\smartwastefrontend\\src\\services\\authService.js","statementMap":{"0":{"start":{"line":3,"column":22},"end":{"line":5,"column":1}},"1":{"start":{"line":4,"column":4},"end":{"line":4,"column":48}},"2":{"start":{"line":7,"column":22},"end":{"line":9,"column":1}},"3":{"start":{"line":8,"column":4},"end":{"line":8,"column":48}}},"fnMap":{"0":{"name":"(anonymous_0)","decl":{"start":{"line":3,"column":22},"end":{"line":3,"column":23}},"loc":{"start":{"line":3,"column":38},"end":{"line":5,"column":1}},"line":3},"1":{"name":"(anonymous_1)","decl":{"start":{"line":7,"column":22},"end":{"line":7,"column":23}},"loc":{"start":{"line":7,"column":38},"end":{"line":9,"column":1}},"line":7}},"branchMap":{},"s":{"0":1,"1":0,"2":1,"3":0},"f":{"0":0,"1":0},"b":{},"_coverageSchema":"1a1c01bbd47fc00a2c39e90264f33305004495a9","hash":"fbe5f6d8ff0c3eedde25537486da786bcb4d0195"}
,"C:\\All Projects\\Smart-Waste-Management-System\\smartwastefrontend\\src\\services\\pickupRequestService.js": {"path":"C:\\All Projects\\Smart-Waste-Management-System\\smartwastefrontend\\src\\services\\pickupRequestService.js","statementMap":{"0":{"start":{"line":4,"column":36},"end":{"line":158,"column":1}},"1":{"start":{"line":7,"column":4},"end":{"line":13,"column":5}},"2":{"start":{"line":8,"column":23},"end":{"line":8,"column":69}},"3":{"start":{"line":9,"column":6},"end":{"line":9,"column":27}},"4":{"start":{"line":11,"column":6},"end":{"line":11,"column":61}},"5":{"start":{"line":12,"column":6},"end":{"line":12,"column":18}},"6":{"start":{"line":18,"column":4},"end":{"line":24,"column":5}},"7":{"start":{"line":19,"column":23},"end":{"line":19,"column":84}},"8":{"start":{"line":20,"column":6},"end":{"line":20,"column":27}},"9":{"start":{"line":22,"column":6},"end":{"line":22,"column":54}},"10":{"start":{"line":23,"column":6},"end":{"line":23,"column":18}},"11":{"start":{"line":29,"column":4},"end":{"line":35,"column":5}},"12":{"start":{"line":30,"column":23},"end":{"line":30,"column":69}},"13":{"start":{"line":31,"column":6},"end":{"line":31,"column":27}},"14":{"start":{"line":33,"column":6},"end":{"line":33,"column":61}},"15":{"start":{"line":34,"column":6},"end":{"line":34,"column":18}},"16":{"start":{"line":40,"column":4},"end":{"line":46,"column":5}},"17":{"start":{"line":41,"column":23},"end":{"line":41,"column":71}},"18":{"start":{"line":42,"column":6},"end":{"line":42,"column":27}},"19":{"start":{"line":44,"column":6},"end":{"line":44,"column":67}},"20":{"start":{"line":45,"column":6},"end":{"line":45,"column":18}},"21":{"start":{"line":51,"column":4},"end":{"line":57,"column":5}},"22":{"start":{"line":52,"column":23},"end":{"line":52,"column":81}},"23":{"start":{"line":53,"column":6},"end":{"line":53,"column":27}},"24":{"start":{"line":55,"column":6},"end":{"line":55,"column":61}},"25":{"start":{"line":56,"column":6},"end":{"line":56,"column":18}},"26":{"start":{"line":62,"column":4},"end":{"line":68,"column":5}},"27":{"start":{"line":63,"column":23},"end":{"line":63,"column":72}},"28":{"start":{"line":64,"column":6},"end":{"line":64,"column":27}},"29":{"start":{"line":66,"column":6},"end":{"line":66,"column":61}},"30":{"start":{"line":67,"column":6},"end":{"line":67,"column":18}},"31":{"start":{"line":73,"column":4},"end":{"line":79,"column":5}},"32":{"start":{"line":74,"column":23},"end":{"line":74,"column":91}},"33":{"start":{"line":75,"column":6},"end":{"line":75,"column":27}},"34":{"start":{"line":77,"column":6},"end":{"line":77,"column":56}},"35":{"start":{"line":78,"column":6},"end":{"line":78,"column":18}},"36":{"start":{"line":84,"column":4},"end":{"line":90,"column":5}},"37":{"start":{"line":85,"column":23},"end":{"line":85,"column":85}},"38":{"start":{"line":86,"column":6},"end":{"line":86,"column":27}},"39":{"start":{"line":88,"column":6},"end":{"line":88,"column":63}},"40":{"start":{"line":89,"column":6},"end":{"line":89,"column":18}},"41":{"start":{"line":95,"column":4},"end":{"line":101,"column":5}},"42":{"start":{"line":96,"column":23},"end":{"line":96,"column":56}},"43":{"start":{"line":97,"column":6},"end":{"line":97,"column":27}},"44":{"start":{"line":99,"column":6},"end":{"line":99,"column":66}},"45":{"start":{"line":100,"column":6},"end":{"line":100,"column":18}},"46":{"start":{"line":106,"column":4},"end":{"line":112,"column":5}},"47":{"start":{"line":107,"column":23},"end":{"line":107,"column":73}},"48":{"start":{"line":108,"column":6},"end":{"line":108,"column":27}},"49":{"start":{"line":110,"column":6},"end":{"line":110,"column":72}},"50":{"start":{"line":111,"column":6},"end":{"line":111,"column":18}},"51":{"start":{"line":117,"column":4},"end":{"line":123,"column":5}},"52":{"start":{"line":118,"column":23},"end":{"line":118,"column":66}},"53":{"start":{"line":119,"column":6},"end":{"line":119,"column":27}},"54":{"start":{"line":121,"column":6},"end":{"line":121,"column":72}},"55":{"start":{"line":122,"column":6},"end":{"line":122,"column":18}},"56":{"start":{"line":128,"column":4},"end":{"line":134,"column":5}},"57":{"start":{"line":129,"column":23},"end":{"line":129,"column":72}},"58":{"start":{"line":130,"column":6},"end":{"line":130,"column":27}},"59":{"start":{"line":132,"column":6},"end":{"line":132,"column":71}},"60":{"start":{"line":133,"column":6},"end":{"line":133,"column":18}},"61":{"start":{"line":139,"column":4},"end":{"line":145,"column":5}},"62":{"start":{"line":140,"column":23},"end":{"line":140,"column":97}},"63":{"start":{"line":141,"column":6},"end":{"line":141,"column":27}},"64":{"start":{"line":143,"column":6},"end":{"line":143,"column":65}},"65":{"start":{"line":144,"column":6},"end":{"line":144,"column":18}},"66":{"start":{"line":150,"column":4},"end":{"line":156,"column":5}},"67":{"start":{"line":151,"column":23},"end":{"line":151,"column":62}},"68":{"start":{"line":152,"column":6},"end":{"line":152,"column":27}},"69":{"start":{"line":154,"column":6},"end":{"line":154,"column":59}},"70":{"start":{"line":155,"column":6},"end":{"line":155,"column":18}}},"fnMap":{"0":{"name":"(anonymous_0)","decl":{"start":{"line":6,"column":23},"end":{"line":6,"column":24}},"loc":{"start":{"line":6,"column":45},"end":{"line":14,"column":3}},"line":6},"1":{"name":"(anonymous_1)","decl":{"start":{"line":17,"column":17},"end":{"line":17,"column":18}},"loc":{"start":{"line":17,"column":39},"end":{"line":25,"column":3}},"line":17},"2":{"name":"(anonymous_2)","decl":{"start":{"line":28,"column":24},"end":{"line":28,"column":25}},"loc":{"start":{"line":28,"column":45},"end":{"line":36,"column":3}},"line":28},"3":{"name":"(anonymous_3)","decl":{"start":{"line":39,"column":29},"end":{"line":39,"column":30}},"loc":{"start":{"line":39,"column":47},"end":{"line":47,"column":3}},"line":39},"4":{"name":"(anonymous_4)","decl":{"start":{"line":50,"column":23},"end":{"line":50,"column":24}},"loc":{"start":{"line":50,"column":56},"end":{"line":58,"column":3}},"line":50},"5":{"name":"(anonymous_5)","decl":{"start":{"line":61,"column":23},"end":{"line":61,"column":24}},"loc":{"start":{"line":61,"column":44},"end":{"line":69,"column":3}},"line":61},"6":{"name":"(anonymous_6)","decl":{"start":{"line":72,"column":18},"end":{"line":72,"column":19}},"loc":{"start":{"line":72,"column":52},"end":{"line":80,"column":3}},"line":72},"7":{"name":"(anonymous_7)","decl":{"start":{"line":83,"column":23},"end":{"line":83,"column":24}},"loc":{"start":{"line":83,"column":52},"end":{"line":91,"column":3}},"line":83},"8":{"name":"(anonymous_8)","decl":{"start":{"line":94,"column":24},"end":{"line":94,"column":25}},"loc":{"start":{"line":94,"column":36},"end":{"line":102,"column":3}},"line":94},"9":{"name":"(anonymous_9)","decl":{"start":{"line":105,"column":29},"end":{"line":105,"column":30}},"loc":{"start":{"line":105,"column":47},"end":{"line":113,"column":3}},"line":105},"10":{"name":"(anonymous_10)","decl":{"start":{"line":116,"column":30},"end":{"line":116,"column":31}},"loc":{"start":{"line":116,"column":42},"end":{"line":124,"column":3}},"line":116},"11":{"name":"(anonymous_11)","decl":{"start":{"line":127,"column":29},"end":{"line":127,"column":30}},"loc":{"start":{"line":127,"column":41},"end":{"line":135,"column":3}},"line":127},"12":{"name":"(anonymous_12)","decl":{"start":{"line":138,"column":27},"end":{"line":138,"column":28}},"loc":{"start":{"line":138,"column":64},"end":{"line":146,"column":3}},"line":138},"13":{"name":"(anonymous_13)","decl":{"start":{"line":149,"column":18},"end":{"line":149,"column":19}},"loc":{"start":{"line":149,"column":30},"end":{"line":157,"column":3}},"line":149}},"branchMap":{},"s":{"0":1,"1":0,"2":0,"3":0,"4":0,"5":0,"6":0,"7":0,"8":0,"9":0,"10":0,"11":0,"12":0,"13":0,"14":0,"15":0,"16":0,"17":0,"18":0,"19":0,"20":0,"21":0,"22":0,"23":0,"24":0,"25":0,"26":0,"27":0,"28":0,"29":0,"30":0,"31":0,"32":0,"33":0,"34":0,"35":0,"36":0,"37":0,"38":0,"39":0,"40":0,"41":0,"42":0,"43":0,"44":0,"45":0,"46":0,"47":0,"48":0,"49":0,"50":0,"51":0,"52":0,"53":0,"54":0,"55":0,"56":0,"57":0,"58":0,"59":0,"60":0,"61":0,"62":0,"63":0,"64":0,"65":0,"66":0,"67":0,"68":0,"69":0,"70":0},"f":{"0":0,"1":0,"2":0,"3":0,"4":0,"5":0,"6":0,"7":0,"8":0,"9":0,"10":0,"11":0,"12":0,"13":0},"b":{},"_coverageSchema":"1a1c01bbd47fc00a2c39e90264f33305004495a9","hash":"6cfd88c4fecf79f8be63b93c7516835cfd82cd7d"}
,"C:\\All Projects\\Smart-Waste-Management-System\\smartwastefrontend\\src\\services\\routeChangeService.js": {"path":"C:\\All Projects\\Smart-Waste-Management-System\\smartwastefrontend\\src\\services\\routeChangeService.js","statementMap":{"0":{"start":{"line":1,"column":21},"end":{"line":1,"column":61}},"1":{"start":{"line":6,"column":28},"end":{"line":15,"column":1}},"2":{"start":{"line":7,"column":2},"end":{"line":14,"column":3}},"3":{"start":{"line":8,"column":16},"end":{"line":8,"column":41}},"4":{"start":{"line":9,"column":4},"end":{"line":9,"column":59}},"5":{"start":{"line":9,"column":17},"end":{"line":9,"column":59}},"6":{"start":{"line":10,"column":4},"end":{"line":10,"column":28}},"7":{"start":{"line":12,"column":4},"end":{"line":12,"column":49}},"8":{"start":{"line":13,"column":4},"end":{"line":13,"column":14}},"9":{"start":{"line":20,"column":34},"end":{"line":33,"column":1}},"10":{"start":{"line":21,"column":2},"end":{"line":32,"column":3}},"11":{"start":{"line":22,"column":16},"end":{"line":26,"column":6}},"12":{"start":{"line":27,"column":4},"end":{"line":27,"column":67}},"13":{"start":{"line":27,"column":17},"end":{"line":27,"column":67}},"14":{"start":{"line":28,"column":4},"end":{"line":28,"column":28}},"15":{"start":{"line":30,"column":4},"end":{"line":30,"column":56}},"16":{"start":{"line":31,"column":4},"end":{"line":31,"column":16}},"17":{"start":{"line":38,"column":33},"end":{"line":49,"column":1}},"18":{"start":{"line":39,"column":2},"end":{"line":48,"column":3}},"19":{"start":{"line":40,"column":16},"end":{"line":42,"column":6}},"20":{"start":{"line":43,"column":4},"end":{"line":43,"column":66}},"21":{"start":{"line":43,"column":17},"end":{"line":43,"column":66}},"22":{"start":{"line":44,"column":4},"end":{"line":44,"column":28}},"23":{"start":{"line":46,"column":4},"end":{"line":46,"column":55}},"24":{"start":{"line":47,"column":4},"end":{"line":47,"column":16}},"25":{"start":{"line":54,"column":35},"end":{"line":63,"column":1}},"26":{"start":{"line":55,"column":2},"end":{"line":62,"column":3}},"27":{"start":{"line":56,"column":16},"end":{"line":56,"column":57}},"28":{"start":{"line":57,"column":4},"end":{"line":57,"column":70}},"29":{"start":{"line":57,"column":17},"end":{"line":57,"column":70}},"30":{"start":{"line":58,"column":4},"end":{"line":58,"column":28}},"31":{"start":{"line":60,"column":4},"end":{"line":60,"column":60}},"32":{"start":{"line":61,"column":4},"end":{"line":61,"column":14}}},"fnMap":{"0":{"name":"(anonymous_0)","decl":{"start":{"line":6,"column":28},"end":{"line":6,"column":29}},"loc":{"start":{"line":6,"column":40},"end":{"line":15,"column":1}},"line":6},"1":{"name":"(anonymous_1)","decl":{"start":{"line":20,"column":34},"end":{"line":20,"column":35}},"loc":{"start":{"line":20,"column":50},"end":{"line":33,"column":1}},"line":20},"2":{"name":"(anonymous_2)","decl":{"start":{"line":38,"column":33},"end":{"line":38,"column":34}},"loc":{"start":{"line":38,"column":55},"end":{"line":49,"column":1}},"line":38},"3":{"name":"(anonymous_3)","decl":{"start":{"line":54,"column":35},"end":{"line":54,"column":36}},"loc":{"start":{"line":54,"column":47},"end":{"line":63,"column":1}},"line":54}},"branchMap":{"0":{"loc":{"start":{"line":9,"column":4},"end":{"line":9,"column":59}},"type":"if","locations":[{"start":{"line":9,"column":4},"end":{"line":9,"column":59}},{"start":{},"end":{}}],"line":9},"1":{"loc":{"start":{"line":27,"column":4},"end":{"line":27,"column":67}},"type":"if","locations":[{"start":{"line":27,"column":4},"end":{"line":27,"column":67}},{"start":{},"end":{}}],"line":27},"2":{"loc":{"start":{"line":43,"column":4},"end":{"line":43,"column":66}},"type":"if","locations":[{"start":{"line":43,"column":4},"end":{"line":43,"column":66}},{"start":{},"end":{}}],"line":43},"3":{"loc":{"start":{"line":57,"column":4},"end":{"line":57,"column":70}},"type":"if","locations":[{"start":{"line":57,"column":4},"end":{"line":57,"column":70}},{"start":{},"end":{}}],"line":57}},"s":{"0":1,"1":1,"2":0,"3":0,"4":0,"5":0,"6":0,"7":0,"8":0,"9":1,"10":0,"11":0,"12":0,"13":0,"14":0,"15":0,"16":0,"17":1,"18":0,"19":0,"20":0,"21":0,"22":0,"23":0,"24":0,"25":1,"26":0,"27":0,"28":0,"29":0,"30":0,"31":0,"32":0},"f":{"0":0,"1":0,"2":0,"3":0},"b":{"0":[0,0],"1":[0,0],"2":[0,0],"3":[0,0]},"_coverageSchema":"1a1c01bbd47fc00a2c39e90264f33305004495a9","hash":"43800d164f55b85387d38e113a535d9ac71747d4"}
,"C:\\All Projects\\Smart-Waste-Management-System\\smartwastefrontend\\src\\services\\specialPickupService.js": {"path":"C:\\All Projects\\Smart-Waste-Management-System\\smartwastefrontend\\src\\services\\specialPickupService.js","statementMap":{"0":{"start":{"line":2,"column":17},"end":{"line":2,"column":58}},"1":{"start":{"line":4,"column":36},"end":{"line":7,"column":1}},"2":{"start":{"line":5,"column":14},"end":{"line":5,"column":48}},"3":{"start":{"line":6,"column":2},"end":{"line":6,"column":18}},"4":{"start":{"line":9,"column":41},"end":{"line":14,"column":1}},"5":{"start":{"line":10,"column":14},"end":{"line":12,"column":4}},"6":{"start":{"line":13,"column":2},"end":{"line":13,"column":18}}},"fnMap":{"0":{"name":"(anonymous_0)","decl":{"start":{"line":4,"column":36},"end":{"line":4,"column":37}},"loc":{"start":{"line":4,"column":48},"end":{"line":7,"column":1}},"line":4},"1":{"name":"(anonymous_1)","decl":{"start":{"line":9,"column":41},"end":{"line":9,"column":42}},"loc":{"start":{"line":9,"column":63},"end":{"line":14,"column":1}},"line":9}},"branchMap":{},"s":{"0":1,"1":1,"2":0,"3":0,"4":1,"5":0,"6":0},"f":{"0":0,"1":0},"b":{},"_coverageSchema":"1a1c01bbd47fc00a2c39e90264f33305004495a9","hash":"669e38c3fd483777c2f4b823c48997d0ba7187dd"}
}
