TN:
SF:src\App.jsx
FN:34,Layout
FN:63,App
FNF:2
FNH:2
FNDA:3,Layout
FNDA:3,App
DA:35,3
DA:39,3
DA:44,3
DA:64,3
LF:4
LH:4
BRDA:39,0,0,3
BRDA:39,0,1,0
BRDA:39,0,2,0
BRDA:39,0,3,0
BRDA:47,1,0,3
BRDA:47,1,1,0
BRDA:52,2,0,3
BRDA:52,2,1,0
BRF:8
BRH:3
end_of_record
TN:
SF:src\components\admin\AdminPickupDashboard.jsx
FN:4,(anonymous_0)
FN:12,(anonymous_1)
FN:16,(anonymous_2)
FN:34,(anonymous_3)
FN:44,(anonymous_4)
FN:49,(anonymous_5)
FN:63,(anonymous_6)
FN:260,(anonymous_7)
FN:281,(anonymous_8)
FN:285,(anonymous_9)
FN:339,(anonymous_10)
FN:360,(anonymous_11)
FN:369,(anonymous_12)
FN:380,(anonymous_13)
FN:390,(anonymous_14)
FN:540,(anonymous_15)
FN:541,(anonymous_16)
FN:566,(anonymous_17)
FN:567,(anonymous_18)
FN:583,(anonymous_19)
FN:584,(anonymous_20)
FN:601,(anonymous_21)
FN:602,(anonymous_22)
FN:618,(anonymous_23)
FN:619,(anonymous_24)
FNF:25
FNH:0
FNDA:0,(anonymous_0)
FNDA:0,(anonymous_1)
FNDA:0,(anonymous_2)
FNDA:0,(anonymous_3)
FNDA:0,(anonymous_4)
FNDA:0,(anonymous_5)
FNDA:0,(anonymous_6)
FNDA:0,(anonymous_7)
FNDA:0,(anonymous_8)
FNDA:0,(anonymous_9)
FNDA:0,(anonymous_10)
FNDA:0,(anonymous_11)
FNDA:0,(anonymous_12)
FNDA:0,(anonymous_13)
FNDA:0,(anonymous_14)
FNDA:0,(anonymous_15)
FNDA:0,(anonymous_16)
FNDA:0,(anonymous_17)
FNDA:0,(anonymous_18)
FNDA:0,(anonymous_19)
FNDA:0,(anonymous_20)
FNDA:0,(anonymous_21)
FNDA:0,(anonymous_22)
FNDA:0,(anonymous_23)
FNDA:0,(anonymous_24)
DA:4,1
DA:5,0
DA:6,0
DA:7,0
DA:8,0
DA:9,0
DA:10,0
DA:12,0
DA:13,0
DA:16,0
DA:17,0
DA:18,0
DA:19,0
DA:24,0
DA:25,0
DA:27,0
DA:28,0
DA:30,0
DA:34,0
DA:35,0
DA:36,0
DA:37,0
DA:38,0
DA:40,0
DA:44,0
DA:45,0
DA:46,0
DA:49,0
DA:50,0
DA:60,0
DA:63,0
DA:64,0
DA:73,0
DA:74,0
DA:81,0
DA:82,0
DA:89,0
DA:260,0
DA:282,0
DA:285,0
DA:340,0
DA:341,0
DA:360,0
DA:369,1
DA:370,0
DA:380,0
DA:381,0
DA:387,0
DA:390,0
DA:391,0
DA:400,0
DA:541,0
DA:567,0
DA:584,0
DA:602,0
DA:619,0
LF:56
LH:2
BRDA:45,0,0,0
BRDA:45,0,1,0
BRDA:60,1,0,0
BRDA:60,1,1,0
BRDA:73,2,0,0
BRDA:73,2,1,0
BRDA:81,3,0,0
BRDA:81,3,1,0
BRDA:105,4,0,0
BRDA:105,4,1,0
BRDA:220,5,0,0
BRDA:220,5,1,0
BRDA:275,6,0,0
BRDA:275,6,1,0
BRDA:327,7,0,0
BRDA:327,7,1,0
BRDA:357,8,0,0
BRDA:357,8,1,0
BRDA:372,9,0,0
BRDA:372,9,1,0
BRDA:373,10,0,0
BRDA:373,10,1,0
BRDA:374,11,0,0
BRDA:374,11,1,0
BRDA:375,12,0,0
BRDA:375,12,1,0
BRDA:383,13,0,0
BRDA:383,13,1,0
BRDA:490,14,0,0
BRDA:490,14,1,0
BRDA:510,15,0,0
BRDA:510,15,1,0
BRDA:516,16,0,0
BRDA:516,16,1,0
BRF:34
BRH:0
end_of_record
TN:
SF:src\components\auth\AuthComponents.jsx
FN:3,(anonymous_0)
FN:17,(anonymous_1)
FN:18,(anonymous_2)
FN:23,(anonymous_3)
FN:24,(anonymous_4)
FN:49,(anonymous_5)
FN:69,(anonymous_6)
FN:78,(anonymous_7)
FN:89,(anonymous_8)
FN:95,(anonymous_9)
FN:99,(anonymous_10)
FN:106,(anonymous_11)
FN:111,(anonymous_12)
FN:125,(anonymous_13)
FNF:14
FNH:0
FNDA:0,(anonymous_0)
FNDA:0,(anonymous_1)
FNDA:0,(anonymous_2)
FNDA:0,(anonymous_3)
FNDA:0,(anonymous_4)
FNDA:0,(anonymous_5)
FNDA:0,(anonymous_6)
FNDA:0,(anonymous_7)
FNDA:0,(anonymous_8)
FNDA:0,(anonymous_9)
FNDA:0,(anonymous_10)
FNDA:0,(anonymous_11)
FNDA:0,(anonymous_12)
FNDA:0,(anonymous_13)
DA:3,1
DA:4,0
DA:17,0
DA:18,0
DA:23,1
DA:24,0
DA:25,0
DA:27,0
DA:33,0
DA:39,0
DA:45,0
DA:49,0
DA:50,0
DA:52,0
DA:54,0
DA:56,0
DA:58,0
DA:62,0
DA:70,0
DA:71,0
DA:72,0
DA:74,0
DA:79,0
DA:80,0
DA:89,1
DA:90,0
DA:92,0
DA:96,0
DA:99,0
DA:107,0
DA:108,0
DA:112,0
DA:113,0
DA:125,1
DA:126,0
LF:35
LH:4
BRDA:3,0,0,0
BRDA:23,1,0,0
BRDA:23,2,0,0
BRDA:23,3,0,0
BRDA:23,4,0,0
BRDA:25,5,0,0
BRDA:25,5,1,0
BRDA:25,5,2,0
BRDA:25,5,3,0
BRDA:50,6,0,0
BRDA:50,6,1,0
BRDA:50,6,2,0
BRDA:50,6,3,0
BRDA:70,7,0,0
BRDA:70,7,1,0
BRDA:71,8,0,0
BRDA:71,8,1,0
BRDA:79,9,0,0
BRDA:79,9,1,0
BRDA:80,10,0,0
BRDA:80,10,1,0
BRDA:102,11,0,0
BRDA:102,11,1,0
BRDA:107,12,0,0
BRDA:107,12,1,0
BRDA:112,13,0,0
BRDA:112,13,1,0
BRF:27
BRH:0
end_of_record
TN:
SF:src\components\auth\ProtectedRoute.jsx
FN:9,(anonymous_0)
FNF:1
FNH:0
FNDA:0,(anonymous_0)
DA:9,1
DA:10,0
DA:13,0
DA:14,0
DA:18,0
DA:19,0
DA:22,0
LF:7
LH:1
BRDA:9,0,0,0
BRDA:13,1,0,0
BRDA:13,1,1,0
BRDA:18,2,0,0
BRDA:18,2,1,0
BRDA:18,3,0,0
BRDA:18,3,1,0
BRF:7
BRH:0
end_of_record
TN:
SF:src\components\collection\AvailableBinsSection.jsx
FN:7,(anonymous_0)
FN:8,(anonymous_1)
FN:55,(anonymous_2)
FNF:3
FNH:0
FNDA:0,(anonymous_0)
FNDA:0,(anonymous_1)
FNDA:0,(anonymous_2)
DA:7,1
DA:8,0
DA:9,0
DA:11,0
DA:17,0
DA:23,0
DA:29,0
DA:35,0
DA:41,0
DA:49,0
DA:56,0
DA:57,0
LF:12
LH:1
BRDA:9,0,0,0
BRDA:9,0,1,0
BRDA:9,0,2,0
BRDA:9,0,3,0
BRDA:9,0,4,0
BRDA:9,0,5,0
BRF:6
BRH:0
end_of_record
TN:
SF:src\components\collection\BinScanningSection.jsx
FN:7,(anonymous_0)
FN:26,(anonymous_1)
FN:29,(anonymous_2)
FNF:3
FNH:0
FNDA:0,(anonymous_0)
FNDA:0,(anonymous_1)
FNDA:0,(anonymous_2)
DA:7,1
DA:13,0
DA:26,0
DA:29,0
LF:4
LH:1
BRDA:29,0,0,0
BRDA:29,0,1,0
BRF:2
BRH:0
end_of_record
TN:
SF:src\components\collection\CollectionComponents.jsx
FN:4,(anonymous_0)
FN:10,(anonymous_1)
FN:16,(anonymous_2)
FN:22,(anonymous_3)
FN:29,(anonymous_4)
FN:50,(anonymous_5)
FN:52,(anonymous_6)
FN:71,(anonymous_7)
FN:89,(anonymous_8)
FN:113,(anonymous_9)
FN:152,(anonymous_10)
FN:163,(anonymous_11)
FN:212,(anonymous_12)
FN:231,(anonymous_13)
FN:255,(anonymous_14)
FN:257,(anonymous_15)
FN:273,(anonymous_16)
FN:311,(anonymous_17)
FN:335,(anonymous_18)
FNF:19
FNH:0
FNDA:0,(anonymous_0)
FNDA:0,(anonymous_1)
FNDA:0,(anonymous_2)
FNDA:0,(anonymous_3)
FNDA:0,(anonymous_4)
FNDA:0,(anonymous_5)
FNDA:0,(anonymous_6)
FNDA:0,(anonymous_7)
FNDA:0,(anonymous_8)
FNDA:0,(anonymous_9)
FNDA:0,(anonymous_10)
FNDA:0,(anonymous_11)
FNDA:0,(anonymous_12)
FNDA:0,(anonymous_13)
FNDA:0,(anonymous_14)
FNDA:0,(anonymous_15)
FNDA:0,(anonymous_16)
FNDA:0,(anonymous_17)
FNDA:0,(anonymous_18)
DA:4,1
DA:5,0
DA:10,1
DA:11,0
DA:16,1
DA:17,0
DA:22,1
DA:23,0
DA:29,1
DA:30,0
DA:50,1
DA:52,0
DA:53,0
DA:54,0
DA:56,0
DA:58,0
DA:60,0
DA:62,0
DA:64,0
DA:66,0
DA:71,0
DA:72,0
DA:74,0
DA:76,0
DA:78,0
DA:80,0
DA:82,0
DA:84,0
DA:89,0
DA:90,0
DA:92,0
DA:94,0
DA:96,0
DA:98,0
DA:100,0
DA:104,0
DA:114,0
DA:152,1
DA:161,0
DA:163,0
DA:164,0
DA:166,0
DA:168,0
DA:170,0
DA:172,0
DA:174,0
DA:178,0
DA:212,1
DA:213,0
DA:216,0
DA:227,0
DA:232,0
DA:255,1
DA:257,0
DA:258,0
DA:260,0
DA:262,0
DA:264,0
DA:266,0
DA:268,0
DA:273,0
DA:274,0
DA:275,0
DA:276,0
DA:280,0
DA:312,0
DA:335,0
LF:67
LH:9
BRDA:50,0,0,0
BRDA:54,1,0,0
BRDA:54,1,1,0
BRDA:54,1,2,0
BRDA:54,1,3,0
BRDA:54,1,4,0
BRDA:54,1,5,0
BRDA:72,2,0,0
BRDA:72,2,1,0
BRDA:72,2,2,0
BRDA:72,2,3,0
BRDA:72,2,4,0
BRDA:72,2,5,0
BRDA:90,3,0,0
BRDA:90,3,1,0
BRDA:90,3,2,0
BRDA:90,3,3,0
BRDA:90,3,4,0
BRDA:111,4,0,0
BRDA:111,4,1,0
BRDA:126,5,0,0
BRDA:126,5,1,0
BRDA:156,6,0,0
BRDA:158,7,0,0
BRDA:159,8,0,0
BRDA:161,9,0,0
BRDA:161,9,1,0
BRDA:164,10,0,0
BRDA:164,10,1,0
BRDA:164,10,2,0
BRDA:164,10,3,0
BRDA:164,10,4,0
BRDA:180,11,0,0
BRDA:180,11,1,0
BRDA:184,12,0,0
BRDA:184,12,1,0
BRDA:186,13,0,0
BRDA:186,13,1,0
BRDA:212,14,0,0
BRDA:213,15,0,0
BRDA:213,15,1,0
BRDA:255,16,0,0
BRDA:258,17,0,0
BRDA:258,17,1,0
BRDA:258,17,2,0
BRDA:258,17,3,0
BRDA:258,17,4,0
BRDA:275,18,0,0
BRDA:275,18,1,0
BRDA:346,19,0,0
BRDA:346,19,1,0
BRF:51
BRH:0
end_of_record
TN:
SF:src\components\collection\CollectionHeader.jsx
FN:8,(anonymous_0)
FN:15,(anonymous_1)
FN:22,(anonymous_2)
FNF:3
FNH:0
FNDA:0,(anonymous_0)
FNDA:0,(anonymous_1)
FNDA:0,(anonymous_2)
DA:8,1
DA:9,0
DA:15,1
DA:16,0
DA:22,1
DA:23,0
LF:6
LH:3
BRDA:35,0,0,0
BRDA:35,0,1,0
BRF:2
BRH:0
end_of_record
TN:
SF:src\components\collection\CollectionProgress.jsx
FN:9,(anonymous_0)
FN:15,(anonymous_1)
FN:21,(anonymous_2)
FN:27,(anonymous_3)
FNF:4
FNH:0
FNDA:0,(anonymous_0)
FNDA:0,(anonymous_1)
FNDA:0,(anonymous_2)
FNDA:0,(anonymous_3)
DA:9,1
DA:10,0
DA:15,1
DA:16,0
DA:21,1
DA:22,0
DA:27,1
DA:28,0
LF:8
LH:4
BRDA:34,0,0,0
BRDA:34,0,1,0
BRDA:41,1,0,0
BRDA:41,1,1,0
BRF:4
BRH:0
end_of_record
TN:
SF:src\components\collection\FullSummaryModal.jsx
FN:20,(anonymous_0)
FN:26,(anonymous_1)
FN:32,(anonymous_2)
FN:38,(anonymous_3)
FN:48,(anonymous_4)
FN:75,(anonymous_5)
FN:76,(anonymous_6)
FN:117,(anonymous_7)
FN:213,(anonymous_8)
FNF:9
FNH:0
FNDA:0,(anonymous_0)
FNDA:0,(anonymous_1)
FNDA:0,(anonymous_2)
FNDA:0,(anonymous_3)
FNDA:0,(anonymous_4)
FNDA:0,(anonymous_5)
FNDA:0,(anonymous_6)
FNDA:0,(anonymous_7)
FNDA:0,(anonymous_8)
DA:20,1
DA:21,0
DA:26,1
DA:27,0
DA:32,1
DA:33,0
DA:38,1
DA:39,0
DA:48,1
DA:49,0
DA:56,0
DA:75,1
DA:76,0
DA:77,0
DA:78,0
DA:79,0
DA:82,0
DA:117,1
DA:118,0
DA:120,0
DA:130,0
DA:214,0
LF:22
LH:7
BRDA:48,0,0,0
BRDA:77,1,0,0
BRDA:77,1,1,0
BRDA:78,2,0,0
BRDA:78,2,1,0
BRDA:118,3,0,0
BRDA:118,3,1,0
BRDA:120,4,0,0
BRDA:120,4,1,0
BRDA:214,5,0,0
BRDA:214,5,1,0
BRF:11
BRH:0
end_of_record
TN:
SF:src\components\collection\LocationTrackingSection.jsx
FN:7,(anonymous_0)
FNF:1
FNH:0
FNDA:0,(anonymous_0)
DA:7,1
DA:18,0
LF:2
LH:1
BRDA:30,0,0,0
BRDA:30,0,1,0
BRDA:34,1,0,0
BRDA:34,1,1,0
BRDA:40,2,0,0
BRDA:40,2,1,0
BRDA:40,2,2,0
BRDA:49,3,0,0
BRDA:49,3,1,0
BRDA:51,4,0,0
BRDA:51,4,1,0
BRDA:53,5,0,0
BRDA:53,5,1,0
BRDA:85,6,0,0
BRDA:85,6,1,0
BRDA:96,7,0,0
BRDA:96,7,1,0
BRDA:101,8,0,0
BRDA:101,8,1,0
BRDA:109,9,0,0
BRDA:109,9,1,0
BRDA:118,10,0,0
BRDA:118,10,1,0
BRF:23
BRH:0
end_of_record
TN:
SF:src\components\collection\ManualEntrySection.jsx
FN:7,(anonymous_0)
FN:33,(anonymous_1)
FN:47,(anonymous_2)
FNF:3
FNH:0
FNDA:0,(anonymous_0)
FNDA:0,(anonymous_1)
FNDA:0,(anonymous_2)
DA:7,1
DA:16,0
DA:18,0
DA:33,0
DA:47,0
LF:5
LH:1
BRDA:16,0,0,0
BRDA:16,0,1,0
BRF:2
BRH:0
end_of_record
TN:
SF:src\components\collection\NavigationMap.jsx
FN:13,(anonymous_0)
FN:18,(anonymous_1)
FN:22,(anonymous_2)
FN:26,(anonymous_3)
FN:39,(anonymous_4)
FN:90,(anonymous_5)
FN:118,(anonymous_6)
FN:140,(anonymous_7)
FN:149,(anonymous_8)
FN:159,(anonymous_9)
FN:171,(anonymous_10)
FN:182,(anonymous_11)
FN:191,(anonymous_12)
FN:210,(anonymous_13)
FN:211,(anonymous_14)
FN:227,(anonymous_15)
FN:297,(anonymous_16)
FN:301,(anonymous_17)
FN:309,(anonymous_18)
FN:321,(anonymous_19)
FN:330,(anonymous_20)
FN:331,(anonymous_21)
FN:397,(anonymous_22)
FN:410,(anonymous_23)
FN:447,(anonymous_24)
FN:448,(anonymous_25)
FN:465,(anonymous_26)
FN:465,(anonymous_27)
FN:466,(anonymous_28)
FN:505,(anonymous_29)
FN:511,(anonymous_30)
FN:535,(anonymous_31)
FN:590,(anonymous_32)
FN:665,(anonymous_33)
FNF:34
FNH:0
FNDA:0,(anonymous_0)
FNDA:0,(anonymous_1)
FNDA:0,(anonymous_2)
FNDA:0,(anonymous_3)
FNDA:0,(anonymous_4)
FNDA:0,(anonymous_5)
FNDA:0,(anonymous_6)
FNDA:0,(anonymous_7)
FNDA:0,(anonymous_8)
FNDA:0,(anonymous_9)
FNDA:0,(anonymous_10)
FNDA:0,(anonymous_11)
FNDA:0,(anonymous_12)
FNDA:0,(anonymous_13)
FNDA:0,(anonymous_14)
FNDA:0,(anonymous_15)
FNDA:0,(anonymous_16)
FNDA:0,(anonymous_17)
FNDA:0,(anonymous_18)
FNDA:0,(anonymous_19)
FNDA:0,(anonymous_20)
FNDA:0,(anonymous_21)
FNDA:0,(anonymous_22)
FNDA:0,(anonymous_23)
FNDA:0,(anonymous_24)
FNDA:0,(anonymous_25)
FNDA:0,(anonymous_26)
FNDA:0,(anonymous_27)
FNDA:0,(anonymous_28)
FNDA:0,(anonymous_29)
FNDA:0,(anonymous_30)
FNDA:0,(anonymous_31)
FNDA:0,(anonymous_32)
FNDA:0,(anonymous_33)
DA:14,0
DA:15,0
DA:19,0
DA:23,0
DA:27,0
DA:28,0
DA:39,0
DA:49,0
DA:70,1
DA:90,1
DA:100,0
DA:101,0
DA:102,0
DA:103,0
DA:104,0
DA:105,0
DA:106,0
DA:107,0
DA:110,0
DA:113,0
DA:118,0
DA:119,0
DA:121,0
DA:123,0
DA:124,0
DA:127,0
DA:137,0
DA:140,0
DA:141,0
DA:142,0
DA:143,0
DA:144,0
DA:145,0
DA:149,0
DA:150,0
DA:151,0
DA:155,0
DA:156,0
DA:159,0
DA:160,0
DA:161,0
DA:162,0
DA:171,0
DA:172,0
DA:173,0
DA:174,0
DA:175,0
DA:182,0
DA:183,0
DA:184,0
DA:191,0
DA:192,0
DA:193,0
DA:194,0
DA:198,0
DA:199,0
DA:200,0
DA:203,0
DA:205,0
DA:206,0
DA:207,0
DA:210,0
DA:211,0
DA:214,0
DA:215,0
DA:216,0
DA:220,0
DA:221,0
DA:227,0
DA:228,0
DA:229,0
DA:230,0
DA:234,0
DA:236,0
DA:237,0
DA:241,0
DA:242,0
DA:246,0
DA:247,0
DA:248,0
DA:260,0
DA:261,0
DA:268,0
DA:271,0
DA:285,0
DA:286,0
DA:297,0
DA:298,0
DA:301,0
DA:302,0
DA:305,0
DA:306,0
DA:309,0
DA:311,0
DA:315,0
DA:318,0
DA:321,0
DA:325,0
DA:326,0
DA:327,0
DA:330,0
DA:331,0
DA:332,0
DA:334,0
DA:335,0
DA:338,0
DA:339,0
DA:340,0
DA:344,0
DA:345,0
DA:346,0
DA:362,0
DA:365,0
DA:366,0
DA:367,0
DA:374,0
DA:378,0
DA:390,0
DA:396,0
DA:397,0
DA:398,0
DA:402,0
DA:410,0
DA:411,0
DA:414,0
DA:415,0
DA:417,0
DA:418,0
DA:422,0
DA:424,0
DA:425,0
DA:427,0
DA:428,0
DA:432,0
DA:435,0
DA:436,0
DA:440,0
DA:443,0
DA:446,0
DA:447,0
DA:448,0
DA:449,0
DA:450,0
DA:455,0
DA:456,0
DA:464,0
DA:465,0
DA:466,0
DA:468,0
DA:469,0
DA:473,0
DA:474,0
DA:476,0
DA:485,0
DA:488,0
DA:493,0
DA:505,0
DA:506,0
DA:509,0
DA:511,0
DA:512,0
DA:513,0
DA:514,0
DA:516,0
DA:517,0
DA:520,0
DA:525,0
DA:535,0
DA:536,0
DA:538,0
DA:540,0
DA:541,0
DA:542,0
DA:544,0
DA:548,0
DA:561,0
DA:578,0
DA:583,0
DA:590,0
DA:591,0
DA:592,0
DA:595,0
DA:597,0
DA:665,1
DA:666,0
LF:185
LH:3
BRDA:27,0,0,0
BRDA:27,0,1,0
BRDA:92,1,0,0
BRDA:93,2,0,0
BRDA:94,3,0,0
BRDA:95,4,0,0
BRDA:96,5,0,0
BRDA:97,6,0,0
BRDA:98,7,0,0
BRDA:119,8,0,0
BRDA:119,8,1,0
BRDA:124,9,0,0
BRDA:124,9,1,0
BRDA:160,10,0,0
BRDA:160,10,1,0
BRDA:172,11,0,0
BRDA:172,11,1,0
BRDA:172,12,0,0
BRDA:172,12,1,0
BRDA:183,13,0,0
BRDA:183,13,1,0
BRDA:183,14,0,0
BRDA:183,14,1,0
BRDA:192,15,0,0
BRDA:192,15,1,0
BRDA:198,16,0,0
BRDA:198,16,1,0
BRDA:198,17,0,0
BRDA:198,17,1,0
BRDA:205,18,0,0
BRDA:205,18,1,0
BRDA:205,19,0,0
BRDA:205,19,1,0
BRDA:214,20,0,0
BRDA:214,20,1,0
BRDA:228,21,0,0
BRDA:228,21,1,0
BRDA:228,22,0,0
BRDA:228,22,1,0
BRDA:234,23,0,0
BRDA:234,23,1,0
BRDA:234,24,0,0
BRDA:234,24,1,0
BRDA:234,24,2,0
BRDA:234,24,3,0
BRDA:241,25,0,0
BRDA:241,25,1,0
BRDA:278,26,0,0
BRDA:278,26,1,0
BRDA:285,27,0,0
BRDA:285,27,1,0
BRDA:298,28,0,0
BRDA:298,28,1,0
BRDA:305,29,0,0
BRDA:305,29,1,0
BRDA:305,30,0,0
BRDA:305,30,1,0
BRDA:320,31,0,0
BRDA:320,31,1,0
BRDA:321,32,0,0
BRDA:321,32,1,0
BRDA:325,33,0,0
BRDA:325,33,1,0
BRDA:325,34,0,0
BRDA:325,34,1,0
BRDA:332,35,0,0
BRDA:332,35,1,0
BRDA:334,36,0,0
BRDA:334,36,1,0
BRDA:338,37,0,0
BRDA:338,37,1,0
BRDA:360,38,0,0
BRDA:360,38,1,0
BRDA:365,39,0,0
BRDA:365,39,1,0
BRDA:385,40,0,0
BRDA:385,40,1,0
BRDA:396,41,0,0
BRDA:396,41,1,0
BRDA:411,42,0,0
BRDA:411,42,1,0
BRDA:414,43,0,0
BRDA:414,43,1,0
BRDA:414,44,0,0
BRDA:414,44,1,0
BRDA:424,45,0,0
BRDA:424,45,1,0
BRDA:424,46,0,0
BRDA:424,46,1,0
BRDA:435,47,0,0
BRDA:435,47,1,0
BRDA:449,48,0,0
BRDA:449,48,1,0
BRDA:455,49,0,0
BRDA:455,49,1,0
BRDA:468,50,0,0
BRDA:468,50,1,0
BRDA:469,51,0,0
BRDA:469,51,1,0
BRDA:473,52,0,0
BRDA:473,52,1,0
BRDA:474,53,0,0
BRDA:474,53,1,0
BRDA:478,54,0,0
BRDA:478,54,1,0
BRDA:485,55,0,0
BRDA:485,55,1,0
BRDA:485,56,0,0
BRDA:485,56,1,0
BRDA:485,56,2,0
BRDA:485,56,3,0
BRDA:485,56,4,0
BRDA:485,56,5,0
BRDA:506,57,0,0
BRDA:506,57,1,0
BRDA:513,58,0,0
BRDA:513,58,1,0
BRDA:513,59,0,0
BRDA:513,59,1,0
BRDA:516,60,0,0
BRDA:516,60,1,0
BRDA:516,61,0,0
BRDA:516,61,1,0
BRDA:536,62,0,0
BRDA:536,62,1,0
BRDA:540,63,0,0
BRDA:540,63,1,0
BRDA:541,64,0,0
BRDA:541,64,1,0
BRDA:573,65,0,0
BRDA:573,65,1,0
BRDA:591,66,0,0
BRDA:591,66,1,0
BRDA:607,67,0,0
BRDA:607,67,1,0
BRDA:607,67,2,0
BRDA:617,68,0,0
BRDA:617,68,1,0
BRDA:627,69,0,0
BRDA:627,69,1,0
BRDA:627,69,2,0
BRDA:627,69,3,0
BRDA:627,69,4,0
BRDA:638,70,0,0
BRDA:638,70,1,0
BRDA:638,70,2,0
BRF:146
BRH:0
end_of_record
TN:
SF:src\components\collection\RouteSummarySection.jsx
FN:7,(anonymous_0)
FNF:1
FNH:0
FNDA:0,(anonymous_0)
DA:7,1
DA:8,0
LF:2
LH:1
BRDA:11,0,0,0
BRDA:11,0,1,0
BRF:2
BRH:0
end_of_record
TN:
SF:src\components\common\GPSPermissionDialog.jsx
FN:21,(anonymous_0)
FN:27,(anonymous_1)
FN:33,(anonymous_2)
FN:39,(anonymous_3)
FN:45,(anonymous_4)
FN:58,(anonymous_5)
FN:86,(anonymous_6)
FN:94,(anonymous_7)
FNF:8
FNH:0
FNDA:0,(anonymous_0)
FNDA:0,(anonymous_1)
FNDA:0,(anonymous_2)
FNDA:0,(anonymous_3)
FNDA:0,(anonymous_4)
FNDA:0,(anonymous_5)
FNDA:0,(anonymous_6)
FNDA:0,(anonymous_7)
DA:21,1
DA:22,0
DA:27,1
DA:28,0
DA:33,1
DA:34,0
DA:39,1
DA:40,0
DA:45,1
DA:52,0
DA:53,0
DA:58,0
DA:59,0
DA:60,0
DA:62,0
DA:63,0
DA:64,0
DA:66,0
DA:67,0
DA:69,0
DA:72,0
DA:73,0
DA:79,0
DA:86,0
DA:87,0
DA:88,0
DA:94,0
DA:95,0
DA:96,0
DA:99,0
DA:101,0
LF:31
LH:5
BRDA:50,0,0,0
BRDA:66,1,0,0
BRDA:66,1,1,0
BRDA:67,2,0,0
BRDA:67,2,1,0
BRDA:69,3,0,0
BRDA:69,3,1,0
BRDA:95,4,0,0
BRDA:95,4,1,0
BRDA:99,5,0,0
BRDA:99,5,1,0
BRDA:145,6,0,0
BRDA:145,6,1,0
BRDA:147,7,0,0
BRDA:147,7,1,0
BRDA:152,8,0,0
BRDA:152,8,1,0
BRDA:158,9,0,0
BRDA:158,9,1,0
BRDA:160,10,0,0
BRDA:160,10,1,0
BRDA:164,11,0,0
BRDA:164,11,1,0
BRDA:173,12,0,0
BRDA:173,12,1,0
BRDA:180,13,0,0
BRDA:180,13,1,0
BRDA:187,14,0,0
BRDA:187,14,1,0
BRDA:203,15,0,0
BRDA:203,15,1,0
BRF:31
BRH:0
end_of_record
TN:
SF:src\components\common\ModalBackdrop.jsx
FN:39,(anonymous_0)
FN:57,(anonymous_1)
FN:75,(anonymous_2)
FN:142,(anonymous_3)
FN:147,(anonymous_4)
FN:156,(anonymous_5)
FN:164,(anonymous_6)
FN:171,(anonymous_7)
FN:179,(anonymous_8)
FNF:9
FNH:0
FNDA:0,(anonymous_0)
FNDA:0,(anonymous_1)
FNDA:0,(anonymous_2)
FNDA:0,(anonymous_3)
FNDA:0,(anonymous_4)
FNDA:0,(anonymous_5)
FNDA:0,(anonymous_6)
FNDA:0,(anonymous_7)
FNDA:0,(anonymous_8)
DA:22,1
DA:29,1
DA:40,0
DA:42,0
DA:43,0
DA:47,0
DA:48,0
DA:49,0
DA:58,0
DA:60,0
DA:61,0
DA:65,0
DA:66,0
DA:67,0
DA:76,0
DA:78,0
DA:79,0
DA:80,0
DA:134,0
DA:142,1
DA:143,0
DA:144,0
DA:145,0
DA:147,0
DA:148,0
DA:151,0
DA:152,0
DA:153,0
DA:154,0
DA:156,0
DA:157,0
DA:158,0
DA:159,0
DA:164,0
DA:165,0
DA:167,0
DA:168,0
DA:171,0
DA:172,0
DA:176,0
DA:179,0
DA:180,0
DA:181,0
DA:186,0
DA:189,0
DA:203,0
LF:46
LH:3
BRDA:42,0,0,0
BRDA:42,0,1,0
BRDA:48,1,0,0
BRDA:48,1,1,0
BRDA:60,2,0,0
BRDA:60,2,1,0
BRDA:66,3,0,0
BRDA:66,3,1,0
BRDA:76,4,0,0
BRDA:76,4,1,0
BRDA:158,5,0,0
BRDA:158,5,1,0
BRDA:158,6,0,0
BRDA:158,6,1,0
BRDA:165,7,0,0
BRDA:165,7,1,0
BRDA:186,8,0,0
BRDA:186,8,1,0
BRDA:186,9,0,0
BRDA:186,9,1,0
BRDA:192,10,0,0
BRDA:192,10,1,0
BRDA:197,11,0,0
BRDA:197,11,1,0
BRF:24
BRH:0
end_of_record
TN:
SF:src\components\dashboard\ActionButton.jsx
FN:6,(anonymous_0)
FNF:1
FNH:0
FNDA:0,(anonymous_0)
DA:6,1
DA:7,0
DA:14,0
LF:3
LH:1
BRDA:6,0,0,0
BRF:1
BRH:0
end_of_record
TN:
SF:src\components\dashboard\ActivityItem.jsx
FN:8,(anonymous_0)
FN:9,(anonymous_1)
FN:21,(anonymous_2)
FNF:3
FNH:0
FNDA:0,(anonymous_0)
FNDA:0,(anonymous_1)
FNDA:0,(anonymous_2)
DA:8,1
DA:9,0
DA:10,0
DA:18,0
DA:21,0
DA:22,0
DA:30,0
DA:33,0
LF:8
LH:1
BRDA:18,0,0,0
BRDA:18,0,1,0
BRDA:30,1,0,0
BRDA:30,1,1,0
BRF:4
BRH:0
end_of_record
TN:
SF:src\components\dashboard\AdminDashboardLayout.jsx
FN:8,(anonymous_0)
FN:12,(anonymous_1)
FN:16,(anonymous_2)
FN:48,(anonymous_3)
FN:62,(anonymous_4)
FN:69,(anonymous_5)
FN:131,(anonymous_6)
FN:132,(anonymous_7)
FN:153,(anonymous_8)
FN:164,(anonymous_9)
FNF:10
FNH:2
FNDA:5,(anonymous_0)
FNDA:0,(anonymous_1)
FNDA:0,(anonymous_2)
FNDA:0,(anonymous_3)
FNDA:25,(anonymous_4)
FNDA:0,(anonymous_5)
FNDA:0,(anonymous_6)
FNDA:0,(anonymous_7)
FNDA:0,(anonymous_8)
FNDA:0,(anonymous_9)
DA:8,2
DA:21,5
DA:22,5
DA:48,0
DA:63,25
DA:64,25
DA:66,25
DA:69,0
DA:131,0
DA:132,0
DA:153,2
DA:154,0
DA:156,0
DA:164,0
DA:165,0
DA:168,0
LF:16
LH:7
BRDA:10,0,0,0
BRDA:11,1,0,0
BRDA:12,2,0,0
BRDA:13,3,0,0
BRDA:14,4,0,5
BRDA:15,5,0,0
BRDA:16,6,0,0
BRDA:17,7,0,0
BRDA:18,8,0,0
BRDA:27,9,0,5
BRDA:27,9,1,0
BRDA:33,10,0,5
BRDA:33,10,1,5
BRDA:35,11,0,0
BRDA:35,11,1,5
BRDA:51,12,0,5
BRDA:51,12,1,0
BRDA:71,13,0,5
BRDA:71,13,1,20
BRDA:75,14,0,5
BRDA:75,14,1,20
BRDA:77,15,0,25
BRDA:77,15,1,25
BRDA:77,16,0,5
BRDA:77,16,1,20
BRDA:77,17,0,5
BRDA:77,17,1,20
BRDA:78,18,0,25
BRDA:78,18,1,25
BRDA:79,19,0,5
BRDA:79,19,1,20
BRDA:79,20,0,5
BRDA:79,20,1,20
BRDA:96,21,0,5
BRDA:96,21,1,5
BRDA:99,22,0,5
BRDA:99,22,1,5
BRDA:114,23,0,5
BRDA:114,23,1,0
BRF:39
BRH:27
end_of_record
TN:
SF:src\components\dashboard\BusinessDashboardLayout.jsx
FN:7,(anonymous_0)
FN:10,(anonymous_1)
FN:14,(anonymous_2)
FN:47,(anonymous_3)
FN:61,(anonymous_4)
FN:68,(anonymous_5)
FN:130,(anonymous_6)
FN:131,(anonymous_7)
FNF:8
FNH:0
FNDA:0,(anonymous_0)
FNDA:0,(anonymous_1)
FNDA:0,(anonymous_2)
FNDA:0,(anonymous_3)
FNDA:0,(anonymous_4)
FNDA:0,(anonymous_5)
FNDA:0,(anonymous_6)
FNDA:0,(anonymous_7)
DA:7,1
DA:19,0
DA:21,0
DA:47,0
DA:62,0
DA:63,0
DA:65,0
DA:68,0
DA:130,0
DA:131,0
LF:10
LH:1
BRDA:8,0,0,0
BRDA:9,1,0,0
BRDA:10,2,0,0
BRDA:11,3,0,0
BRDA:12,4,0,0
BRDA:13,5,0,0
BRDA:14,6,0,0
BRDA:15,7,0,0
BRDA:16,8,0,0
BRDA:26,9,0,0
BRDA:26,9,1,0
BRDA:32,10,0,0
BRDA:32,10,1,0
BRDA:34,11,0,0
BRDA:34,11,1,0
BRDA:50,12,0,0
BRDA:50,12,1,0
BRDA:70,13,0,0
BRDA:70,13,1,0
BRDA:74,14,0,0
BRDA:74,14,1,0
BRDA:76,15,0,0
BRDA:76,15,1,0
BRDA:76,16,0,0
BRDA:76,16,1,0
BRDA:76,17,0,0
BRDA:76,17,1,0
BRDA:77,18,0,0
BRDA:77,18,1,0
BRDA:78,19,0,0
BRDA:78,19,1,0
BRDA:78,20,0,0
BRDA:78,20,1,0
BRDA:95,21,0,0
BRDA:95,21,1,0
BRDA:98,22,0,0
BRDA:98,22,1,0
BRDA:113,23,0,0
BRDA:113,23,1,0
BRDA:118,24,0,0
BRDA:118,24,1,0
BRDA:122,25,0,0
BRDA:122,25,1,0
BRF:43
BRH:0
end_of_record
TN:
SF:src\components\dashboard\DashboardCard.jsx
FN:19,(anonymous_0)
FN:21,(anonymous_1)
FN:41,(anonymous_2)
FN:45,(anonymous_3)
FN:49,(anonymous_4)
FNF:5
FNH:0
FNDA:0,(anonymous_0)
FNDA:0,(anonymous_1)
FNDA:0,(anonymous_2)
FNDA:0,(anonymous_3)
FNDA:0,(anonymous_4)
DA:19,1
DA:21,0
DA:22,0
DA:24,0
DA:31,0
DA:32,0
DA:41,0
DA:42,0
DA:45,0
DA:46,0
DA:49,0
DA:50,0
DA:51,0
DA:55,0
LF:14
LH:1
BRDA:22,0,0,0
BRDA:22,0,1,0
BRDA:50,1,0,0
BRDA:50,1,1,0
BRF:4
BRH:0
end_of_record
TN:
SF:src\components\dashboard\RecyclingRatesChart.jsx
FN:12,(anonymous_0)
FN:51,(anonymous_1)
FNF:2
FNH:0
FNDA:0,(anonymous_0)
FNDA:0,(anonymous_1)
DA:12,1
DA:13,0
DA:20,0
DA:51,0
LF:4
LH:1
BRF:0
BRH:0
end_of_record
TN:
SF:src\components\dashboard\ResidentDashboardLayout.jsx
FN:17,(anonymous_0)
FN:20,(anonymous_1)
FN:24,(anonymous_2)
FN:65,(anonymous_3)
FN:79,(anonymous_4)
FN:86,(anonymous_5)
FN:179,(anonymous_6)
FN:182,(anonymous_7)
FNF:8
FNH:0
FNDA:0,(anonymous_0)
FNDA:0,(anonymous_1)
FNDA:0,(anonymous_2)
FNDA:0,(anonymous_3)
FNDA:0,(anonymous_4)
FNDA:0,(anonymous_5)
FNDA:0,(anonymous_6)
FNDA:0,(anonymous_7)
DA:17,1
DA:29,0
DA:31,0
DA:65,0
DA:80,0
DA:81,0
DA:83,0
DA:86,0
DA:180,0
DA:183,0
LF:10
LH:1
BRDA:18,0,0,0
BRDA:19,1,0,0
BRDA:20,2,0,0
BRDA:21,3,0,0
BRDA:22,4,0,0
BRDA:23,5,0,0
BRDA:24,6,0,0
BRDA:25,7,0,0
BRDA:26,8,0,0
BRDA:36,9,0,0
BRDA:36,9,1,0
BRDA:42,10,0,0
BRDA:42,10,1,0
BRDA:44,11,0,0
BRDA:44,11,1,0
BRDA:68,12,0,0
BRDA:68,12,1,0
BRDA:88,13,0,0
BRDA:88,13,1,0
BRDA:93,14,0,0
BRDA:93,14,1,0
BRDA:102,15,0,0
BRDA:102,15,1,0
BRDA:105,16,0,0
BRDA:105,16,1,0
BRDA:107,17,0,0
BRDA:107,17,1,0
BRDA:110,18,0,0
BRDA:110,18,1,0
BRDA:112,19,0,0
BRDA:112,19,1,0
BRDA:113,20,0,0
BRDA:113,20,1,0
BRDA:131,21,0,0
BRDA:131,21,1,0
BRDA:136,22,0,0
BRDA:136,22,1,0
BRDA:153,23,0,0
BRDA:153,23,1,0
BRDA:165,24,0,0
BRDA:165,24,1,0
BRDA:170,25,0,0
BRDA:170,25,1,0
BRF:43
BRH:0
end_of_record
TN:
SF:src\components\dashboard\WasteTrendsChart.jsx
FN:12,(anonymous_0)
FNF:1
FNH:0
FNDA:0,(anonymous_0)
DA:12,1
DA:13,0
DA:22,0
LF:3
LH:1
BRF:0
BRH:0
end_of_record
TN:
SF:src\components\dashboard\WorkerDashboardLayout.jsx
FN:7,(anonymous_0)
FN:10,(anonymous_1)
FN:14,(anonymous_2)
FN:47,(anonymous_3)
FN:61,(anonymous_4)
FN:68,(anonymous_5)
FN:130,(anonymous_6)
FN:131,(anonymous_7)
FN:152,(anonymous_8)
FN:164,(anonymous_9)
FNF:10
FNH:0
FNDA:0,(anonymous_0)
FNDA:0,(anonymous_1)
FNDA:0,(anonymous_2)
FNDA:0,(anonymous_3)
FNDA:0,(anonymous_4)
FNDA:0,(anonymous_5)
FNDA:0,(anonymous_6)
FNDA:0,(anonymous_7)
FNDA:0,(anonymous_8)
FNDA:0,(anonymous_9)
DA:7,1
DA:19,0
DA:21,0
DA:47,0
DA:62,0
DA:63,0
DA:65,0
DA:68,0
DA:130,0
DA:131,0
DA:152,1
DA:153,0
DA:155,0
DA:164,0
DA:165,0
DA:168,0
LF:16
LH:2
BRDA:8,0,0,0
BRDA:9,1,0,0
BRDA:10,2,0,0
BRDA:11,3,0,0
BRDA:12,4,0,0
BRDA:13,5,0,0
BRDA:14,6,0,0
BRDA:15,7,0,0
BRDA:16,8,0,0
BRDA:26,9,0,0
BRDA:26,9,1,0
BRDA:32,10,0,0
BRDA:32,10,1,0
BRDA:34,11,0,0
BRDA:34,11,1,0
BRDA:50,12,0,0
BRDA:50,12,1,0
BRDA:70,13,0,0
BRDA:70,13,1,0
BRDA:74,14,0,0
BRDA:74,14,1,0
BRDA:76,15,0,0
BRDA:76,15,1,0
BRDA:76,16,0,0
BRDA:76,16,1,0
BRDA:76,17,0,0
BRDA:76,17,1,0
BRDA:77,18,0,0
BRDA:77,18,1,0
BRDA:78,19,0,0
BRDA:78,19,1,0
BRDA:78,20,0,0
BRDA:78,20,1,0
BRDA:95,21,0,0
BRDA:95,21,1,0
BRDA:98,22,0,0
BRDA:98,22,1,0
BRDA:113,23,0,0
BRDA:113,23,1,0
BRDA:118,24,0,0
BRDA:118,24,1,0
BRDA:122,25,0,0
BRDA:122,25,1,0
BRF:43
BRH:0
end_of_record
TN:
SF:src\components\layout\Footer.jsx
FN:24,(anonymous_0)
FN:41,(anonymous_1)
FN:58,(anonymous_2)
FN:78,(anonymous_3)
FNF:4
FNH:0
FNDA:0,(anonymous_0)
FNDA:0,(anonymous_1)
FNDA:0,(anonymous_2)
FNDA:0,(anonymous_3)
DA:4,1
DA:11,1
DA:17,1
DA:24,1
DA:25,0
DA:42,0
DA:59,0
DA:79,0
DA:80,0
LF:9
LH:4
BRF:0
BRH:0
end_of_record
TN:
SF:src\components\layout\Header.jsx
FN:45,(anonymous_0)
FN:53,(anonymous_1)
FN:54,(anonymous_2)
FN:61,(anonymous_3)
FN:70,(anonymous_4)
FN:95,(anonymous_5)
FN:99,(anonymous_6)
FN:109,(anonymous_7)
FN:115,(anonymous_8)
FN:131,(anonymous_9)
FN:156,(anonymous_10)
FN:164,(anonymous_11)
FN:192,(anonymous_12)
FN:193,(anonymous_13)
FN:205,(anonymous_14)
FN:228,(anonymous_15)
FN:237,(anonymous_16)
FN:257,(anonymous_17)
FN:264,(anonymous_18)
FN:269,(anonymous_19)
FN:284,(anonymous_20)
FN:291,(anonymous_21)
FN:296,(anonymous_22)
FN:297,(anonymous_23)
FNF:24
FNH:0
FNDA:0,(anonymous_0)
FNDA:0,(anonymous_1)
FNDA:0,(anonymous_2)
FNDA:0,(anonymous_3)
FNDA:0,(anonymous_4)
FNDA:0,(anonymous_5)
FNDA:0,(anonymous_6)
FNDA:0,(anonymous_7)
FNDA:0,(anonymous_8)
FNDA:0,(anonymous_9)
FNDA:0,(anonymous_10)
FNDA:0,(anonymous_11)
FNDA:0,(anonymous_12)
FNDA:0,(anonymous_13)
FNDA:0,(anonymous_14)
FNDA:0,(anonymous_15)
FNDA:0,(anonymous_16)
FNDA:0,(anonymous_17)
FNDA:0,(anonymous_18)
FNDA:0,(anonymous_19)
FNDA:0,(anonymous_20)
FNDA:0,(anonymous_21)
FNDA:0,(anonymous_22)
FNDA:0,(anonymous_23)
DA:9,1
DA:19,1
DA:45,1
DA:46,0
DA:47,0
DA:48,0
DA:49,0
DA:50,0
DA:53,0
DA:54,0
DA:55,0
DA:56,0
DA:60,0
DA:61,0
DA:62,0
DA:66,0
DA:70,0
DA:71,0
DA:72,0
DA:75,0
DA:96,0
DA:99,0
DA:110,0
DA:111,0
DA:112,0
DA:116,0
DA:117,0
DA:118,0
DA:131,0
DA:156,0
DA:164,0
DA:192,0
DA:193,0
DA:205,0
DA:229,0
DA:238,0
DA:239,0
DA:257,0
DA:264,0
DA:270,0
DA:271,0
DA:284,0
DA:291,0
DA:296,0
DA:297,0
LF:45
LH:3
BRDA:55,0,0,0
BRDA:55,0,1,0
BRDA:55,1,0,0
BRDA:55,1,1,0
BRDA:66,2,0,0
BRDA:66,2,1,0
BRDA:66,3,0,0
BRDA:66,3,1,0
BRDA:67,4,0,0
BRDA:67,4,1,0
BRDA:101,5,0,0
BRDA:101,5,1,0
BRDA:105,6,0,0
BRDA:105,6,1,0
BRDA:110,7,0,0
BRDA:110,7,1,0
BRDA:116,8,0,0
BRDA:116,8,1,0
BRDA:122,9,0,0
BRDA:122,9,1,0
BRDA:128,10,0,0
BRDA:128,10,1,0
BRDA:147,11,0,0
BRDA:147,11,1,0
BRDA:209,12,0,0
BRDA:209,12,1,0
BRDA:222,13,0,0
BRDA:222,13,1,0
BRDA:233,14,0,0
BRDA:233,14,1,0
BRDA:242,15,0,0
BRDA:242,15,1,0
BRDA:248,16,0,0
BRDA:248,16,1,0
BRF:34
BRH:0
end_of_record
TN:
SF:src\components\payment\StripePaymentForm.jsx
FN:11,(anonymous_0)
FN:21,(anonymous_1)
FN:28,(anonymous_2)
FN:131,(anonymous_3)
FN:229,(anonymous_4)
FN:264,(anonymous_5)
FN:281,(anonymous_6)
FN:337,(anonymous_7)
FNF:8
FNH:0
FNDA:0,(anonymous_0)
FNDA:0,(anonymous_1)
FNDA:0,(anonymous_2)
FNDA:0,(anonymous_3)
FNDA:0,(anonymous_4)
FNDA:0,(anonymous_5)
FNDA:0,(anonymous_6)
FNDA:0,(anonymous_7)
DA:11,1
DA:12,0
DA:13,0
DA:15,0
DA:19,1
DA:21,1
DA:22,0
DA:23,0
DA:24,0
DA:25,0
DA:26,0
DA:28,0
DA:29,0
DA:31,0
DA:34,0
DA:37,0
DA:38,0
DA:39,0
DA:42,0
DA:43,0
DA:45,0
DA:46,0
DA:47,0
DA:48,0
DA:51,0
DA:52,0
DA:53,0
DA:54,0
DA:57,0
DA:58,0
DA:59,0
DA:60,0
DA:63,0
DA:64,0
DA:67,0
DA:68,0
DA:69,0
DA:70,0
DA:72,0
DA:73,0
DA:74,0
DA:75,0
DA:76,0
DA:79,0
DA:80,0
DA:81,0
DA:82,0
DA:83,0
DA:84,0
DA:87,0
DA:88,0
DA:91,0
DA:92,0
DA:93,0
DA:94,0
DA:95,0
DA:96,0
DA:97,0
DA:100,0
DA:101,0
DA:102,0
DA:103,0
DA:104,0
DA:107,0
DA:108,0
DA:109,0
DA:110,0
DA:111,0
DA:112,0
DA:115,0
DA:116,0
DA:117,0
DA:118,0
DA:119,0
DA:120,0
DA:123,0
DA:125,0
DA:127,0
DA:131,0
DA:132,0
DA:133,0
DA:135,0
DA:136,0
DA:139,0
DA:140,0
DA:142,0
DA:144,0
DA:146,0
DA:151,0
DA:152,0
DA:153,0
DA:154,0
DA:158,0
DA:170,0
DA:172,0
DA:173,0
DA:177,0
DA:184,0
DA:185,0
DA:186,0
DA:187,0
DA:190,0
DA:191,0
DA:192,0
DA:200,0
DA:203,0
DA:207,0
DA:211,0
DA:212,0
DA:213,0
DA:214,0
DA:217,0
DA:219,0
DA:223,0
DA:228,0
DA:229,0
DA:264,0
DA:281,0
DA:337,1
DA:338,0
LF:120
LH:4
BRDA:12,0,0,0
BRDA:12,0,1,0
BRDA:12,1,0,0
BRDA:12,1,1,0
BRDA:21,2,0,0
BRDA:21,3,0,0
BRDA:74,4,0,0
BRDA:74,4,1,0
BRDA:75,5,0,0
BRDA:75,5,1,0
BRDA:76,6,0,0
BRDA:76,6,1,0
BRDA:103,7,0,0
BRDA:103,7,1,0
BRDA:103,8,0,0
BRDA:103,8,1,0
BRDA:135,9,0,0
BRDA:135,9,1,0
BRDA:135,10,0,0
BRDA:135,10,1,0
BRDA:151,11,0,0
BRDA:151,11,1,0
BRDA:172,12,0,0
BRDA:172,12,1,0
BRDA:173,13,0,0
BRDA:173,13,1,0
BRDA:184,14,0,0
BRDA:184,14,1,0
BRDA:190,15,0,0
BRDA:190,15,1,0
BRDA:212,16,0,0
BRDA:212,16,1,0
BRDA:230,17,0,0
BRDA:230,17,1,0
BRDA:289,18,0,0
BRDA:289,18,1,0
BRDA:305,19,0,0
BRDA:305,19,1,0
BRDA:305,19,2,0
BRDA:307,20,0,0
BRDA:307,20,1,0
BRDA:307,21,0,0
BRDA:307,21,1,0
BRDA:307,21,2,0
BRDA:312,22,0,0
BRDA:312,22,1,0
BRF:46
BRH:0
end_of_record
TN:
SF:src\components\pickup\MapLocationPicker.jsx
FN:6,(anonymous_0)
FN:30,(anonymous_1)
FN:57,(anonymous_2)
FN:68,(anonymous_3)
FN:74,(anonymous_4)
FN:82,(anonymous_5)
FN:91,(anonymous_6)
FN:128,(anonymous_7)
FN:159,(anonymous_8)
FN:178,(anonymous_9)
FN:181,(anonymous_10)
FN:182,(anonymous_11)
FN:216,(anonymous_12)
FN:271,(anonymous_13)
FN:280,(anonymous_14)
FN:290,(anonymous_15)
FN:298,(anonymous_16)
FN:397,(anonymous_17)
FN:409,(anonymous_18)
FNF:19
FNH:0
FNDA:0,(anonymous_0)
FNDA:0,(anonymous_1)
FNDA:0,(anonymous_2)
FNDA:0,(anonymous_3)
FNDA:0,(anonymous_4)
FNDA:0,(anonymous_5)
FNDA:0,(anonymous_6)
FNDA:0,(anonymous_7)
FNDA:0,(anonymous_8)
FNDA:0,(anonymous_9)
FNDA:0,(anonymous_10)
FNDA:0,(anonymous_11)
FNDA:0,(anonymous_12)
FNDA:0,(anonymous_13)
FNDA:0,(anonymous_14)
FNDA:0,(anonymous_15)
FNDA:0,(anonymous_16)
FNDA:0,(anonymous_17)
FNDA:0,(anonymous_18)
DA:6,1
DA:12,0
DA:13,0
DA:14,0
DA:15,0
DA:17,0
DA:18,0
DA:19,0
DA:20,0
DA:21,0
DA:22,0
DA:25,0
DA:28,0
DA:30,0
DA:31,0
DA:34,0
DA:48,0
DA:51,0
DA:54,0
DA:57,0
DA:58,0
DA:59,0
DA:62,0
DA:63,0
DA:68,0
DA:69,0
DA:70,0
DA:74,0
DA:75,0
DA:76,0
DA:77,0
DA:82,0
DA:83,0
DA:85,0
DA:86,0
DA:87,0
DA:91,0
DA:93,0
DA:94,0
DA:98,0
DA:106,0
DA:107,0
DA:110,0
DA:128,0
DA:129,0
DA:131,0
DA:133,0
DA:136,0
DA:140,0
DA:143,0
DA:145,0
DA:148,0
DA:151,0
DA:152,0
DA:153,0
DA:154,0
DA:155,0
DA:157,0
DA:159,0
DA:162,0
DA:163,0
DA:164,0
DA:165,0
DA:166,0
DA:167,0
DA:171,0
DA:172,0
DA:173,0
DA:177,0
DA:178,0
DA:179,0
DA:181,0
DA:182,0
DA:184,0
DA:185,0
DA:188,0
DA:192,0
DA:193,0
DA:194,0
DA:195,0
DA:196,0
DA:197,0
DA:198,0
DA:202,0
DA:203,0
DA:205,0
DA:206,0
DA:210,0
DA:211,0
DA:215,0
DA:216,0
DA:217,0
DA:219,0
DA:220,0
DA:221,0
DA:222,0
DA:228,0
DA:229,0
DA:230,0
DA:233,0
DA:242,0
DA:245,0
DA:248,0
DA:251,0
DA:254,0
DA:263,0
DA:264,0
DA:265,0
DA:267,0
DA:271,0
DA:272,0
DA:273,0
DA:274,0
DA:277,0
DA:279,0
DA:281,0
DA:284,0
DA:285,0
DA:288,0
DA:291,0
DA:292,0
DA:293,0
DA:298,0
DA:299,0
DA:301,0
DA:310,0
DA:311,0
DA:312,0
DA:315,0
DA:397,0
DA:410,0
DA:411,0
LF:132
LH:1
BRDA:8,0,0,0
BRDA:9,1,0,0
BRDA:10,2,0,0
BRDA:31,3,0,0
BRDA:31,3,1,0
BRDA:38,4,0,0
BRDA:38,4,1,0
BRDA:39,5,0,0
BRDA:39,5,1,0
BRDA:41,6,0,0
BRDA:41,6,1,0
BRDA:62,7,0,0
BRDA:62,7,1,0
BRDA:75,8,0,0
BRDA:75,8,1,0
BRDA:83,9,0,0
BRDA:83,9,1,0
BRDA:83,10,0,0
BRDA:83,10,1,0
BRDA:83,10,2,0
BRDA:93,11,0,0
BRDA:93,11,1,0
BRDA:106,12,0,0
BRDA:106,12,1,0
BRDA:143,13,0,0
BRDA:143,13,1,0
BRDA:143,14,0,0
BRDA:143,14,1,0
BRDA:143,14,2,0
BRDA:143,14,3,0
BRDA:157,15,0,0
BRDA:157,15,1,0
BRDA:157,16,0,0
BRDA:157,16,1,0
BRDA:159,17,0,0
BRDA:159,17,1,0
BRDA:162,18,0,0
BRDA:162,18,1,0
BRDA:162,19,0,0
BRDA:162,19,1,0
BRDA:164,20,0,0
BRDA:164,20,1,0
BRDA:166,21,0,0
BRDA:166,21,1,0
BRDA:171,22,0,0
BRDA:171,22,1,0
BRDA:172,23,0,0
BRDA:172,23,1,0
BRDA:173,24,0,0
BRDA:173,24,1,0
BRDA:177,25,0,0
BRDA:177,25,1,0
BRDA:179,26,0,0
BRDA:179,26,1,0
BRDA:184,27,0,0
BRDA:184,27,1,0
BRDA:185,28,0,0
BRDA:185,28,1,0
BRDA:188,29,0,0
BRDA:188,29,1,0
BRDA:188,30,0,0
BRDA:188,30,1,0
BRDA:193,31,0,0
BRDA:193,31,1,0
BRDA:193,32,0,0
BRDA:193,32,1,0
BRDA:195,33,0,0
BRDA:195,33,1,0
BRDA:197,34,0,0
BRDA:197,34,1,0
BRDA:197,35,0,0
BRDA:197,35,1,0
BRDA:202,36,0,0
BRDA:202,36,1,0
BRDA:202,37,0,0
BRDA:202,37,1,0
BRDA:203,38,0,0
BRDA:203,38,1,0
BRDA:205,39,0,0
BRDA:205,39,1,0
BRDA:205,40,0,0
BRDA:205,40,1,0
BRDA:206,41,0,0
BRDA:206,41,1,0
BRDA:210,42,0,0
BRDA:210,42,1,0
BRDA:215,43,0,0
BRDA:215,43,1,0
BRDA:215,44,0,0
BRDA:215,44,1,0
BRDA:217,45,0,0
BRDA:217,45,1,0
BRDA:219,46,0,0
BRDA:219,46,1,0
BRDA:219,47,0,0
BRDA:219,47,1,0
BRDA:221,48,0,0
BRDA:221,48,1,0
BRDA:222,49,0,0
BRDA:222,49,1,0
BRDA:228,50,0,0
BRDA:228,50,1,0
BRDA:237,51,0,0
BRDA:237,51,1,0
BRDA:238,52,0,0
BRDA:238,52,1,0
BRDA:272,53,0,0
BRDA:272,53,1,0
BRDA:299,54,0,0
BRDA:299,54,1,0
BRDA:302,55,0,0
BRDA:302,55,1,0
BRDA:303,56,0,0
BRDA:303,56,1,0
BRDA:305,57,0,0
BRDA:305,57,1,0
BRDA:306,58,0,0
BRDA:306,58,1,0
BRDA:325,59,0,0
BRDA:325,59,1,0
BRDA:336,60,0,0
BRDA:336,60,1,0
BRDA:359,61,0,0
BRDA:359,61,1,0
BRDA:359,61,2,0
BRDA:373,62,0,0
BRDA:373,62,1,0
BRDA:377,63,0,0
BRDA:377,63,1,0
BRDA:380,64,0,0
BRDA:380,64,1,0
BRDA:387,65,0,0
BRDA:387,65,1,0
BRF:133
BRH:0
end_of_record
TN:
SF:src\components\pickup\PickupRequestForm.jsx
FN:7,(anonymous_0)
FN:60,(anonymous_1)
FN:61,(anonymous_2)
FN:86,(anonymous_3)
FN:88,(anonymous_4)
FN:95,(anonymous_5)
FN:102,(anonymous_6)
FN:104,(anonymous_7)
FN:114,(anonymous_8)
FN:122,(anonymous_9)
FN:124,(anonymous_10)
FN:137,(anonymous_11)
FN:149,(anonymous_12)
FN:163,(anonymous_13)
FN:232,(anonymous_14)
FN:295,(anonymous_15)
FN:365,(anonymous_16)
FN:377,(anonymous_17)
FNF:18
FNH:0
FNDA:0,(anonymous_0)
FNDA:0,(anonymous_1)
FNDA:0,(anonymous_2)
FNDA:0,(anonymous_3)
FNDA:0,(anonymous_4)
FNDA:0,(anonymous_5)
FNDA:0,(anonymous_6)
FNDA:0,(anonymous_7)
FNDA:0,(anonymous_8)
FNDA:0,(anonymous_9)
FNDA:0,(anonymous_10)
FNDA:0,(anonymous_11)
FNDA:0,(anonymous_12)
FNDA:0,(anonymous_13)
FNDA:0,(anonymous_14)
FNDA:0,(anonymous_15)
FNDA:0,(anonymous_16)
FNDA:0,(anonymous_17)
DA:7,1
DA:8,0
DA:9,0
DA:26,0
DA:27,0
DA:28,0
DA:29,0
DA:30,0
DA:31,0
DA:32,0
DA:35,0
DA:45,0
DA:52,0
DA:60,0
DA:61,0
DA:62,0
DA:63,0
DA:64,0
DA:65,0
DA:66,0
DA:73,0
DA:74,0
DA:76,0
DA:78,0
DA:83,0
DA:86,0
DA:87,0
DA:88,0
DA:94,0
DA:95,0
DA:102,0
DA:103,0
DA:104,0
DA:114,0
DA:122,0
DA:123,0
DA:124,0
DA:131,0
DA:134,0
DA:137,0
DA:138,0
DA:139,0
DA:142,0
DA:143,0
DA:146,0
DA:149,0
DA:150,0
DA:152,0
DA:153,0
DA:154,0
DA:155,0
DA:156,0
DA:157,0
DA:159,0
DA:160,0
DA:163,0
DA:165,0
DA:166,0
DA:170,0
DA:171,0
DA:172,0
DA:175,0
DA:176,0
DA:179,0
DA:180,0
DA:181,0
DA:182,0
DA:194,0
DA:195,0
DA:197,0
DA:198,0
DA:200,0
DA:205,0
DA:233,0
DA:296,0
DA:366,0
DA:367,0
DA:368,0
DA:370,0
DA:378,0
LF:80
LH:1
BRDA:62,0,0,0
BRDA:62,0,1,0
BRDA:62,1,0,0
BRDA:62,1,1,0
BRDA:65,2,0,0
BRDA:65,2,1,0
BRDA:69,3,0,0
BRDA:69,3,1,0
BRDA:70,4,0,0
BRDA:70,4,1,0
BRDA:94,5,0,0
BRDA:94,5,1,0
BRDA:142,6,0,0
BRDA:142,6,1,0
BRDA:152,7,0,0
BRDA:152,7,1,0
BRDA:153,8,0,0
BRDA:153,8,1,0
BRDA:154,9,0,0
BRDA:154,9,1,0
BRDA:155,10,0,0
BRDA:155,10,1,0
BRDA:156,11,0,0
BRDA:156,11,1,0
BRDA:157,12,0,0
BRDA:157,12,1,0
BRDA:165,13,0,0
BRDA:165,13,1,0
BRDA:165,14,0,0
BRDA:165,14,1,0
BRDA:170,15,0,0
BRDA:170,15,1,0
BRDA:170,16,0,0
BRDA:170,16,1,0
BRDA:175,17,0,0
BRDA:175,17,1,0
BRDA:181,18,0,0
BRDA:181,18,1,0
BRDA:185,19,0,0
BRDA:185,19,1,0
BRDA:186,20,0,0
BRDA:186,20,1,0
BRDA:187,21,0,0
BRDA:187,21,1,0
BRDA:188,22,0,0
BRDA:188,22,1,0
BRDA:189,23,0,0
BRDA:189,23,1,0
BRDA:190,24,0,0
BRDA:190,24,1,0
BRDA:191,25,0,0
BRDA:191,25,1,0
BRDA:228,26,0,0
BRDA:228,26,1,0
BRDA:238,27,0,0
BRDA:238,27,1,0
BRDA:267,28,0,0
BRDA:267,28,1,0
BRDA:271,29,0,0
BRDA:271,29,1,0
BRDA:292,30,0,0
BRDA:292,30,1,0
BRDA:301,31,0,0
BRDA:301,31,1,0
BRDA:315,32,0,0
BRDA:315,32,1,0
BRDA:318,33,0,0
BRDA:318,33,1,0
BRDA:367,34,0,0
BRDA:367,34,1,0
BRDA:374,35,0,0
BRDA:374,35,1,0
BRDA:383,36,0,0
BRDA:383,36,1,0
BRDA:404,37,0,0
BRDA:404,37,1,0
BRDA:420,38,0,0
BRDA:420,38,1,0
BRDA:431,39,0,0
BRDA:431,39,1,0
BRDA:448,40,0,0
BRDA:448,40,1,0
BRDA:459,41,0,0
BRDA:459,41,1,0
BRDA:459,41,2,0
BRDA:468,42,0,0
BRDA:468,42,1,0
BRDA:469,43,0,0
BRDA:469,43,1,0
BRDA:482,44,0,0
BRDA:482,44,1,0
BRDA:500,45,0,0
BRDA:500,45,1,0
BRDA:503,46,0,0
BRDA:503,46,1,0
BRF:95
BRH:0
end_of_record
TN:
SF:src\components\pickup\PickupRequestList.jsx
FN:5,(anonymous_0)
FN:14,(anonymous_1)
FN:18,(anonymous_2)
FN:38,(anonymous_3)
FN:48,(anonymous_4)
FN:60,(anonymous_5)
FN:66,(anonymous_6)
FN:79,(anonymous_7)
FN:91,(anonymous_8)
FN:96,(anonymous_9)
FN:110,(anonymous_10)
FN:122,(anonymous_11)
FN:158,(anonymous_12)
FN:179,(anonymous_13)
FN:183,(anonymous_14)
FN:231,(anonymous_15)
FN:242,(anonymous_16)
FN:251,(anonymous_17)
FN:272,(anonymous_18)
FN:283,(anonymous_19)
FN:295,(anonymous_20)
FN:301,(anonymous_21)
FN:311,(anonymous_22)
FN:317,(anonymous_23)
FN:474,(anonymous_24)
FN:480,(anonymous_25)
FN:501,(anonymous_26)
FN:508,(anonymous_27)
FN:530,(anonymous_28)
FN:536,(anonymous_29)
FN:557,(anonymous_30)
FN:581,(anonymous_31)
FN:583,(anonymous_32)
FN:589,(anonymous_33)
FN:596,(anonymous_34)
FN:598,(anonymous_35)
FN:606,(anonymous_36)
FN:609,(anonymous_37)
FN:626,(anonymous_38)
FNF:39
FNH:0
FNDA:0,(anonymous_0)
FNDA:0,(anonymous_1)
FNDA:0,(anonymous_2)
FNDA:0,(anonymous_3)
FNDA:0,(anonymous_4)
FNDA:0,(anonymous_5)
FNDA:0,(anonymous_6)
FNDA:0,(anonymous_7)
FNDA:0,(anonymous_8)
FNDA:0,(anonymous_9)
FNDA:0,(anonymous_10)
FNDA:0,(anonymous_11)
FNDA:0,(anonymous_12)
FNDA:0,(anonymous_13)
FNDA:0,(anonymous_14)
FNDA:0,(anonymous_15)
FNDA:0,(anonymous_16)
FNDA:0,(anonymous_17)
FNDA:0,(anonymous_18)
FNDA:0,(anonymous_19)
FNDA:0,(anonymous_20)
FNDA:0,(anonymous_21)
FNDA:0,(anonymous_22)
FNDA:0,(anonymous_23)
FNDA:0,(anonymous_24)
FNDA:0,(anonymous_25)
FNDA:0,(anonymous_26)
FNDA:0,(anonymous_27)
FNDA:0,(anonymous_28)
FNDA:0,(anonymous_29)
FNDA:0,(anonymous_30)
FNDA:0,(anonymous_31)
FNDA:0,(anonymous_32)
FNDA:0,(anonymous_33)
FNDA:0,(anonymous_34)
FNDA:0,(anonymous_35)
FNDA:0,(anonymous_36)
FNDA:0,(anonymous_37)
FNDA:0,(anonymous_38)
DA:5,1
DA:6,0
DA:7,0
DA:8,0
DA:9,0
DA:10,0
DA:11,0
DA:12,0
DA:14,0
DA:15,0
DA:18,0
DA:19,0
DA:20,0
DA:23,0
DA:24,0
DA:26,0
DA:29,0
DA:31,0
DA:32,0
DA:34,0
DA:38,0
DA:39,0
DA:40,0
DA:41,0
DA:42,0
DA:44,0
DA:48,0
DA:49,0
DA:50,0
DA:53,0
DA:54,0
DA:56,0
DA:60,0
DA:61,0
DA:62,0
DA:63,0
DA:66,0
DA:67,0
DA:68,0
DA:69,0
DA:70,0
DA:71,0
DA:73,0
DA:74,0
DA:79,0
DA:80,0
DA:81,0
DA:82,0
DA:83,0
DA:84,0
DA:86,0
DA:87,0
DA:91,0
DA:92,0
DA:93,0
DA:96,0
DA:97,0
DA:107,0
DA:110,0
DA:111,0
DA:119,0
DA:122,0
DA:123,0
DA:132,0
DA:133,0
DA:140,0
DA:141,0
DA:148,0
DA:158,0
DA:180,0
DA:183,0
DA:232,0
DA:233,0
DA:243,0
DA:244,0
DA:252,0
DA:253,0
DA:272,0
DA:284,0
DA:285,0
DA:295,1
DA:296,0
DA:297,0
DA:298,0
DA:299,0
DA:301,0
DA:302,0
DA:311,0
DA:312,0
DA:313,0
DA:314,0
DA:317,0
DA:318,0
DA:319,0
DA:320,0
DA:323,0
DA:474,0
DA:480,0
DA:501,0
DA:508,0
DA:530,0
DA:536,0
DA:557,1
DA:558,0
DA:571,0
DA:578,0
DA:579,0
DA:581,0
DA:582,0
DA:583,0
DA:588,0
DA:589,0
DA:596,0
DA:597,0
DA:598,0
DA:606,0
DA:609,0
DA:610,0
DA:612,0
DA:613,0
DA:615,0
DA:616,0
DA:618,0
DA:619,0
DA:622,0
DA:623,0
DA:626,0
DA:627,0
DA:628,0
DA:630,0
DA:631,0
DA:632,0
DA:643,0
DA:645,0
DA:646,0
DA:648,0
DA:652,0
LF:137
LH:3
BRDA:5,0,0,0
BRDA:23,1,0,0
BRDA:23,1,1,0
BRDA:67,2,0,0
BRDA:67,2,1,0
BRDA:92,3,0,0
BRDA:92,3,1,0
BRDA:107,4,0,0
BRDA:107,4,1,0
BRDA:119,5,0,0
BRDA:119,5,1,0
BRDA:132,6,0,0
BRDA:132,6,1,0
BRDA:140,7,0,0
BRDA:140,7,1,0
BRDA:153,8,0,0
BRDA:153,8,1,0
BRDA:174,9,0,0
BRDA:174,9,1,0
BRDA:215,10,0,0
BRDA:215,10,1,0
BRDA:239,11,0,0
BRDA:239,11,1,0
BRDA:239,11,2,0
BRDA:269,12,0,0
BRDA:269,12,1,0
BRDA:280,13,0,0
BRDA:280,13,1,0
BRDA:280,13,2,0
BRDA:375,14,0,0
BRDA:375,14,1,0
BRDA:401,15,0,0
BRDA:401,15,1,0
BRDA:419,16,0,0
BRDA:419,16,1,0
BRDA:425,17,0,0
BRDA:425,17,1,0
BRDA:451,18,0,0
BRDA:451,18,1,0
BRDA:471,19,0,0
BRDA:471,19,1,0
BRDA:496,20,0,0
BRDA:496,20,1,0
BRDA:524,21,0,0
BRDA:524,21,1,0
BRDA:559,22,0,0
BRDA:559,22,1,0
BRDA:560,23,0,0
BRDA:560,23,1,0
BRDA:561,24,0,0
BRDA:561,24,1,0
BRDA:562,25,0,0
BRDA:562,25,1,0
BRDA:564,26,0,0
BRDA:564,26,1,0
BRDA:565,27,0,0
BRDA:565,27,1,0
BRDA:566,28,0,0
BRDA:566,28,1,0
BRDA:567,29,0,0
BRDA:567,29,1,0
BRDA:568,30,0,0
BRDA:568,30,1,0
BRDA:569,31,0,0
BRDA:569,31,1,0
BRDA:572,32,0,0
BRDA:572,32,1,0
BRDA:573,33,0,0
BRDA:573,33,1,0
BRDA:574,34,0,0
BRDA:574,34,1,0
BRDA:575,35,0,0
BRDA:575,35,1,0
BRDA:576,36,0,0
BRDA:576,36,1,0
BRDA:588,37,0,0
BRDA:588,37,1,0
BRDA:612,38,0,0
BRDA:612,38,1,0
BRDA:615,39,0,0
BRDA:615,39,1,0
BRDA:615,40,0,0
BRDA:615,40,1,0
BRDA:618,41,0,0
BRDA:618,41,1,0
BRDA:628,42,0,0
BRDA:628,42,1,0
BRDA:634,43,0,0
BRDA:634,43,1,0
BRDA:636,44,0,0
BRDA:636,44,1,0
BRDA:637,45,0,0
BRDA:637,45,1,0
BRDA:638,46,0,0
BRDA:638,46,1,0
BRDA:639,47,0,0
BRDA:639,47,1,0
BRDA:640,48,0,0
BRDA:640,48,1,0
BRDA:681,49,0,0
BRDA:681,49,1,0
BRDA:686,50,0,0
BRDA:686,50,1,0
BRDA:734,51,0,0
BRDA:734,51,1,0
BRDA:738,52,0,0
BRDA:738,52,1,0
BRDA:754,53,0,0
BRDA:754,53,1,0
BRDA:759,54,0,0
BRDA:759,54,1,0
BRDA:759,54,2,0
BRDA:791,55,0,0
BRDA:791,55,1,0
BRDA:811,56,0,0
BRDA:811,56,1,0
BRF:116
BRH:0
end_of_record
TN:
SF:src\config\mapbox.js
FNF:0
FNH:0
DA:5,1
LF:1
LH:1
BRF:0
BRH:0
end_of_record
TN:
SF:src\config\stripe.js
FNF:0
FNH:0
DA:4,1
LF:1
LH:1
BRF:0
BRH:0
end_of_record
TN:
SF:src\constants\roles.js
FNF:0
FNH:0
DA:2,5
DA:10,5
DA:18,5
DA:26,5
LF:4
LH:4
BRF:0
BRH:0
end_of_record
TN:
SF:src\constants\storage.js
FNF:0
FNH:0
DA:2,5
LF:1
LH:1
BRF:0
BRH:0
end_of_record
TN:
SF:src\context\AuthContext.jsx
FN:14,(anonymous_0)
FN:19,(anonymous_1)
FN:26,(anonymous_2)
FN:32,(anonymous_3)
FN:37,(anonymous_4)
FN:54,(anonymous_5)
FNF:6
FNH:2
FNDA:11,(anonymous_0)
FNDA:0,(anonymous_1)
FNDA:0,(anonymous_2)
FNDA:0,(anonymous_3)
FNDA:0,(anonymous_4)
FNDA:5,(anonymous_5)
DA:12,5
DA:14,5
DA:15,11
DA:16,11
DA:19,11
DA:20,0
DA:21,0
DA:22,0
DA:26,11
DA:27,0
DA:28,0
DA:32,11
DA:33,0
DA:37,11
DA:38,0
DA:41,11
DA:49,11
DA:54,5
DA:55,5
DA:56,5
DA:57,0
DA:59,5
LF:22
LH:14
BRDA:21,0,0,0
BRDA:21,0,1,0
BRDA:56,1,0,0
BRDA:56,1,1,5
BRF:4
BRH:1
end_of_record
TN:
SF:src\hooks\useCollectionData.js
FN:9,(anonymous_0)
FN:14,(anonymous_1)
FN:25,(anonymous_2)
FN:42,(anonymous_3)
FN:53,(anonymous_4)
FN:54,(anonymous_5)
FN:67,(anonymous_6)
FN:95,(anonymous_7)
FNF:8
FNH:0
FNDA:0,(anonymous_0)
FNDA:0,(anonymous_1)
FNDA:0,(anonymous_2)
FNDA:0,(anonymous_3)
FNDA:0,(anonymous_4)
FNDA:0,(anonymous_5)
FNDA:0,(anonymous_6)
FNDA:0,(anonymous_7)
DA:9,1
DA:10,0
DA:11,0
DA:12,0
DA:14,0
DA:15,0
DA:16,0
DA:17,0
DA:18,0
DA:20,0
DA:21,0
DA:25,0
DA:26,0
DA:27,0
DA:28,0
DA:31,0
DA:32,0
DA:35,0
DA:38,0
DA:39,0
DA:42,0
DA:53,0
DA:54,0
DA:55,0
DA:56,0
DA:59,0
DA:61,0
DA:64,0
DA:67,0
DA:70,0
DA:71,0
DA:74,0
DA:75,0
DA:82,0
DA:84,0
DA:90,0
DA:95,0
DA:96,0
DA:99,0
LF:39
LH:1
BRDA:38,0,0,0
BRDA:38,0,1,0
BRDA:44,1,0,0
BRDA:44,1,1,0
BRDA:44,1,2,0
BRDA:44,1,3,0
BRDA:45,2,0,0
BRDA:45,2,1,0
BRDA:45,2,2,0
BRDA:45,2,3,0
BRDA:46,3,0,0
BRDA:46,3,1,0
BRDA:47,4,0,0
BRDA:47,4,1,0
BRDA:48,5,0,0
BRDA:48,5,1,0
BRDA:49,6,0,0
BRDA:49,6,1,0
BRDA:55,7,0,0
BRDA:55,7,1,0
BRDA:59,8,0,0
BRDA:59,8,1,0
BRDA:67,9,0,0
BRDA:67,9,1,0
BRDA:74,10,0,0
BRDA:74,10,1,0
BRDA:76,11,0,0
BRDA:76,11,1,0
BRF:28
BRH:0
end_of_record
TN:
SF:src\hooks\useCollectionState.js
FN:7,(anonymous_0)
FN:18,(anonymous_1)
FN:22,(anonymous_2)
FN:23,(anonymous_3)
FN:24,(anonymous_4)
FN:27,(anonymous_5)
FN:28,(anonymous_6)
FN:29,(anonymous_7)
FN:31,(anonymous_8)
FN:33,(anonymous_9)
FN:37,(anonymous_10)
FN:39,(anonymous_11)
FNF:12
FNH:0
FNDA:0,(anonymous_0)
FNDA:0,(anonymous_1)
FNDA:0,(anonymous_2)
FNDA:0,(anonymous_3)
FNDA:0,(anonymous_4)
FNDA:0,(anonymous_5)
FNDA:0,(anonymous_6)
FNDA:0,(anonymous_7)
FNDA:0,(anonymous_8)
FNDA:0,(anonymous_9)
FNDA:0,(anonymous_10)
FNDA:0,(anonymous_11)
DA:7,1
DA:8,0
DA:9,0
DA:10,0
DA:11,0
DA:12,0
DA:13,0
DA:14,0
DA:15,0
DA:16,0
DA:18,0
DA:19,0
DA:22,0
DA:23,0
DA:24,0
DA:27,0
DA:28,0
DA:29,0
DA:30,0
DA:31,0
DA:33,0
DA:37,0
DA:38,0
DA:39,0
DA:40,0
DA:43,0
LF:26
LH:1
BRDA:24,0,0,0
BRDA:24,0,1,0
BRDA:30,1,0,0
BRDA:30,1,1,0
BRDA:31,2,0,0
BRDA:31,2,1,0
BRDA:39,3,0,0
BRDA:39,3,1,0
BRF:8
BRH:0
end_of_record
TN:
SF:src\hooks\useLocalStorage.js
FN:7,(anonymous_0)
FN:9,(anonymous_1)
FN:20,(anonymous_2)
FNF:3
FNH:2
FNDA:11,(anonymous_0)
FNDA:11,(anonymous_1)
FNDA:0,(anonymous_2)
DA:7,5
DA:9,11
DA:10,11
DA:11,11
DA:12,11
DA:14,0
DA:15,0
DA:20,11
DA:21,0
DA:23,0
DA:24,0
DA:26,0
DA:27,0
DA:29,0
DA:32,0
DA:36,11
LF:16
LH:7
BRDA:12,0,0,8
BRDA:12,0,1,3
BRDA:23,1,0,0
BRDA:23,1,1,0
BRDA:26,2,0,0
BRDA:26,2,1,0
BRDA:26,3,0,0
BRDA:26,3,1,0
BRF:8
BRH:2
end_of_record
TN:
SF:src\hooks\useLocationTracking.js
FN:8,(anonymous_0)
FN:15,(anonymous_1)
FN:28,(anonymous_2)
FN:32,(anonymous_3)
FN:40,(anonymous_4)
FN:56,(anonymous_5)
FN:72,(anonymous_6)
FN:73,(anonymous_7)
FN:100,(anonymous_8)
FN:102,(anonymous_9)
FN:107,(anonymous_10)
FNF:11
FNH:0
FNDA:0,(anonymous_0)
FNDA:0,(anonymous_1)
FNDA:0,(anonymous_2)
FNDA:0,(anonymous_3)
FNDA:0,(anonymous_4)
FNDA:0,(anonymous_5)
FNDA:0,(anonymous_6)
FNDA:0,(anonymous_7)
FNDA:0,(anonymous_8)
FNDA:0,(anonymous_9)
FNDA:0,(anonymous_10)
DA:8,1
DA:9,0
DA:10,0
DA:11,0
DA:12,0
DA:13,0
DA:15,0
DA:16,0
DA:17,0
DA:18,0
DA:19,0
DA:20,0
DA:22,0
DA:23,0
DA:24,0
DA:28,0
DA:29,0
DA:32,0
DA:33,0
DA:34,0
DA:36,0
DA:37,0
DA:40,0
DA:41,0
DA:42,0
DA:44,0
DA:45,0
DA:46,0
DA:47,0
DA:49,0
DA:50,0
DA:52,0
DA:56,0
DA:57,0
DA:59,0
DA:60,0
DA:61,0
DA:63,0
DA:72,0
DA:73,0
DA:74,0
DA:75,0
DA:77,0
DA:82,0
DA:83,0
DA:84,0
DA:85,0
DA:86,0
DA:87,0
DA:90,0
DA:91,0
DA:93,0
DA:96,0
DA:100,0
DA:101,0
DA:102,0
DA:103,0
DA:104,0
DA:107,0
DA:108,0
DA:109,0
DA:115,0
LF:62
LH:1
BRDA:33,0,0,0
BRDA:33,0,1,0
BRDA:57,1,0,0
BRDA:57,1,1,0
BRDA:59,2,0,0
BRDA:59,2,1,0
BRDA:77,3,0,0
BRDA:77,3,1,0
BRDA:78,4,0,0
BRDA:78,4,1,0
BRDA:78,4,2,0
BRDA:84,5,0,0
BRDA:84,5,1,0
BRDA:84,6,0,0
BRDA:84,6,1,0
BRDA:101,7,0,0
BRDA:101,7,1,0
BRDA:101,8,0,0
BRDA:101,8,1,0
BRDA:108,9,0,0
BRDA:108,9,1,0
BRF:21
BRH:0
end_of_record
TN:
SF:src\hooks\useSessionManagement.js
FN:10,(anonymous_0)
FN:16,(anonymous_1)
FN:22,(anonymous_2)
FN:25,(anonymous_3)
FN:26,(anonymous_4)
FN:41,(anonymous_5)
FN:45,(anonymous_6)
FN:51,(anonymous_7)
FNF:8
FNH:0
FNDA:0,(anonymous_0)
FNDA:0,(anonymous_1)
FNDA:0,(anonymous_2)
FNDA:0,(anonymous_3)
FNDA:0,(anonymous_4)
FNDA:0,(anonymous_5)
FNDA:0,(anonymous_6)
FNDA:0,(anonymous_7)
DA:10,1
DA:11,0
DA:12,0
DA:13,0
DA:16,0
DA:17,0
DA:18,0
DA:22,0
DA:23,0
DA:25,0
DA:26,0
DA:27,0
DA:30,0
DA:32,0
DA:37,0
DA:38,0
DA:41,0
DA:45,0
DA:46,0
DA:47,0
DA:48,0
DA:51,0
DA:52,0
DA:55,0
LF:24
LH:1
BRDA:23,0,0,0
BRDA:23,0,1,0
BRDA:30,1,0,0
BRDA:30,1,1,0
BRF:4
BRH:0
end_of_record
TN:
SF:src\pages\Home.jsx
FN:48,(anonymous_0)
FN:51,(anonymous_1)
FN:55,(anonymous_2)
FN:69,(anonymous_3)
FN:75,(anonymous_4)
FN:78,(anonymous_5)
FN:143,(anonymous_6)
FN:171,(anonymous_7)
FN:203,(anonymous_8)
FNF:9
FNH:8
FNDA:24,(anonymous_0)
FNDA:12,(anonymous_1)
FNDA:0,(anonymous_2)
FNDA:12,(anonymous_3)
FNDA:6,(anonymous_4)
FNDA:3,(anonymous_5)
FNDA:24,(anonymous_6)
FNDA:18,(anonymous_7)
FNDA:18,(anonymous_8)
DA:5,1
DA:23,1
DA:30,1
DA:48,1
DA:49,24
DA:51,24
DA:55,12
DA:56,0
DA:57,0
DA:58,0
DA:60,0
DA:61,0
DA:63,0
DA:64,0
DA:68,12
DA:69,12
DA:72,24
DA:75,1
DA:76,6
DA:78,6
DA:79,3
DA:82,6
DA:144,24
DA:172,18
DA:204,18
LF:25
LH:18
BRDA:48,0,0,24
BRDA:56,1,0,0
BRDA:56,1,1,0
BRDA:63,2,0,0
BRDA:63,2,1,0
BRDA:72,3,0,18
BRDA:72,3,1,6
BRDA:72,4,0,6
BRDA:72,4,1,18
BRDA:90,5,0,3
BRDA:90,5,1,3
BRDA:116,6,0,3
BRDA:116,6,1,3
BRDA:146,7,0,12
BRDA:146,7,1,12
BRF:15
BRH:11
end_of_record
TN:
SF:src\pages\admin\BinRequestsManagement.jsx
FN:16,(anonymous_0)
FN:37,(anonymous_1)
FN:47,(anonymous_2)
FN:60,(anonymous_3)
FN:63,(anonymous_4)
FN:64,(anonymous_5)
FN:80,(anonymous_6)
FN:83,(anonymous_7)
FN:83,(anonymous_8)
FN:90,(anonymous_9)
FN:98,(anonymous_10)
FN:109,(anonymous_11)
FN:118,(anonymous_12)
FN:140,(anonymous_13)
FN:163,(anonymous_14)
FN:175,(anonymous_15)
FN:204,(anonymous_16)
FN:211,(anonymous_17)
FNF:18
FNH:6
FNDA:5,(anonymous_0)
FNDA:2,(anonymous_1)
FNDA:2,(anonymous_2)
FNDA:0,(anonymous_3)
FNDA:0,(anonymous_4)
FNDA:0,(anonymous_5)
FNDA:0,(anonymous_6)
FNDA:0,(anonymous_7)
FNDA:0,(anonymous_8)
FNDA:2,(anonymous_9)
FNDA:0,(anonymous_10)
FNDA:0,(anonymous_11)
FNDA:0,(anonymous_12)
FNDA:0,(anonymous_13)
FNDA:15,(anonymous_14)
FNDA:2,(anonymous_15)
FNDA:0,(anonymous_16)
FNDA:0,(anonymous_17)
DA:16,2
DA:17,5
DA:18,5
DA:20,5
DA:21,5
DA:22,5
DA:23,5
DA:24,5
DA:26,5
DA:29,5
DA:37,5
DA:38,2
DA:43,2
DA:47,5
DA:48,2
DA:49,2
DA:50,2
DA:51,1
DA:53,0
DA:55,1
DA:60,5
DA:61,0
DA:63,0
DA:64,0
DA:68,0
DA:73,0
DA:75,0
DA:80,5
DA:81,0
DA:82,0
DA:83,0
DA:85,0
DA:90,5
DA:91,2
DA:95,5
DA:98,0
DA:101,5
DA:102,5
DA:103,5
DA:104,5
DA:109,5
DA:110,0
DA:111,0
DA:112,0
DA:113,0
DA:114,0
DA:115,0
DA:118,5
DA:120,5
DA:140,0
DA:164,15
DA:176,2
DA:177,2
DA:204,0
DA:211,0
LF:55
LH:34
BRDA:43,0,0,2
BRDA:43,0,1,0
BRDA:64,1,0,0
BRDA:64,1,1,0
BRDA:95,2,0,5
BRDA:95,2,1,0
BRDA:111,3,0,0
BRDA:111,3,1,0
BRDA:112,4,0,0
BRDA:112,4,1,0
BRDA:113,5,0,0
BRDA:113,5,1,0
BRDA:114,6,0,0
BRDA:114,6,1,0
BRDA:115,7,0,0
BRDA:115,7,1,0
BRDA:156,8,0,2
BRDA:156,8,1,3
BRDA:180,9,0,2
BRDA:180,9,1,0
BRDA:183,10,0,2
BRDA:183,10,1,0
BRDA:186,11,0,2
BRDA:186,11,1,0
BRDA:201,12,0,2
BRDA:201,12,1,1
BRDA:220,13,0,2
BRDA:220,13,1,1
BRDA:226,14,0,2
BRDA:226,14,1,0
BRF:30
BRH:12
end_of_record
TN:
SF:src\pages\admin\Dashboard.jsx
FN:16,(anonymous_0)
FN:26,(anonymous_1)
FN:31,(anonymous_2)
FNF:3
FNH:0
FNDA:0,(anonymous_0)
FNDA:0,(anonymous_1)
FNDA:0,(anonymous_2)
DA:16,1
DA:17,0
DA:18,0
DA:19,0
DA:22,0
DA:26,0
DA:27,0
DA:28,0
DA:31,0
DA:32,0
DA:33,0
DA:34,0
DA:35,0
DA:36,0
DA:37,0
DA:40,0
DA:48,0
LF:17
LH:1
BRDA:23,0,0,0
BRDA:23,0,1,0
BRDA:27,1,0,0
BRDA:27,1,1,0
BRDA:33,2,0,0
BRDA:33,2,1,0
BRDA:34,3,0,0
BRDA:34,3,1,0
BRDA:35,4,0,0
BRDA:35,4,1,0
BRDA:36,5,0,0
BRDA:36,5,1,0
BRDA:37,6,0,0
BRDA:37,6,1,0
BRDA:57,7,0,0
BRDA:57,7,1,0
BRDA:60,8,0,0
BRDA:60,8,1,0
BRDA:65,9,0,0
BRDA:65,9,1,0
BRF:20
BRH:0
end_of_record
TN:
SF:src\pages\admin\EnvironmentalImpact.jsx
FN:21,(anonymous_0)
FN:121,(anonymous_1)
FN:123,(anonymous_2)
FN:130,(anonymous_3)
FN:168,(anonymous_4)
FN:183,(anonymous_5)
FN:218,(anonymous_6)
FN:271,(anonymous_7)
FN:319,(anonymous_8)
FNF:9
FNH:0
FNDA:0,(anonymous_0)
FNDA:0,(anonymous_1)
FNDA:0,(anonymous_2)
FNDA:0,(anonymous_3)
FNDA:0,(anonymous_4)
FNDA:0,(anonymous_5)
FNDA:0,(anonymous_6)
FNDA:0,(anonymous_7)
FNDA:0,(anonymous_8)
DA:21,1
DA:22,0
DA:23,0
DA:24,0
DA:25,0
DA:27,0
DA:35,0
DA:71,0
DA:80,0
DA:88,0
DA:121,0
DA:123,0
DA:124,0
DA:125,0
DA:126,0
DA:130,0
DA:131,0
DA:137,0
DA:168,0
DA:184,0
DA:185,0
DA:219,0
DA:272,0
DA:320,0
LF:24
LH:1
BRDA:125,0,0,0
BRDA:125,0,1,0
BRDA:126,1,0,0
BRDA:126,1,1,0
BRDA:234,2,0,0
BRDA:234,2,1,0
BRDA:236,3,0,0
BRDA:236,3,1,0
BRF:8
BRH:0
end_of_record
TN:
SF:src\pages\admin\FinancialSummary.jsx
FN:18,(anonymous_0)
FN:23,(anonymous_1)
FN:39,(anonymous_2)
FN:52,(anonymous_3)
FN:91,(anonymous_4)
FN:145,(anonymous_5)
FN:183,(anonymous_6)
FNF:7
FNH:0
FNDA:0,(anonymous_0)
FNDA:0,(anonymous_1)
FNDA:0,(anonymous_2)
FNDA:0,(anonymous_3)
FNDA:0,(anonymous_4)
FNDA:0,(anonymous_5)
FNDA:0,(anonymous_6)
DA:18,1
DA:19,0
DA:20,0
DA:21,0
DA:23,0
DA:24,0
DA:27,0
DA:28,0
DA:32,0
DA:39,0
DA:40,0
DA:45,0
DA:48,0
DA:92,0
DA:146,0
DA:183,1
DA:184,0
LF:17
LH:2
BRDA:27,0,0,0
BRDA:27,0,1,0
BRDA:45,1,0,0
BRDA:45,1,1,0
BRF:4
BRH:0
end_of_record
TN:
SF:src\pages\admin\RecyclingTrends.jsx
FN:22,(anonymous_0)
FN:94,(anonymous_1)
FN:96,(anonymous_2)
FN:122,(anonymous_3)
FN:125,(anonymous_4)
FN:128,(anonymous_5)
FN:141,(anonymous_6)
FN:176,(anonymous_7)
FN:229,(anonymous_8)
FNF:9
FNH:0
FNDA:0,(anonymous_0)
FNDA:0,(anonymous_1)
FNDA:0,(anonymous_2)
FNDA:0,(anonymous_3)
FNDA:0,(anonymous_4)
FNDA:0,(anonymous_5)
FNDA:0,(anonymous_6)
FNDA:0,(anonymous_7)
FNDA:0,(anonymous_8)
DA:22,1
DA:23,0
DA:24,0
DA:25,0
DA:26,0
DA:28,0
DA:36,0
DA:72,0
DA:86,0
DA:94,0
DA:96,0
DA:97,0
DA:98,0
DA:99,0
DA:102,0
DA:122,0
DA:126,0
DA:128,0
DA:142,0
DA:143,0
DA:177,0
DA:230,0
LF:22
LH:1
BRDA:98,0,0,0
BRDA:98,0,1,0
BRDA:99,1,0,0
BRDA:99,1,1,0
BRDA:256,2,0,0
BRDA:256,2,1,0
BRDA:258,3,0,0
BRDA:258,3,1,0
BRDA:263,4,0,0
BRDA:263,4,1,0
BRDA:265,5,0,0
BRDA:265,5,1,0
BRF:12
BRH:0
end_of_record
TN:
SF:src\pages\admin\RouteChangesPreview.jsx
FN:25,(anonymous_0)
FN:36,(anonymous_1)
FN:46,(anonymous_2)
FN:50,(anonymous_3)
FN:63,(anonymous_4)
FN:81,(anonymous_5)
FN:96,(anonymous_6)
FN:97,(anonymous_7)
FN:98,(anonymous_8)
FN:102,(anonymous_9)
FN:211,(anonymous_10)
FN:263,(anonymous_11)
FN:307,(anonymous_12)
FN:316,(anonymous_13)
FN:323,(anonymous_14)
FN:364,(anonymous_15)
FN:410,(anonymous_16)
FN:434,(anonymous_17)
FN:453,(anonymous_18)
FN:463,(anonymous_19)
FN:478,(anonymous_20)
FNF:21
FNH:0
FNDA:0,(anonymous_0)
FNDA:0,(anonymous_1)
FNDA:0,(anonymous_2)
FNDA:0,(anonymous_3)
FNDA:0,(anonymous_4)
FNDA:0,(anonymous_5)
FNDA:0,(anonymous_6)
FNDA:0,(anonymous_7)
FNDA:0,(anonymous_8)
FNDA:0,(anonymous_9)
FNDA:0,(anonymous_10)
FNDA:0,(anonymous_11)
FNDA:0,(anonymous_12)
FNDA:0,(anonymous_13)
FNDA:0,(anonymous_14)
FNDA:0,(anonymous_15)
FNDA:0,(anonymous_16)
FNDA:0,(anonymous_17)
FNDA:0,(anonymous_18)
FNDA:0,(anonymous_19)
FNDA:0,(anonymous_20)
DA:25,1
DA:26,0
DA:27,0
DA:28,0
DA:30,0
DA:31,0
DA:32,0
DA:33,0
DA:36,0
DA:37,0
DA:38,0
DA:39,0
DA:40,0
DA:41,0
DA:42,0
DA:46,0
DA:47,0
DA:50,0
DA:51,0
DA:52,0
DA:56,0
DA:57,0
DA:59,0
DA:63,0
DA:64,0
DA:65,0
DA:66,0
DA:68,0
DA:72,0
DA:81,0
DA:82,0
DA:83,0
DA:90,0
DA:94,0
DA:96,0
DA:97,0
DA:98,0
DA:102,0
DA:103,0
DA:108,0
DA:111,0
DA:212,0
DA:264,0
DA:265,0
DA:307,0
DA:316,0
DA:323,0
DA:364,0
DA:411,0
DA:435,0
DA:454,0
DA:455,0
DA:464,0
DA:465,0
DA:478,0
LF:55
LH:1
BRDA:37,0,0,0
BRDA:37,0,1,0
BRDA:38,1,0,0
BRDA:38,1,1,0
BRDA:39,2,0,0
BRDA:39,2,1,0
BRDA:40,3,0,0
BRDA:40,3,1,0
BRDA:42,4,0,0
BRDA:42,4,1,0
BRDA:90,5,0,0
BRDA:90,5,1,0
BRDA:108,6,0,0
BRDA:108,6,1,0
BRDA:194,7,0,0
BRDA:194,7,1,0
BRDA:313,8,0,0
BRDA:313,8,1,0
BRDA:340,9,0,0
BRDA:340,9,1,0
BRDA:351,10,0,0
BRDA:351,10,1,0
BRDA:450,11,0,0
BRDA:450,11,1,0
BRDA:475,12,0,0
BRDA:475,12,1,0
BRF:26
BRH:0
end_of_record
TN:
SF:src\pages\admin\SpecialPickupManagement.jsx
FN:19,(anonymous_0)
FN:28,(anonymous_1)
FN:32,(anonymous_2)
FN:44,(anonymous_3)
FN:46,(anonymous_4)
FN:47,(anonymous_5)
FN:51,(anonymous_6)
FN:53,(anonymous_7)
FN:54,(anonymous_8)
FN:61,(anonymous_9)
FN:63,(anonymous_10)
FN:72,(anonymous_11)
FN:74,(anonymous_12)
FN:108,(anonymous_13)
FN:137,(anonymous_14)
FN:148,(anonymous_15)
FN:174,(anonymous_16)
FN:180,(anonymous_17)
FNF:18
FNH:0
FNDA:0,(anonymous_0)
FNDA:0,(anonymous_1)
FNDA:0,(anonymous_2)
FNDA:0,(anonymous_3)
FNDA:0,(anonymous_4)
FNDA:0,(anonymous_5)
FNDA:0,(anonymous_6)
FNDA:0,(anonymous_7)
FNDA:0,(anonymous_8)
FNDA:0,(anonymous_9)
FNDA:0,(anonymous_10)
FNDA:0,(anonymous_11)
FNDA:0,(anonymous_12)
FNDA:0,(anonymous_13)
FNDA:0,(anonymous_14)
FNDA:0,(anonymous_15)
FNDA:0,(anonymous_16)
FNDA:0,(anonymous_17)
DA:19,1
DA:20,0
DA:21,0
DA:22,0
DA:23,0
DA:24,0
DA:25,0
DA:26,0
DA:28,0
DA:29,0
DA:32,0
DA:33,0
DA:34,0
DA:35,0
DA:36,0
DA:38,0
DA:40,0
DA:44,0
DA:45,0
DA:46,0
DA:47,0
DA:51,0
DA:52,0
DA:53,0
DA:54,0
DA:59,0
DA:61,0
DA:63,0
DA:64,0
DA:69,0
DA:72,0
DA:74,0
DA:75,0
DA:76,0
DA:77,0
DA:78,0
DA:79,0
DA:80,0
DA:83,0
DA:108,0
DA:138,0
DA:149,0
DA:150,0
DA:174,0
DA:180,0
LF:45
LH:1
BRDA:47,0,0,0
BRDA:47,0,1,0
BRDA:54,1,0,0
BRDA:54,1,1,0
BRDA:59,2,0,0
BRDA:59,2,1,0
BRDA:69,3,0,0
BRDA:69,3,1,0
BRDA:76,4,0,0
BRDA:76,4,1,0
BRDA:77,5,0,0
BRDA:77,5,1,0
BRDA:78,6,0,0
BRDA:78,6,1,0
BRDA:79,7,0,0
BRDA:79,7,1,0
BRDA:80,8,0,0
BRDA:80,8,1,0
BRDA:123,9,0,0
BRDA:123,9,1,0
BRDA:171,10,0,0
BRDA:171,10,1,0
BRF:22
BRH:0
end_of_record
TN:
SF:src\pages\admin\WasteCollectionPerformance.jsx
FN:23,(anonymous_0)
FN:126,(anonymous_1)
FN:130,(anonymous_2)
FN:136,(anonymous_3)
FN:166,(anonymous_4)
FN:169,(anonymous_5)
FN:172,(anonymous_6)
FN:187,(anonymous_7)
FN:190,(anonymous_8)
FN:193,(anonymous_9)
FN:207,(anonymous_10)
FN:210,(anonymous_11)
FN:222,(anonymous_12)
FN:282,(anonymous_13)
FN:341,(anonymous_14)
FNF:15
FNH:0
FNDA:0,(anonymous_0)
FNDA:0,(anonymous_1)
FNDA:0,(anonymous_2)
FNDA:0,(anonymous_3)
FNDA:0,(anonymous_4)
FNDA:0,(anonymous_5)
FNDA:0,(anonymous_6)
FNDA:0,(anonymous_7)
FNDA:0,(anonymous_8)
FNDA:0,(anonymous_9)
FNDA:0,(anonymous_10)
FNDA:0,(anonymous_11)
FNDA:0,(anonymous_12)
FNDA:0,(anonymous_13)
FNDA:0,(anonymous_14)
DA:23,1
DA:24,0
DA:25,0
DA:26,0
DA:27,0
DA:28,0
DA:31,0
DA:39,0
DA:79,0
DA:118,0
DA:126,0
DA:127,0
DA:130,0
DA:131,0
DA:132,0
DA:133,0
DA:136,0
DA:137,0
DA:143,0
DA:146,0
DA:166,0
DA:170,0
DA:172,0
DA:187,0
DA:191,0
DA:193,0
DA:208,0
DA:211,0
DA:223,0
DA:224,0
DA:283,0
DA:342,0
LF:32
LH:1
BRDA:132,0,0,0
BRDA:132,0,1,0
BRDA:133,1,0,0
BRDA:133,1,1,0
BRDA:143,2,0,0
BRDA:143,2,1,0
BRDA:234,3,0,0
BRDA:234,3,1,0
BRF:8
BRH:0
end_of_record
TN:
SF:src\pages\admin\components\AnalyticsView.jsx
FN:10,(anonymous_0)
FN:63,(anonymous_1)
FN:68,(anonymous_2)
FN:70,(anonymous_3)
FN:73,(anonymous_4)
FNF:5
FNH:2
FNDA:4,(anonymous_0)
FNDA:16,(anonymous_1)
FNDA:0,(anonymous_2)
FNDA:0,(anonymous_3)
FNDA:0,(anonymous_4)
DA:10,3
DA:11,4
DA:13,4
DA:51,4
DA:64,16
DA:65,16
DA:68,0
DA:71,0
DA:74,0
LF:9
LH:6
BRF:0
BRH:0
end_of_record
TN:
SF:src\pages\admin\components\RecentRequestsTable.jsx
FN:5,(anonymous_0)
FN:12,(anonymous_1)
FN:22,(anonymous_2)
FN:28,(anonymous_3)
FN:39,(anonymous_4)
FN:42,(anonymous_5)
FN:43,(anonymous_6)
FN:58,(anonymous_7)
FN:68,(anonymous_8)
FN:109,(anonymous_9)
FN:145,(anonymous_10)
FN:152,(anonymous_11)
FNF:12
FNH:0
FNDA:0,(anonymous_0)
FNDA:0,(anonymous_1)
FNDA:0,(anonymous_2)
FNDA:0,(anonymous_3)
FNDA:0,(anonymous_4)
FNDA:0,(anonymous_5)
FNDA:0,(anonymous_6)
FNDA:0,(anonymous_7)
FNDA:0,(anonymous_8)
FNDA:0,(anonymous_9)
FNDA:0,(anonymous_10)
FNDA:0,(anonymous_11)
DA:5,1
DA:6,0
DA:7,0
DA:9,0
DA:12,0
DA:13,0
DA:18,0
DA:22,0
DA:23,0
DA:24,0
DA:25,0
DA:27,0
DA:28,0
DA:30,0
DA:32,0
DA:34,0
DA:39,0
DA:40,0
DA:42,0
DA:43,0
DA:47,0
DA:52,0
DA:54,0
DA:58,0
DA:59,0
DA:62,0
DA:68,0
DA:110,0
DA:111,0
DA:145,0
DA:152,0
LF:31
LH:1
BRDA:18,0,0,0
BRDA:18,0,1,0
BRDA:43,1,0,0
BRDA:43,1,1,0
BRDA:78,2,0,0
BRDA:78,2,1,0
BRDA:80,3,0,0
BRDA:80,3,1,0
BRDA:117,4,0,0
BRDA:117,4,1,0
BRDA:120,5,0,0
BRDA:120,5,1,0
BRDA:123,6,0,0
BRDA:123,6,1,0
BRDA:126,7,0,0
BRDA:126,7,1,0
BRDA:142,8,0,0
BRDA:142,8,1,0
BRDA:159,9,0,0
BRDA:159,9,1,0
BRF:20
BRH:0
end_of_record
TN:
SF:src\pages\admin\components\ReportGenerationView.jsx
FN:18,(anonymous_0)
FN:31,(anonymous_1)
FN:35,(anonymous_2)
FN:46,(anonymous_3)
FN:47,(anonymous_4)
FN:49,(anonymous_5)
FN:73,(anonymous_6)
FN:78,(anonymous_7)
FN:142,(anonymous_8)
FN:158,(anonymous_9)
FN:175,(anonymous_10)
FN:186,(anonymous_11)
FN:194,(anonymous_12)
FN:259,(anonymous_13)
FN:286,(anonymous_14)
FN:293,(anonymous_15)
FNF:16
FNH:0
FNDA:0,(anonymous_0)
FNDA:0,(anonymous_1)
FNDA:0,(anonymous_2)
FNDA:0,(anonymous_3)
FNDA:0,(anonymous_4)
FNDA:0,(anonymous_5)
FNDA:0,(anonymous_6)
FNDA:0,(anonymous_7)
FNDA:0,(anonymous_8)
FNDA:0,(anonymous_9)
FNDA:0,(anonymous_10)
FNDA:0,(anonymous_11)
FNDA:0,(anonymous_12)
FNDA:0,(anonymous_13)
FNDA:0,(anonymous_14)
FNDA:0,(anonymous_15)
DA:18,1
DA:19,0
DA:20,0
DA:21,0
DA:22,0
DA:23,0
DA:29,0
DA:31,0
DA:32,0
DA:35,0
DA:36,0
DA:37,0
DA:40,0
DA:42,0
DA:46,0
DA:47,0
DA:49,0
DA:50,0
DA:51,0
DA:53,0
DA:54,0
DA:60,0
DA:66,0
DA:68,0
DA:69,0
DA:73,0
DA:74,0
DA:75,0
DA:78,0
DA:79,0
DA:80,0
DA:81,0
DA:82,0
DA:83,0
DA:85,0
DA:86,0
DA:91,0
DA:126,0
DA:142,0
DA:158,0
DA:175,0
DA:187,0
DA:194,0
DA:260,0
DA:286,0
DA:293,0
LF:46
LH:1
BRDA:79,0,0,0
BRDA:79,0,1,0
BRDA:234,1,0,0
BRDA:234,1,1,0
BRF:4
BRH:0
end_of_record
TN:
SF:src\pages\admin\components\StatsGrid.jsx
FN:1,(anonymous_0)
FN:3,(anonymous_1)
FNF:2
FNH:2
FNDA:2,(anonymous_0)
FNDA:8,(anonymous_1)
DA:1,2
DA:2,2
DA:4,8
DA:5,8
LF:4
LH:4
BRF:0
BRH:0
end_of_record
TN:
SF:src\pages\auth\SignIn.jsx
FN:12,(anonymous_0)
FN:21,(anonymous_1)
FN:23,(anonymous_2)
FN:28,(anonymous_3)
FN:107,(anonymous_4)
FN:108,(anonymous_5)
FNF:6
FNH:0
FNDA:0,(anonymous_0)
FNDA:0,(anonymous_1)
FNDA:0,(anonymous_2)
FNDA:0,(anonymous_3)
FNDA:0,(anonymous_4)
FNDA:0,(anonymous_5)
DA:12,1
DA:13,0
DA:14,0
DA:18,0
DA:19,0
DA:21,0
DA:22,0
DA:23,0
DA:25,0
DA:28,0
DA:29,0
DA:30,0
DA:31,0
DA:33,0
DA:34,0
DA:39,0
DA:40,0
DA:43,0
DA:45,0
DA:46,0
DA:47,0
DA:49,0
DA:53,0
DA:107,0
DA:108,0
LF:25
LH:1
BRDA:25,0,0,0
BRDA:25,0,1,0
BRDA:45,1,0,0
BRDA:45,1,1,0
BRDA:46,2,0,0
BRDA:46,2,1,0
BRDA:60,3,0,0
BRDA:60,3,1,0
BRDA:120,4,0,0
BRDA:120,4,1,0
BRF:10
BRH:0
end_of_record
TN:
SF:src\pages\auth\SignUp.jsx
FN:12,(anonymous_0)
FN:26,(anonymous_1)
FN:28,(anonymous_2)
FN:39,(anonymous_3)
FN:49,(anonymous_4)
FN:73,(anonymous_5)
FN:103,(anonymous_6)
FN:109,(anonymous_7)
FN:210,(anonymous_8)
FN:210,(anonymous_9)
FNF:10
FNH:0
FNDA:0,(anonymous_0)
FNDA:0,(anonymous_1)
FNDA:0,(anonymous_2)
FNDA:0,(anonymous_3)
FNDA:0,(anonymous_4)
FNDA:0,(anonymous_5)
FNDA:0,(anonymous_6)
FNDA:0,(anonymous_7)
FNDA:0,(anonymous_8)
FNDA:0,(anonymous_9)
DA:12,1
DA:13,0
DA:14,0
DA:22,0
DA:23,0
DA:24,0
DA:26,0
DA:27,0
DA:28,0
DA:31,0
DA:34,0
DA:35,0
DA:39,0
DA:40,0
DA:41,0
DA:42,0
DA:43,0
DA:44,0
DA:45,0
DA:46,0
DA:49,0
DA:50,0
DA:51,0
DA:52,0
DA:54,0
DA:55,0
DA:56,0
DA:58,0
DA:59,0
DA:60,0
DA:62,0
DA:63,0
DA:64,0
DA:66,0
DA:67,0
DA:68,0
DA:70,0
DA:73,0
DA:74,0
DA:76,0
DA:78,0
DA:79,0
DA:81,0
DA:82,0
DA:89,0
DA:90,0
DA:93,0
DA:95,0
DA:96,0
DA:97,0
DA:99,0
DA:103,0
DA:104,0
DA:105,0
DA:106,0
DA:109,0
DA:110,0
DA:111,0
DA:112,0
DA:115,0
DA:210,0
LF:61
LH:1
BRDA:31,0,0,0
BRDA:31,0,1,0
BRDA:34,1,0,0
BRDA:34,1,1,0
BRDA:41,2,0,0
BRDA:41,2,1,0
BRDA:42,3,0,0
BRDA:42,3,1,0
BRDA:43,4,0,0
BRDA:43,4,1,0
BRDA:44,5,0,0
BRDA:44,5,1,0
BRDA:45,6,0,0
BRDA:45,6,1,0
BRDA:50,7,0,0
BRDA:50,7,1,0
BRDA:50,8,0,0
BRDA:50,8,1,0
BRDA:54,9,0,0
BRDA:54,9,1,0
BRDA:58,10,0,0
BRDA:58,10,1,0
BRDA:62,11,0,0
BRDA:62,11,1,0
BRDA:66,12,0,0
BRDA:66,12,1,0
BRDA:76,13,0,0
BRDA:76,13,1,0
BRDA:95,14,0,0
BRDA:95,14,1,0
BRDA:96,15,0,0
BRDA:96,15,1,0
BRDA:104,16,0,0
BRDA:104,16,1,0
BRDA:105,17,0,0
BRDA:105,17,1,0
BRDA:110,18,0,0
BRDA:110,18,1,0
BRDA:111,19,0,0
BRDA:111,19,1,0
BRDA:122,20,0,0
BRDA:122,20,1,0
BRDA:171,21,0,0
BRDA:171,21,1,0
BRDA:176,22,0,0
BRDA:176,22,1,0
BRDA:177,23,0,0
BRDA:177,23,1,0
BRDA:219,24,0,0
BRDA:219,24,1,0
BRF:50
BRH:0
end_of_record
TN:
SF:src\pages\business\Dashboard.jsx
FN:18,(anonymous_0)
FN:32,(anonymous_1)
FN:33,(anonymous_2)
FN:43,(anonymous_3)
FN:46,(anonymous_4)
FN:48,(anonymous_5)
FN:49,(anonymous_6)
FN:78,(anonymous_7)
FN:88,(anonymous_8)
FN:98,(anonymous_9)
FN:109,(anonymous_10)
FN:114,(anonymous_11)
FN:129,(anonymous_12)
FN:139,(anonymous_13)
FN:149,(anonymous_14)
FN:159,(anonymous_15)
FN:171,(anonymous_16)
FN:177,(anonymous_17)
FN:183,(anonymous_18)
FN:193,(anonymous_19)
FN:208,(anonymous_20)
FN:216,(anonymous_21)
FN:289,(anonymous_22)
FN:291,(anonymous_23)
FN:300,(anonymous_24)
FN:347,(anonymous_25)
FN:353,(anonymous_26)
FN:359,(anonymous_27)
FNF:28
FNH:0
FNDA:0,(anonymous_0)
FNDA:0,(anonymous_1)
FNDA:0,(anonymous_2)
FNDA:0,(anonymous_3)
FNDA:0,(anonymous_4)
FNDA:0,(anonymous_5)
FNDA:0,(anonymous_6)
FNDA:0,(anonymous_7)
FNDA:0,(anonymous_8)
FNDA:0,(anonymous_9)
FNDA:0,(anonymous_10)
FNDA:0,(anonymous_11)
FNDA:0,(anonymous_12)
FNDA:0,(anonymous_13)
FNDA:0,(anonymous_14)
FNDA:0,(anonymous_15)
FNDA:0,(anonymous_16)
FNDA:0,(anonymous_17)
FNDA:0,(anonymous_18)
FNDA:0,(anonymous_19)
FNDA:0,(anonymous_20)
FNDA:0,(anonymous_21)
FNDA:0,(anonymous_22)
FNDA:0,(anonymous_23)
FNDA:0,(anonymous_24)
FNDA:0,(anonymous_25)
FNDA:0,(anonymous_26)
FNDA:0,(anonymous_27)
DA:18,1
DA:19,0
DA:20,0
DA:21,0
DA:22,0
DA:23,0
DA:24,0
DA:32,0
DA:33,0
DA:34,0
DA:36,0
DA:37,0
DA:38,0
DA:39,0
DA:42,0
DA:43,0
DA:44,0
DA:46,0
DA:47,0
DA:48,0
DA:49,0
DA:51,0
DA:58,0
DA:60,0
DA:64,0
DA:68,0
DA:78,0
DA:79,0
DA:80,0
DA:81,0
DA:82,0
DA:83,0
DA:84,0
DA:88,0
DA:89,0
DA:90,0
DA:91,0
DA:92,0
DA:93,0
DA:94,0
DA:98,0
DA:99,0
DA:109,0
DA:110,0
DA:114,0
DA:115,0
DA:117,0
DA:129,0
DA:139,0
DA:149,0
DA:159,0
DA:171,0
DA:177,0
DA:183,0
DA:193,0
DA:208,0
DA:217,0
DA:246,0
DA:254,0
DA:280,0
DA:289,0
DA:292,0
DA:300,0
DA:309,0
DA:335,0
DA:347,0
DA:353,0
DA:359,0
DA:367,0
DA:371,0
LF:70
LH:1
BRDA:34,0,0,0
BRDA:34,0,1,0
BRDA:49,1,0,0
BRDA:49,1,1,0
BRDA:79,2,0,0
BRDA:79,2,1,0
BRDA:79,2,2,0
BRDA:79,2,3,0
BRDA:79,2,4,0
BRDA:79,2,5,0
BRDA:89,3,0,0
BRDA:89,3,1,0
BRDA:89,3,2,0
BRDA:89,3,3,0
BRDA:89,3,4,0
BRDA:89,3,5,0
BRDA:115,4,0,0
BRDA:115,4,1,0
BRDA:115,4,2,0
BRDA:115,4,3,0
BRDA:115,4,4,0
BRDA:115,4,5,0
BRDA:115,4,6,0
BRDA:199,5,0,0
BRDA:199,5,1,0
BRDA:203,6,0,0
BRDA:203,6,1,0
BRDA:300,7,0,0
BRDA:300,7,1,0
BRF:29
BRH:0
end_of_record
TN:
SF:src\pages\business\PickupRequestPage.jsx
FN:9,(anonymous_0)
FN:26,(anonymous_1)
FN:31,(anonymous_2)
FN:36,(anonymous_3)
FN:40,(anonymous_4)
FN:44,(anonymous_5)
FN:101,(anonymous_6)
FN:111,(anonymous_7)
FNF:8
FNH:0
FNDA:0,(anonymous_0)
FNDA:0,(anonymous_1)
FNDA:0,(anonymous_2)
FNDA:0,(anonymous_3)
FNDA:0,(anonymous_4)
FNDA:0,(anonymous_5)
FNDA:0,(anonymous_6)
FNDA:0,(anonymous_7)
DA:9,1
DA:10,0
DA:11,0
DA:12,0
DA:13,0
DA:14,0
DA:17,0
DA:26,0
DA:27,0
DA:28,0
DA:29,0
DA:31,0
DA:32,0
DA:36,0
DA:37,0
DA:40,0
DA:41,0
DA:44,0
DA:45,0
DA:46,0
DA:47,0
DA:48,0
DA:50,0
DA:54,0
DA:101,0
DA:111,0
LF:26
LH:1
BRDA:45,0,0,0
BRDA:45,0,1,0
BRDA:47,1,0,0
BRDA:47,1,1,0
BRDA:74,2,0,0
BRDA:74,2,1,0
BRDA:74,2,2,0
BRDA:103,3,0,0
BRDA:103,3,1,0
BRDA:113,4,0,0
BRDA:113,4,1,0
BRDA:126,5,0,0
BRDA:126,5,1,0
BRDA:133,6,0,0
BRDA:133,6,1,0
BRF:15
BRH:0
end_of_record
TN:
SF:src\pages\pickup\PickupRequestPage.jsx
FN:9,(anonymous_0)
FN:26,(anonymous_1)
FN:32,(anonymous_2)
FN:37,(anonymous_3)
FN:41,(anonymous_4)
FN:45,(anonymous_5)
FN:104,(anonymous_6)
FN:114,(anonymous_7)
FNF:8
FNH:0
FNDA:0,(anonymous_0)
FNDA:0,(anonymous_1)
FNDA:0,(anonymous_2)
FNDA:0,(anonymous_3)
FNDA:0,(anonymous_4)
FNDA:0,(anonymous_5)
FNDA:0,(anonymous_6)
FNDA:0,(anonymous_7)
DA:9,1
DA:10,0
DA:11,0
DA:12,0
DA:13,0
DA:14,0
DA:17,0
DA:26,0
DA:27,0
DA:28,0
DA:29,0
DA:32,0
DA:33,0
DA:37,0
DA:38,0
DA:41,0
DA:42,0
DA:45,0
DA:46,0
DA:47,0
DA:48,0
DA:50,0
DA:53,0
DA:57,0
DA:104,0
DA:114,0
LF:26
LH:1
BRDA:46,0,0,0
BRDA:46,0,1,0
BRDA:48,1,0,0
BRDA:48,1,1,0
BRDA:77,2,0,0
BRDA:77,2,1,0
BRDA:77,2,2,0
BRDA:106,3,0,0
BRDA:106,3,1,0
BRDA:116,4,0,0
BRDA:116,4,1,0
BRDA:129,5,0,0
BRDA:129,5,1,0
BRDA:136,6,0,0
BRDA:136,6,1,0
BRF:15
BRH:0
end_of_record
TN:
SF:src\pages\resident\Dashboard.jsx
FN:28,(anonymous_0)
FN:42,(anonymous_1)
FN:43,(anonymous_2)
FN:55,(anonymous_3)
FN:59,(anonymous_4)
FN:62,(anonymous_5)
FN:63,(anonymous_6)
FN:92,(anonymous_7)
FN:108,(anonymous_8)
FN:124,(anonymous_9)
FN:135,(anonymous_10)
FN:140,(anonymous_11)
FN:155,(anonymous_12)
FN:165,(anonymous_13)
FN:175,(anonymous_14)
FN:185,(anonymous_15)
FN:199,(anonymous_16)
FN:205,(anonymous_17)
FN:211,(anonymous_18)
FN:223,(anonymous_19)
FN:238,(anonymous_20)
FN:246,(anonymous_21)
FN:325,(anonymous_22)
FN:327,(anonymous_23)
FN:346,(anonymous_24)
FN:396,(anonymous_25)
FN:402,(anonymous_26)
FN:408,(anonymous_27)
FNF:28
FNH:0
FNDA:0,(anonymous_0)
FNDA:0,(anonymous_1)
FNDA:0,(anonymous_2)
FNDA:0,(anonymous_3)
FNDA:0,(anonymous_4)
FNDA:0,(anonymous_5)
FNDA:0,(anonymous_6)
FNDA:0,(anonymous_7)
FNDA:0,(anonymous_8)
FNDA:0,(anonymous_9)
FNDA:0,(anonymous_10)
FNDA:0,(anonymous_11)
FNDA:0,(anonymous_12)
FNDA:0,(anonymous_13)
FNDA:0,(anonymous_14)
FNDA:0,(anonymous_15)
FNDA:0,(anonymous_16)
FNDA:0,(anonymous_17)
FNDA:0,(anonymous_18)
FNDA:0,(anonymous_19)
FNDA:0,(anonymous_20)
FNDA:0,(anonymous_21)
FNDA:0,(anonymous_22)
FNDA:0,(anonymous_23)
FNDA:0,(anonymous_24)
FNDA:0,(anonymous_25)
FNDA:0,(anonymous_26)
FNDA:0,(anonymous_27)
DA:28,1
DA:29,0
DA:30,0
DA:31,0
DA:32,0
DA:33,0
DA:34,0
DA:42,0
DA:43,0
DA:44,0
DA:46,0
DA:47,0
DA:48,0
DA:51,0
DA:54,0
DA:55,0
DA:56,0
DA:58,0
DA:59,0
DA:61,0
DA:62,0
DA:63,0
DA:65,0
DA:72,0
DA:74,0
DA:78,0
DA:82,0
DA:92,0
DA:93,0
DA:95,0
DA:98,0
DA:100,0
DA:102,0
DA:104,0
DA:108,0
DA:109,0
DA:111,0
DA:114,0
DA:116,0
DA:118,0
DA:120,0
DA:124,0
DA:125,0
DA:135,0
DA:136,0
DA:140,0
DA:141,0
DA:143,0
DA:155,0
DA:165,0
DA:175,0
DA:185,0
DA:199,0
DA:205,0
DA:211,0
DA:223,0
DA:238,0
DA:247,0
DA:283,0
DA:286,0
DA:314,0
DA:325,0
DA:328,0
DA:346,0
DA:356,0
DA:382,0
DA:396,0
DA:402,0
DA:408,0
DA:416,0
DA:420,0
LF:71
LH:1
BRDA:44,0,0,0
BRDA:44,0,1,0
BRDA:63,1,0,0
BRDA:63,1,1,0
BRDA:93,2,0,0
BRDA:93,2,1,0
BRDA:93,2,2,0
BRDA:93,2,3,0
BRDA:93,2,4,0
BRDA:93,2,5,0
BRDA:109,3,0,0
BRDA:109,3,1,0
BRDA:109,3,2,0
BRDA:109,3,3,0
BRDA:109,3,4,0
BRDA:109,3,5,0
BRDA:141,4,0,0
BRDA:141,4,1,0
BRDA:141,4,2,0
BRDA:141,4,3,0
BRDA:141,4,4,0
BRDA:141,4,5,0
BRDA:141,4,6,0
BRDA:229,5,0,0
BRDA:229,5,1,0
BRDA:233,6,0,0
BRDA:233,6,1,0
BRDA:345,7,0,0
BRDA:345,7,1,0
BRF:29
BRH:0
end_of_record
TN:
SF:src\pages\worker\CollectionPage.jsx
FN:48,(anonymous_0)
FN:54,(anonymous_1)
FN:60,(anonymous_2)
FN:78,(anonymous_3)
FN:85,(anonymous_4)
FN:93,(anonymous_5)
FN:99,(anonymous_6)
FN:113,(anonymous_7)
FN:114,(anonymous_8)
FN:124,(anonymous_9)
FN:130,(anonymous_10)
FN:135,(anonymous_11)
FN:146,(anonymous_12)
FN:156,(anonymous_13)
FN:161,(anonymous_14)
FN:163,(anonymous_15)
FN:181,(anonymous_16)
FN:186,(anonymous_17)
FN:191,(anonymous_18)
FN:204,(anonymous_19)
FN:213,(anonymous_20)
FN:217,(anonymous_21)
FN:228,(anonymous_22)
FN:235,(anonymous_23)
FN:239,(anonymous_24)
FN:260,(anonymous_25)
FN:358,(anonymous_26)
FN:382,(anonymous_27)
FN:383,(anonymous_28)
FN:412,(anonymous_29)
FN:431,(anonymous_30)
FN:438,(anonymous_31)
FN:526,(anonymous_32)
FN:532,(anonymous_33)
FN:536,(anonymous_34)
FN:551,(anonymous_35)
FN:568,(anonymous_36)
FN:583,(anonymous_37)
FN:589,(anonymous_38)
FN:596,(anonymous_39)
FN:603,(anonymous_40)
FN:677,(anonymous_41)
FN:697,(anonymous_42)
FN:709,(anonymous_43)
FN:722,(anonymous_44)
FN:734,(anonymous_45)
FN:750,(anonymous_46)
FN:801,(anonymous_47)
FNF:48
FNH:0
FNDA:0,(anonymous_0)
FNDA:0,(anonymous_1)
FNDA:0,(anonymous_2)
FNDA:0,(anonymous_3)
FNDA:0,(anonymous_4)
FNDA:0,(anonymous_5)
FNDA:0,(anonymous_6)
FNDA:0,(anonymous_7)
FNDA:0,(anonymous_8)
FNDA:0,(anonymous_9)
FNDA:0,(anonymous_10)
FNDA:0,(anonymous_11)
FNDA:0,(anonymous_12)
FNDA:0,(anonymous_13)
FNDA:0,(anonymous_14)
FNDA:0,(anonymous_15)
FNDA:0,(anonymous_16)
FNDA:0,(anonymous_17)
FNDA:0,(anonymous_18)
FNDA:0,(anonymous_19)
FNDA:0,(anonymous_20)
FNDA:0,(anonymous_21)
FNDA:0,(anonymous_22)
FNDA:0,(anonymous_23)
FNDA:0,(anonymous_24)
FNDA:0,(anonymous_25)
FNDA:0,(anonymous_26)
FNDA:0,(anonymous_27)
FNDA:0,(anonymous_28)
FNDA:0,(anonymous_29)
FNDA:0,(anonymous_30)
FNDA:0,(anonymous_31)
FNDA:0,(anonymous_32)
FNDA:0,(anonymous_33)
FNDA:0,(anonymous_34)
FNDA:0,(anonymous_35)
FNDA:0,(anonymous_36)
FNDA:0,(anonymous_37)
FNDA:0,(anonymous_38)
FNDA:0,(anonymous_39)
FNDA:0,(anonymous_40)
FNDA:0,(anonymous_41)
FNDA:0,(anonymous_42)
FNDA:0,(anonymous_43)
FNDA:0,(anonymous_44)
FNDA:0,(anonymous_45)
FNDA:0,(anonymous_46)
FNDA:0,(anonymous_47)
DA:48,1
DA:49,0
DA:54,1
DA:55,0
DA:60,1
DA:62,0
DA:63,0
DA:64,0
DA:65,0
DA:68,0
DA:69,0
DA:70,0
DA:71,0
DA:72,0
DA:75,0
DA:78,0
DA:79,0
DA:81,0
DA:82,0
DA:85,0
DA:86,0
DA:90,0
DA:93,0
DA:94,0
DA:96,0
DA:97,0
DA:99,0
DA:100,0
DA:104,0
DA:107,0
DA:113,0
DA:114,0
DA:115,0
DA:116,0
DA:117,0
DA:120,0
DA:124,0
DA:130,0
DA:131,0
DA:135,0
DA:136,0
DA:137,0
DA:142,0
DA:143,0
DA:146,0
DA:148,0
DA:149,0
DA:156,0
DA:161,0
DA:163,0
DA:166,0
DA:167,0
DA:171,0
DA:172,0
DA:173,0
DA:174,0
DA:181,0
DA:188,0
DA:191,0
DA:194,0
DA:195,0
DA:200,0
DA:204,0
DA:205,0
DA:207,0
DA:208,0
DA:209,0
DA:213,0
DA:217,0
DA:221,0
DA:222,0
DA:225,0
DA:227,0
DA:228,0
DA:230,0
DA:231,0
DA:235,0
DA:239,0
DA:243,0
DA:244,0
DA:249,0
DA:250,0
DA:252,0
DA:253,0
DA:260,0
DA:264,0
DA:265,0
DA:269,0
DA:270,0
DA:273,0
DA:289,0
DA:291,0
DA:294,0
DA:304,0
DA:307,0
DA:308,0
DA:309,0
DA:311,0
DA:317,0
DA:318,0
DA:321,0
DA:323,0
DA:326,0
DA:336,0
DA:339,0
DA:340,0
DA:341,0
DA:343,0
DA:349,0
DA:350,0
DA:353,0
DA:358,0
DA:359,0
DA:360,0
DA:370,0
DA:372,0
DA:378,0
DA:382,0
DA:383,0
DA:384,0
DA:394,0
DA:397,0
DA:398,0
DA:399,0
DA:401,0
DA:407,0
DA:408,0
DA:412,0
DA:413,0
DA:414,0
DA:419,0
DA:420,0
DA:423,0
DA:429,0
DA:431,0
DA:433,0
DA:434,0
DA:438,0
DA:441,0
DA:442,0
DA:446,0
DA:463,0
DA:465,0
DA:468,0
DA:478,0
DA:481,0
DA:482,0
DA:483,0
DA:485,0
DA:491,0
DA:492,0
DA:494,0
DA:497,0
DA:507,0
DA:510,0
DA:511,0
DA:512,0
DA:514,0
DA:520,0
DA:521,0
DA:526,0
DA:527,0
DA:528,0
DA:532,0
DA:533,0
DA:536,0
DA:537,0
DA:539,0
DA:541,0
DA:544,0
DA:550,0
DA:551,0
DA:552,0
DA:554,0
DA:561,0
DA:564,0
DA:567,0
DA:568,0
DA:569,0
DA:571,0
DA:578,0
DA:579,0
DA:583,0
DA:584,0
DA:585,0
DA:589,0
DA:590,0
DA:591,0
DA:592,0
DA:596,0
DA:597,0
DA:598,0
DA:599,0
DA:603,0
DA:604,0
DA:605,0
DA:609,0
DA:611,0
DA:677,0
DA:697,0
DA:710,0
DA:722,0
DA:734,0
DA:750,0
DA:801,0
LF:205
LH:3
BRDA:79,0,0,0
BRDA:79,0,1,0
BRDA:82,1,0,0
BRDA:82,1,1,0
BRDA:82,2,0,0
BRDA:82,2,1,0
BRDA:94,3,0,0
BRDA:94,3,1,0
BRDA:97,4,0,0
BRDA:97,4,1,0
BRDA:97,5,0,0
BRDA:97,5,1,0
BRDA:116,6,0,0
BRDA:116,6,1,0
BRDA:136,7,0,0
BRDA:136,7,1,0
BRDA:148,8,0,0
BRDA:148,8,1,0
BRDA:171,9,0,0
BRDA:171,9,1,0
BRDA:173,10,0,0
BRDA:173,10,1,0
BRDA:173,11,0,0
BRDA:173,11,1,0
BRDA:173,11,2,0
BRDA:208,12,0,0
BRDA:208,12,1,0
BRDA:230,13,0,0
BRDA:230,13,1,0
BRDA:250,14,0,0
BRDA:250,14,1,0
BRDA:252,15,0,0
BRDA:252,15,1,0
BRDA:307,16,0,0
BRDA:307,16,1,0
BRDA:339,17,0,0
BRDA:339,17,1,0
BRDA:386,18,0,0
BRDA:386,18,1,0
BRDA:397,19,0,0
BRDA:397,19,1,0
BRDA:413,20,0,0
BRDA:413,20,1,0
BRDA:433,21,0,0
BRDA:433,21,1,0
BRDA:481,22,0,0
BRDA:481,22,1,0
BRDA:510,23,0,0
BRDA:510,23,1,0
BRDA:533,24,0,0
BRDA:533,24,1,0
BRDA:537,25,0,0
BRDA:537,25,1,0
BRDA:550,26,0,0
BRDA:550,26,1,0
BRDA:567,27,0,0
BRDA:567,27,1,0
BRDA:591,28,0,0
BRDA:591,28,1,0
BRDA:598,29,0,0
BRDA:598,29,1,0
BRDA:618,30,0,0
BRDA:618,30,1,0
BRDA:628,31,0,0
BRDA:628,31,1,0
BRDA:628,31,2,0
BRDA:649,32,0,0
BRDA:649,32,1,0
BRDA:661,33,0,0
BRDA:661,33,1,0
BRDA:681,34,0,0
BRDA:681,34,1,0
BRDA:690,35,0,0
BRDA:690,35,1,0
BRF:74
BRH:0
end_of_record
TN:
SF:src\pages\worker\Dashboard.jsx
FN:11,(anonymous_0)
FN:12,(anonymous_1)
FN:13,(anonymous_2)
FN:14,(anonymous_3)
FN:15,(anonymous_4)
FN:21,(anonymous_5)
FN:37,(anonymous_6)
FN:42,(anonymous_7)
FN:43,(anonymous_8)
FN:88,(anonymous_9)
FN:100,(anonymous_10)
FN:110,(anonymous_11)
FN:120,(anonymous_12)
FN:130,(anonymous_13)
FN:147,(anonymous_14)
FN:155,(anonymous_15)
FN:206,(anonymous_16)
FN:245,(anonymous_17)
FN:274,(anonymous_18)
FN:292,(anonymous_19)
FN:303,(anonymous_20)
FNF:21
FNH:0
FNDA:0,(anonymous_0)
FNDA:0,(anonymous_1)
FNDA:0,(anonymous_2)
FNDA:0,(anonymous_3)
FNDA:0,(anonymous_4)
FNDA:0,(anonymous_5)
FNDA:0,(anonymous_6)
FNDA:0,(anonymous_7)
FNDA:0,(anonymous_8)
FNDA:0,(anonymous_9)
FNDA:0,(anonymous_10)
FNDA:0,(anonymous_11)
FNDA:0,(anonymous_12)
FNDA:0,(anonymous_13)
FNDA:0,(anonymous_14)
FNDA:0,(anonymous_15)
FNDA:0,(anonymous_16)
FNDA:0,(anonymous_17)
FNDA:0,(anonymous_18)
FNDA:0,(anonymous_19)
FNDA:0,(anonymous_20)
DA:11,1
DA:12,1
DA:13,1
DA:14,1
DA:15,1
DA:21,1
DA:22,0
DA:23,0
DA:24,0
DA:25,0
DA:26,0
DA:29,0
DA:37,0
DA:38,0
DA:42,0
DA:43,0
DA:44,0
DA:45,0
DA:46,0
DA:47,0
DA:48,0
DA:50,0
DA:51,0
DA:53,0
DA:80,0
DA:84,0
DA:88,0
DA:89,0
DA:100,0
DA:110,0
DA:120,0
DA:130,0
DA:147,0
DA:156,0
DA:163,0
DA:206,0
DA:207,0
DA:245,0
DA:246,0
DA:274,0
DA:275,0
DA:277,0
DA:279,0
DA:281,0
DA:283,0
DA:285,0
DA:287,0
DA:292,0
DA:293,0
DA:300,0
DA:303,0
DA:304,0
DA:311,0
DA:314,0
LF:54
LH:6
BRDA:138,0,0,0
BRDA:138,0,1,0
BRDA:143,1,0,0
BRDA:143,1,1,0
BRDA:168,2,0,0
BRDA:168,2,1,0
BRDA:275,3,0,0
BRDA:275,3,1,0
BRDA:275,3,2,0
BRDA:275,3,3,0
BRDA:275,3,4,0
BRDA:275,3,5,0
BRDA:300,4,0,0
BRDA:300,4,1,0
BRDA:311,5,0,0
BRDA:311,5,1,0
BRF:16
BRH:0
end_of_record
TN:
SF:src\pages\worker\PickupRoutesPage.jsx
FN:6,(anonymous_0)
FN:13,(anonymous_1)
FN:19,(anonymous_2)
FN:25,(anonymous_3)
FN:32,(anonymous_4)
FN:41,(anonymous_5)
FN:51,(anonymous_6)
FN:71,(anonymous_7)
FN:75,(anonymous_8)
FN:163,(anonymous_9)
FN:178,(anonymous_10)
FN:181,(anonymous_11)
FN:188,(anonymous_12)
FN:192,(anonymous_13)
FN:197,(anonymous_14)
FN:225,(anonymous_15)
FN:262,(anonymous_16)
FN:267,(anonymous_17)
FN:271,(anonymous_18)
FN:285,(anonymous_19)
FN:290,(anonymous_20)
FN:339,(anonymous_21)
FNF:22
FNH:0
FNDA:0,(anonymous_0)
FNDA:0,(anonymous_1)
FNDA:0,(anonymous_2)
FNDA:0,(anonymous_3)
FNDA:0,(anonymous_4)
FNDA:0,(anonymous_5)
FNDA:0,(anonymous_6)
FNDA:0,(anonymous_7)
FNDA:0,(anonymous_8)
FNDA:0,(anonymous_9)
FNDA:0,(anonymous_10)
FNDA:0,(anonymous_11)
FNDA:0,(anonymous_12)
FNDA:0,(anonymous_13)
FNDA:0,(anonymous_14)
FNDA:0,(anonymous_15)
FNDA:0,(anonymous_16)
FNDA:0,(anonymous_17)
FNDA:0,(anonymous_18)
FNDA:0,(anonymous_19)
FNDA:0,(anonymous_20)
FNDA:0,(anonymous_21)
DA:6,1
DA:7,0
DA:13,1
DA:14,0
DA:19,1
DA:20,0
DA:25,1
DA:26,0
DA:32,1
DA:33,0
DA:41,1
DA:42,0
DA:43,0
DA:51,0
DA:52,0
DA:53,0
DA:56,0
DA:57,0
DA:59,0
DA:71,0
DA:76,0
DA:163,1
DA:164,0
DA:166,0
DA:178,0
DA:179,0
DA:181,0
DA:182,0
DA:185,0
DA:188,0
DA:189,0
DA:192,0
DA:193,0
DA:194,0
DA:196,0
DA:197,0
DA:206,0
DA:208,0
DA:211,0
DA:215,0
DA:226,0
DA:262,1
DA:263,0
DA:264,0
DA:265,0
DA:267,0
DA:268,0
DA:271,0
DA:274,0
DA:277,0
DA:278,0
DA:280,0
DA:285,0
DA:286,0
DA:287,0
DA:290,0
DA:293,0
DA:294,0
DA:295,0
DA:296,0
DA:297,0
DA:301,0
DA:340,0
DA:341,0
DA:343,0
DA:349,0
LF:66
LH:8
BRDA:41,0,0,0
BRDA:57,1,0,0
BRDA:57,1,1,0
BRDA:70,2,0,0
BRDA:70,2,1,0
BRDA:163,3,0,0
BRDA:179,4,0,0
BRDA:179,4,1,0
BRDA:185,5,0,0
BRDA:185,5,1,0
BRDA:189,6,0,0
BRDA:189,6,1,0
BRDA:193,7,0,0
BRDA:193,7,1,0
BRDA:193,8,0,0
BRDA:193,8,1,0
BRDA:196,9,0,0
BRDA:196,9,1,0
BRDA:196,10,0,0
BRDA:196,10,1,0
BRDA:224,11,0,0
BRDA:224,11,1,0
BRDA:271,12,0,0
BRDA:271,12,1,0
BRDA:277,13,0,0
BRDA:277,13,1,0
BRDA:293,14,0,0
BRDA:293,14,1,0
BRDA:293,15,0,0
BRDA:293,15,1,0
BRDA:295,16,0,0
BRDA:295,16,1,0
BRDA:324,17,0,0
BRDA:324,17,1,0
BRDA:326,18,0,0
BRDA:326,18,1,0
BRDA:331,19,0,0
BRDA:331,19,1,0
BRDA:341,20,0,0
BRDA:341,20,1,0
BRDA:353,21,0,0
BRDA:353,21,1,0
BRDA:358,22,0,0
BRDA:358,22,1,0
BRDA:372,23,0,0
BRDA:372,23,1,0
BRF:46
BRH:0
end_of_record
TN:
SF:src\services\AudioFeedbackService.js
FN:17,(anonymous_0)
FN:40,(anonymous_1)
FN:57,(anonymous_2)
FN:92,(anonymous_3)
FN:95,(anonymous_4)
FN:102,(anonymous_5)
FN:105,(anonymous_6)
FN:112,(anonymous_7)
FN:115,(anonymous_8)
FN:122,(anonymous_9)
FN:131,(anonymous_10)
FN:134,(anonymous_11)
FN:135,(anonymous_12)
FN:143,(anonymous_13)
FN:169,(anonymous_14)
FN:180,(anonymous_15)
FN:187,(anonymous_16)
FN:195,(anonymous_17)
FNF:18
FNH:2
FNDA:1,(anonymous_0)
FNDA:1,(anonymous_1)
FNDA:0,(anonymous_2)
FNDA:0,(anonymous_3)
FNDA:0,(anonymous_4)
FNDA:0,(anonymous_5)
FNDA:0,(anonymous_6)
FNDA:0,(anonymous_7)
FNDA:0,(anonymous_8)
FNDA:0,(anonymous_9)
FNDA:0,(anonymous_10)
FNDA:0,(anonymous_11)
FNDA:0,(anonymous_12)
FNDA:0,(anonymous_13)
FNDA:0,(anonymous_14)
FNDA:0,(anonymous_15)
FNDA:0,(anonymous_16)
FNDA:0,(anonymous_17)
DA:19,1
DA:20,1
DA:21,1
DA:24,1
DA:33,1
DA:41,1
DA:43,1
DA:44,0
DA:45,0
DA:48,0
DA:49,0
DA:58,0
DA:59,0
DA:60,0
DA:63,0
DA:64,0
DA:65,0
DA:68,0
DA:69,0
DA:71,0
DA:72,0
DA:75,0
DA:76,0
DA:77,0
DA:80,0
DA:81,0
DA:84,0
DA:94,0
DA:95,0
DA:104,0
DA:105,0
DA:114,0
DA:115,0
DA:124,0
DA:133,0
DA:134,0
DA:135,0
DA:144,0
DA:146,0
DA:147,0
DA:149,0
DA:150,0
DA:152,0
DA:153,0
DA:155,0
DA:156,0
DA:158,0
DA:159,0
DA:161,0
DA:170,0
DA:171,0
DA:173,0
DA:181,0
DA:188,0
DA:196,0
DA:197,0
DA:198,0
DA:199,0
DA:201,0
DA:202,0
DA:205,0
DA:210,1
LF:62
LH:8
BRDA:43,0,0,0
BRDA:43,0,1,1
BRDA:43,1,0,1
BRDA:43,1,1,1
BRDA:44,2,0,0
BRDA:44,2,1,0
BRDA:57,3,0,0
BRDA:57,4,0,0
BRDA:57,5,0,0
BRDA:58,6,0,0
BRDA:58,6,1,0
BRDA:58,7,0,0
BRDA:58,7,1,0
BRDA:144,8,0,0
BRDA:144,8,1,0
BRDA:144,8,2,0
BRDA:144,8,3,0
BRDA:144,8,4,0
BRDA:144,8,5,0
BRDA:170,9,0,0
BRDA:170,9,1,0
BRDA:170,10,0,0
BRDA:170,10,1,0
BRDA:188,11,0,0
BRDA:188,11,1,0
BRDA:196,12,0,0
BRDA:196,12,1,0
BRDA:196,13,0,0
BRDA:196,13,1,0
BRF:29
BRH:3
end_of_record
TN:
SF:src\services\BinService.js
FN:25,(anonymous_0)
FN:53,(anonymous_1)
FN:85,(anonymous_2)
FN:114,(anonymous_3)
FN:142,(anonymous_4)
FNF:5
FNH:0
FNDA:0,(anonymous_0)
FNDA:0,(anonymous_1)
FNDA:0,(anonymous_2)
FNDA:0,(anonymous_3)
FNDA:0,(anonymous_4)
DA:16,1
DA:26,0
DA:27,0
DA:34,0
DA:35,0
DA:38,0
DA:39,0
DA:41,0
DA:42,0
DA:54,0
DA:55,0
DA:62,0
DA:63,0
DA:64,0
DA:66,0
DA:69,0
DA:70,0
DA:72,0
DA:73,0
DA:86,0
DA:87,0
DA:95,0
DA:96,0
DA:99,0
DA:100,0
DA:102,0
DA:103,0
DA:115,0
DA:116,0
DA:123,0
DA:124,0
DA:127,0
DA:128,0
DA:130,0
DA:131,0
DA:143,0
DA:144,0
DA:151,0
DA:153,0
DA:154,0
DA:160,1
LF:41
LH:2
BRDA:34,0,0,0
BRDA:34,0,1,0
BRDA:62,1,0,0
BRDA:62,1,1,0
BRDA:63,2,0,0
BRDA:63,2,1,0
BRDA:95,3,0,0
BRDA:95,3,1,0
BRDA:123,4,0,0
BRDA:123,4,1,0
BRF:10
BRH:0
end_of_record
TN:
SF:src\services\CollectionService.js
FN:26,(anonymous_0)
FN:58,(anonymous_1)
FN:86,(anonymous_2)
FN:114,(anonymous_3)
FN:142,(anonymous_4)
FN:170,(anonymous_5)
FN:197,(anonymous_6)
FN:226,(anonymous_7)
FNF:8
FNH:0
FNDA:0,(anonymous_0)
FNDA:0,(anonymous_1)
FNDA:0,(anonymous_2)
FNDA:0,(anonymous_3)
FNDA:0,(anonymous_4)
FNDA:0,(anonymous_5)
FNDA:0,(anonymous_6)
FNDA:0,(anonymous_7)
DA:16,1
DA:27,0
DA:28,0
DA:36,0
DA:37,0
DA:38,0
DA:40,0
DA:43,0
DA:44,0
DA:46,0
DA:47,0
DA:59,0
DA:60,0
DA:67,0
DA:68,0
DA:71,0
DA:72,0
DA:74,0
DA:75,0
DA:87,0
DA:88,0
DA:95,0
DA:96,0
DA:99,0
DA:100,0
DA:102,0
DA:103,0
DA:115,0
DA:116,0
DA:123,0
DA:124,0
DA:127,0
DA:128,0
DA:130,0
DA:131,0
DA:143,0
DA:144,0
DA:151,0
DA:152,0
DA:155,0
DA:156,0
DA:158,0
DA:159,0
DA:171,0
DA:172,0
DA:179,0
DA:180,0
DA:183,0
DA:184,0
DA:186,0
DA:187,0
DA:198,0
DA:199,0
DA:206,0
DA:207,0
DA:210,0
DA:211,0
DA:213,0
DA:214,0
DA:227,0
DA:228,0
DA:236,0
DA:237,0
DA:240,0
DA:241,0
DA:243,0
DA:244,0
DA:250,1
LF:68
LH:2
BRDA:36,0,0,0
BRDA:36,0,1,0
BRDA:37,1,0,0
BRDA:37,1,1,0
BRDA:67,2,0,0
BRDA:67,2,1,0
BRDA:95,3,0,0
BRDA:95,3,1,0
BRDA:123,4,0,0
BRDA:123,4,1,0
BRDA:151,5,0,0
BRDA:151,5,1,0
BRDA:179,6,0,0
BRDA:179,6,1,0
BRDA:206,7,0,0
BRDA:206,7,1,0
BRDA:236,8,0,0
BRDA:236,8,1,0
BRF:18
BRH:0
end_of_record
TN:
SF:src\services\DailyResetService.js
FN:33,(anonymous_0)
FN:47,(anonymous_1)
FN:61,(anonymous_2)
FN:74,(anonymous_3)
FN:86,(anonymous_4)
FN:97,(anonymous_5)
FN:107,(anonymous_6)
FN:122,(anonymous_7)
FNF:8
FNH:0
FNDA:0,(anonymous_0)
FNDA:0,(anonymous_1)
FNDA:0,(anonymous_2)
FNDA:0,(anonymous_3)
FNDA:0,(anonymous_4)
FNDA:0,(anonymous_5)
FNDA:0,(anonymous_6)
FNDA:0,(anonymous_7)
DA:21,1
DA:34,0
DA:35,0
DA:36,0
DA:38,0
DA:48,0
DA:50,0
DA:56,0
DA:57,0
DA:61,0
DA:62,0
DA:63,0
DA:75,0
DA:76,0
DA:87,0
DA:88,0
DA:89,0
DA:98,0
DA:108,0
DA:123,0
DA:124,0
LF:21
LH:1
BRDA:34,0,0,0
BRDA:34,0,1,0
BRDA:56,1,0,0
BRDA:56,1,1,0
BRDA:56,2,0,0
BRDA:56,2,1,0
BRDA:62,3,0,0
BRDA:62,3,1,0
BRDA:75,4,0,0
BRDA:75,4,1,0
BRDA:88,5,0,0
BRDA:88,5,1,0
BRDA:122,6,0,0
BRDA:123,7,0,0
BRDA:123,7,1,0
BRF:15
BRH:0
end_of_record
TN:
SF:src\services\LocationService.js
FN:43,(anonymous_0)
FN:55,(anonymous_1)
FN:56,(anonymous_2)
FN:68,(anonymous_3)
FN:80,(anonymous_4)
FN:87,(anonymous_5)
FN:98,(anonymous_6)
FN:105,(anonymous_7)
FN:121,(anonymous_8)
FN:138,(anonymous_9)
FN:155,(anonymous_10)
FN:185,(anonymous_11)
FN:186,(anonymous_12)
FN:199,(anonymous_13)
FN:215,(anonymous_14)
FN:228,(anonymous_15)
FN:254,(anonymous_16)
FN:261,(anonymous_17)
FN:273,(anonymous_18)
FN:290,(anonymous_19)
FN:305,(anonymous_20)
FN:320,(anonymous_21)
FN:341,(anonymous_22)
FN:356,(anonymous_23)
FN:369,(anonymous_24)
FN:382,(anonymous_25)
FN:390,(anonymous_26)
FN:398,(anonymous_27)
FN:399,(anonymous_28)
FN:413,(anonymous_29)
FN:429,(anonymous_30)
FN:449,(anonymous_31)
FN:457,(anonymous_32)
FN:480,(anonymous_33)
FN:497,(anonymous_34)
FN:505,(anonymous_35)
FNF:36
FNH:1
FNDA:1,(anonymous_0)
FNDA:0,(anonymous_1)
FNDA:0,(anonymous_2)
FNDA:0,(anonymous_3)
FNDA:0,(anonymous_4)
FNDA:0,(anonymous_5)
FNDA:0,(anonymous_6)
FNDA:0,(anonymous_7)
FNDA:0,(anonymous_8)
FNDA:0,(anonymous_9)
FNDA:0,(anonymous_10)
FNDA:0,(anonymous_11)
FNDA:0,(anonymous_12)
FNDA:0,(anonymous_13)
FNDA:0,(anonymous_14)
FNDA:0,(anonymous_15)
FNDA:0,(anonymous_16)
FNDA:0,(anonymous_17)
FNDA:0,(anonymous_18)
FNDA:0,(anonymous_19)
FNDA:0,(anonymous_20)
FNDA:0,(anonymous_21)
FNDA:0,(anonymous_22)
FNDA:0,(anonymous_23)
FNDA:0,(anonymous_24)
FNDA:0,(anonymous_25)
FNDA:0,(anonymous_26)
FNDA:0,(anonymous_27)
FNDA:0,(anonymous_28)
FNDA:0,(anonymous_29)
FNDA:0,(anonymous_30)
FNDA:0,(anonymous_31)
FNDA:0,(anonymous_32)
FNDA:0,(anonymous_33)
FNDA:0,(anonymous_34)
FNDA:0,(anonymous_35)
DA:18,1
DA:32,1
DA:44,1
DA:45,1
DA:46,1
DA:47,1
DA:48,1
DA:56,0
DA:57,0
DA:58,0
DA:63,0
DA:67,0
DA:68,0
DA:69,0
DA:70,0
DA:75,0
DA:79,0
DA:81,0
DA:88,0
DA:97,0
DA:99,0
DA:106,0
DA:122,0
DA:124,0
DA:126,0
DA:128,0
DA:130,0
DA:139,0
DA:140,0
DA:147,0
DA:148,0
DA:155,0
DA:156,0
DA:158,0
DA:164,0
DA:171,0
DA:186,0
DA:187,0
DA:188,0
DA:189,0
DA:192,0
DA:198,0
DA:200,0
DA:210,0
DA:211,0
DA:212,0
DA:213,0
DA:216,0
DA:217,0
DA:229,0
DA:230,0
DA:232,0
DA:233,0
DA:234,0
DA:236,0
DA:237,0
DA:241,0
DA:242,0
DA:246,0
DA:247,0
DA:250,0
DA:253,0
DA:254,0
DA:257,0
DA:258,0
DA:259,0
DA:261,0
DA:265,0
DA:274,0
DA:275,0
DA:276,0
DA:277,0
DA:278,0
DA:279,0
DA:281,0
DA:291,0
DA:292,0
DA:293,0
DA:294,0
DA:295,0
DA:296,0
DA:306,0
DA:307,0
DA:308,0
DA:309,0
DA:310,0
DA:311,0
DA:321,0
DA:322,0
DA:323,0
DA:326,0
DA:327,0
DA:328,0
DA:331,0
DA:332,0
DA:334,0
DA:340,0
DA:342,0
DA:350,0
DA:351,0
DA:352,0
DA:353,0
DA:357,0
DA:363,0
DA:370,0
DA:371,0
DA:372,0
DA:374,0
DA:375,0
DA:383,0
DA:391,0
DA:399,0
DA:400,0
DA:401,0
DA:403,0
DA:414,0
DA:416,0
DA:417,0
DA:418,0
DA:420,0
DA:430,0
DA:431,0
DA:432,0
DA:433,0
DA:434,0
DA:436,0
DA:439,0
DA:441,0
DA:450,0
DA:451,0
DA:454,0
DA:455,0
DA:457,0
DA:458,0
DA:459,0
DA:464,0
DA:465,0
DA:466,0
DA:471,0
DA:481,0
DA:482,0
DA:485,0
DA:490,0
DA:498,0
DA:506,0
DA:511,1
LF:146
LH:8
BRDA:57,0,0,0
BRDA:57,0,1,0
BRDA:67,1,0,0
BRDA:67,1,1,0
BRDA:69,2,0,0
BRDA:69,2,1,0
BRDA:122,3,0,0
BRDA:122,3,1,0
BRDA:122,3,2,0
BRDA:122,3,3,0
BRDA:139,4,0,0
BRDA:139,4,1,0
BRDA:147,5,0,0
BRDA:147,5,1,0
BRDA:156,6,0,0
BRDA:156,6,1,0
BRDA:156,6,2,0
BRDA:156,6,3,0
BRDA:185,7,0,0
BRDA:187,8,0,0
BRDA:187,8,1,0
BRDA:195,9,0,0
BRDA:195,9,1,0
BRDA:204,10,0,0
BRDA:204,10,1,0
BRDA:236,11,0,0
BRDA:236,11,1,0
BRDA:236,12,0,0
BRDA:236,12,1,0
BRDA:241,13,0,0
BRDA:241,13,1,0
BRDA:246,14,0,0
BRDA:246,14,1,0
BRDA:253,15,0,0
BRDA:253,15,1,0
BRDA:258,16,0,0
BRDA:258,16,1,0
BRDA:265,17,0,0
BRDA:265,17,1,0
BRDA:274,18,0,0
BRDA:274,18,1,0
BRDA:276,19,0,0
BRDA:276,19,1,0
BRDA:278,20,0,0
BRDA:278,20,1,0
BRDA:291,21,0,0
BRDA:291,21,1,0
BRDA:291,21,2,0
BRDA:291,21,3,0
BRDA:291,21,4,0
BRDA:306,22,0,0
BRDA:306,22,1,0
BRDA:306,22,2,0
BRDA:306,22,3,0
BRDA:306,22,4,0
BRDA:321,23,0,0
BRDA:321,23,1,0
BRDA:326,24,0,0
BRDA:326,24,1,0
BRDA:346,25,0,0
BRDA:346,25,1,0
BRDA:350,26,0,0
BRDA:350,26,1,0
BRDA:370,27,0,0
BRDA:370,27,1,0
BRDA:414,28,0,0
BRDA:414,28,1,0
BRDA:420,29,0,0
BRDA:420,29,1,0
BRDA:450,30,0,0
BRDA:450,30,1,0
BRDA:450,31,0,0
BRDA:450,31,1,0
BRDA:450,31,2,0
BRDA:458,32,0,0
BRDA:458,32,1,0
BRDA:458,33,0,0
BRDA:458,33,1,0
BRDA:464,34,0,0
BRDA:464,34,1,0
BRDA:480,35,0,0
BRDA:481,36,0,0
BRDA:481,36,1,0
BRDA:481,37,0,0
BRDA:481,37,1,0
BRDA:481,37,2,0
BRDA:498,38,0,0
BRDA:498,38,1,0
BRDA:506,39,0,0
BRDA:506,39,1,0
BRF:90
BRH:0
end_of_record
TN:
SF:src\services\MockIoTSensorService.js
FN:17,(anonymous_0)
FN:42,(anonymous_1)
FN:51,(anonymous_2)
FN:62,(anonymous_3)
FN:70,(anonymous_4)
FN:79,(anonymous_5)
FN:128,(anonymous_6)
FN:162,(anonymous_7)
FN:167,(anonymous_8)
FN:176,(anonymous_9)
FN:181,(anonymous_10)
FN:210,(anonymous_11)
FN:218,(anonymous_12)
FN:226,(anonymous_13)
FNF:14
FNH:1
FNDA:1,(anonymous_0)
FNDA:0,(anonymous_1)
FNDA:0,(anonymous_2)
FNDA:0,(anonymous_3)
FNDA:0,(anonymous_4)
FNDA:0,(anonymous_5)
FNDA:0,(anonymous_6)
FNDA:0,(anonymous_7)
FNDA:0,(anonymous_8)
FNDA:0,(anonymous_9)
FNDA:0,(anonymous_10)
FNDA:0,(anonymous_11)
FNDA:0,(anonymous_12)
FNDA:0,(anonymous_13)
DA:19,1
DA:29,1
DA:32,1
DA:35,1
DA:43,0
DA:44,0
DA:52,0
DA:53,0
DA:54,0
DA:55,0
DA:63,0
DA:71,0
DA:80,0
DA:81,0
DA:85,0
DA:121,0
DA:129,0
DA:132,0
DA:134,0
DA:135,0
DA:136,0
DA:138,0
DA:139,0
DA:140,0
DA:142,0
DA:143,0
DA:144,0
DA:146,0
DA:147,0
DA:148,0
DA:152,0
DA:155,0
DA:163,0
DA:164,0
DA:167,0
DA:168,0
DA:177,0
DA:180,0
DA:181,0
DA:182,0
DA:183,0
DA:188,0
DA:189,0
DA:192,0
DA:193,0
DA:196,0
DA:197,0
DA:200,0
DA:211,0
DA:219,0
DA:227,0
DA:230,0
DA:231,0
DA:239,0
DA:240,0
DA:248,0
DA:249,0
DA:257,0
DA:262,1
LF:59
LH:5
BRDA:42,0,0,0
BRDA:44,1,0,0
BRDA:44,1,1,0
BRDA:51,2,0,0
BRDA:80,3,0,0
BRDA:80,3,1,0
BRDA:128,4,0,0
BRDA:132,5,0,0
BRDA:132,5,1,0
BRDA:132,5,2,0
BRDA:132,5,3,0
BRDA:132,5,4,0
BRDA:132,5,5,0
BRDA:162,6,0,0
BRDA:163,7,0,0
BRDA:163,7,1,0
BRDA:182,8,0,0
BRDA:182,8,1,0
BRDA:188,9,0,0
BRDA:188,9,1,0
BRDA:188,10,0,0
BRDA:188,10,1,0
BRDA:192,11,0,0
BRDA:192,11,1,0
BRDA:192,12,0,0
BRDA:192,12,1,0
BRDA:196,13,0,0
BRDA:196,13,1,0
BRDA:196,14,0,0
BRDA:196,14,1,0
BRDA:226,15,0,0
BRDA:230,16,0,0
BRDA:230,16,1,0
BRDA:239,17,0,0
BRDA:239,17,1,0
BRDA:248,18,0,0
BRDA:248,18,1,0
BRDA:248,19,0,0
BRDA:248,19,1,0
BRF:39
BRH:0
end_of_record
TN:
SF:src\services\RouteConfig.js
FN:92,(anonymous_0)
FN:101,(anonymous_1)
FN:110,(anonymous_2)
FN:118,(anonymous_3)
FN:127,(anonymous_4)
FN:131,(anonymous_5)
FN:139,(anonymous_6)
FN:148,(anonymous_7)
FN:159,(anonymous_8)
FN:166,(anonymous_9)
FN:167,(anonymous_10)
FNF:11
FNH:0
FNDA:0,(anonymous_0)
FNDA:0,(anonymous_1)
FNDA:0,(anonymous_2)
FNDA:0,(anonymous_3)
FNDA:0,(anonymous_4)
FNDA:0,(anonymous_5)
FNDA:0,(anonymous_6)
FNDA:0,(anonymous_7)
FNDA:0,(anonymous_8)
FNDA:0,(anonymous_9)
FNDA:0,(anonymous_10)
DA:16,1
DA:60,1
DA:93,0
DA:102,0
DA:111,0
DA:119,0
DA:128,0
DA:129,0
DA:131,0
DA:140,0
DA:149,0
DA:150,0
DA:160,0
DA:161,0
DA:162,0
DA:165,0
DA:166,0
DA:167,0
DA:170,0
DA:172,0
LF:20
LH:2
BRDA:102,0,0,0
BRDA:102,0,1,0
BRDA:111,1,0,0
BRDA:111,1,1,0
BRDA:129,2,0,0
BRDA:129,2,1,0
BRDA:150,3,0,0
BRDA:150,3,1,0
BRDA:159,4,0,0
BRDA:161,5,0,0
BRDA:161,5,1,0
BRDA:170,6,0,0
BRDA:170,6,1,0
BRF:13
BRH:0
end_of_record
TN:
SF:src\services\RouteSummaryService.js
FN:39,(anonymous_0)
FN:57,(anonymous_1)
FN:58,(anonymous_2)
FN:84,(anonymous_3)
FN:88,(anonymous_4)
FN:95,(anonymous_5)
FN:132,(anonymous_6)
FN:142,(anonymous_7)
FN:155,(anonymous_8)
FN:182,(anonymous_9)
FN:194,(anonymous_10)
FN:196,(anonymous_11)
FN:207,(anonymous_12)
FN:209,(anonymous_13)
FN:219,(anonymous_14)
FN:241,(anonymous_15)
FNF:16
FNH:0
FNDA:0,(anonymous_0)
FNDA:0,(anonymous_1)
FNDA:0,(anonymous_2)
FNDA:0,(anonymous_3)
FNDA:0,(anonymous_4)
FNDA:0,(anonymous_5)
FNDA:0,(anonymous_6)
FNDA:0,(anonymous_7)
FNDA:0,(anonymous_8)
FNDA:0,(anonymous_9)
FNDA:0,(anonymous_10)
FNDA:0,(anonymous_11)
FNDA:0,(anonymous_12)
FNDA:0,(anonymous_13)
FNDA:0,(anonymous_14)
FNDA:0,(anonymous_15)
DA:20,1
DA:26,1
DA:40,0
DA:41,0
DA:44,0
DA:45,0
DA:46,0
DA:49,0
DA:50,0
DA:53,0
DA:57,0
DA:58,0
DA:62,0
DA:85,0
DA:86,0
DA:88,0
DA:89,0
DA:92,0
DA:95,0
DA:100,0
DA:113,0
DA:133,0
DA:135,0
DA:136,0
DA:140,0
DA:142,0
DA:144,0
DA:156,0
DA:159,0
DA:160,0
DA:163,0
DA:164,0
DA:167,0
DA:168,0
DA:169,0
DA:171,0
DA:183,0
DA:184,0
DA:195,0
DA:196,0
DA:208,0
DA:209,0
DA:220,0
DA:242,0
DA:243,0
LF:45
LH:2
BRDA:40,0,0,0
BRDA:40,0,1,0
BRDA:45,1,0,0
BRDA:45,1,1,0
BRDA:57,2,0,0
BRDA:57,2,1,0
BRDA:59,3,0,0
BRDA:59,3,1,0
BRDA:133,4,0,0
BRDA:133,4,1,0
BRDA:133,5,0,0
BRDA:133,5,1,0
BRDA:133,5,2,0
BRDA:136,6,0,0
BRDA:136,6,1,0
BRDA:136,7,0,0
BRDA:136,7,1,0
BRDA:136,7,2,0
BRDA:144,8,0,0
BRDA:144,8,1,0
BRDA:144,8,2,0
BRDA:156,9,0,0
BRDA:156,9,1,0
BRDA:163,10,0,0
BRDA:163,10,1,0
BRDA:183,11,0,0
BRDA:183,11,1,0
BRDA:195,12,0,0
BRDA:195,12,1,0
BRDA:195,13,0,0
BRDA:195,13,1,0
BRDA:196,14,0,0
BRDA:196,14,1,0
BRDA:208,15,0,0
BRDA:208,15,1,0
BRDA:208,16,0,0
BRDA:208,16,1,0
BRDA:241,17,0,0
BRDA:242,18,0,0
BRDA:242,18,1,0
BRF:40
BRH:0
end_of_record
TN:
SF:src\services\SessionService.js
FN:35,(anonymous_0)
FN:56,(anonymous_1)
FN:68,(anonymous_2)
FN:79,(anonymous_3)
FN:91,(anonymous_4)
FN:117,(anonymous_5)
FN:138,(anonymous_6)
FN:148,(anonymous_7)
FN:158,(anonymous_8)
FN:168,(anonymous_9)
FN:178,(anonymous_10)
FN:186,(anonymous_11)
FN:198,(anonymous_12)
FNF:13
FNH:0
FNDA:0,(anonymous_0)
FNDA:0,(anonymous_1)
FNDA:0,(anonymous_2)
FNDA:0,(anonymous_3)
FNDA:0,(anonymous_4)
FNDA:0,(anonymous_5)
FNDA:0,(anonymous_6)
FNDA:0,(anonymous_7)
FNDA:0,(anonymous_8)
FNDA:0,(anonymous_9)
FNDA:0,(anonymous_10)
FNDA:0,(anonymous_11)
FNDA:0,(anonymous_12)
DA:19,1
DA:24,1
DA:36,0
DA:37,0
DA:38,0
DA:40,0
DA:41,0
DA:43,0
DA:44,0
DA:47,0
DA:57,0
DA:58,0
DA:59,0
DA:69,0
DA:70,0
DA:80,0
DA:81,0
DA:92,0
DA:94,0
DA:95,0
DA:97,0
DA:102,0
DA:118,0
DA:120,0
DA:125,0
DA:139,0
DA:149,0
DA:159,0
DA:169,0
DA:179,0
DA:187,0
DA:188,0
DA:199,0
DA:200,0
LF:34
LH:2
BRDA:43,0,0,0
BRDA:43,0,1,0
BRDA:43,1,0,0
BRDA:43,1,1,0
BRDA:81,2,0,0
BRDA:81,2,1,0
BRDA:198,3,0,0
BRDA:199,4,0,0
BRDA:199,4,1,0
BRF:9
BRH:0
end_of_record
TN:
SF:src\services\analyticsService.js
FN:6,(anonymous_0)
FN:11,(anonymous_1)
FN:16,(anonymous_2)
FN:21,(anonymous_3)
FNF:4
FNH:0
FNDA:0,(anonymous_0)
FNDA:0,(anonymous_1)
FNDA:0,(anonymous_2)
FNDA:0,(anonymous_3)
DA:4,1
DA:6,1
DA:7,0
DA:8,0
DA:11,1
DA:12,0
DA:13,0
DA:16,1
DA:17,0
DA:18,0
DA:21,1
DA:22,0
DA:23,0
LF:13
LH:5
BRF:0
BRH:0
end_of_record
TN:
SF:src\services\api.js
FN:8,(anonymous_0)
FNF:1
FNH:0
FNDA:0,(anonymous_0)
DA:3,1
DA:8,1
DA:9,0
DA:10,0
DA:11,0
DA:16,0
LF:6
LH:2
BRDA:9,0,0,0
BRDA:9,0,1,0
BRDA:10,1,0,0
BRDA:10,1,1,0
BRDA:10,2,0,0
BRDA:10,2,1,0
BRF:6
BRH:0
end_of_record
TN:
SF:src\services\authService.js
FN:3,(anonymous_0)
FN:7,(anonymous_1)
FNF:2
FNH:0
FNDA:0,(anonymous_0)
FNDA:0,(anonymous_1)
DA:3,1
DA:4,0
DA:7,1
DA:8,0
LF:4
LH:2
BRF:0
BRH:0
end_of_record
TN:
SF:src\services\pickupRequestService.js
FN:6,(anonymous_0)
FN:17,(anonymous_1)
FN:28,(anonymous_2)
FN:39,(anonymous_3)
FN:50,(anonymous_4)
FN:61,(anonymous_5)
FN:72,(anonymous_6)
FN:83,(anonymous_7)
FN:94,(anonymous_8)
FN:105,(anonymous_9)
FN:116,(anonymous_10)
FN:127,(anonymous_11)
FN:138,(anonymous_12)
FN:149,(anonymous_13)
FNF:14
FNH:0
FNDA:0,(anonymous_0)
FNDA:0,(anonymous_1)
FNDA:0,(anonymous_2)
FNDA:0,(anonymous_3)
FNDA:0,(anonymous_4)
FNDA:0,(anonymous_5)
FNDA:0,(anonymous_6)
FNDA:0,(anonymous_7)
FNDA:0,(anonymous_8)
FNDA:0,(anonymous_9)
FNDA:0,(anonymous_10)
FNDA:0,(anonymous_11)
FNDA:0,(anonymous_12)
FNDA:0,(anonymous_13)
DA:4,1
DA:7,0
DA:8,0
DA:9,0
DA:11,0
DA:12,0
DA:18,0
DA:19,0
DA:20,0
DA:22,0
DA:23,0
DA:29,0
DA:30,0
DA:31,0
DA:33,0
DA:34,0
DA:40,0
DA:41,0
DA:42,0
DA:44,0
DA:45,0
DA:51,0
DA:52,0
DA:53,0
DA:55,0
DA:56,0
DA:62,0
DA:63,0
DA:64,0
DA:66,0
DA:67,0
DA:73,0
DA:74,0
DA:75,0
DA:77,0
DA:78,0
DA:84,0
DA:85,0
DA:86,0
DA:88,0
DA:89,0
DA:95,0
DA:96,0
DA:97,0
DA:99,0
DA:100,0
DA:106,0
DA:107,0
DA:108,0
DA:110,0
DA:111,0
DA:117,0
DA:118,0
DA:119,0
DA:121,0
DA:122,0
DA:128,0
DA:129,0
DA:130,0
DA:132,0
DA:133,0
DA:139,0
DA:140,0
DA:141,0
DA:143,0
DA:144,0
DA:150,0
DA:151,0
DA:152,0
DA:154,0
DA:155,0
LF:71
LH:1
BRF:0
BRH:0
end_of_record
TN:
SF:src\services\routeChangeService.js
FN:6,(anonymous_0)
FN:20,(anonymous_1)
FN:38,(anonymous_2)
FN:54,(anonymous_3)
FNF:4
FNH:0
FNDA:0,(anonymous_0)
FNDA:0,(anonymous_1)
FNDA:0,(anonymous_2)
FNDA:0,(anonymous_3)
DA:1,1
DA:6,1
DA:7,0
DA:8,0
DA:9,0
DA:10,0
DA:12,0
DA:13,0
DA:20,1
DA:21,0
DA:22,0
DA:27,0
DA:28,0
DA:30,0
DA:31,0
DA:38,1
DA:39,0
DA:40,0
DA:43,0
DA:44,0
DA:46,0
DA:47,0
DA:54,1
DA:55,0
DA:56,0
DA:57,0
DA:58,0
DA:60,0
DA:61,0
LF:29
LH:5
BRDA:9,0,0,0
BRDA:9,0,1,0
BRDA:27,1,0,0
BRDA:27,1,1,0
BRDA:43,2,0,0
BRDA:43,2,1,0
BRDA:57,3,0,0
BRDA:57,3,1,0
BRF:8
BRH:0
end_of_record
TN:
SF:src\services\specialPickupService.js
FN:4,(anonymous_0)
FN:9,(anonymous_1)
FNF:2
FNH:0
FNDA:0,(anonymous_0)
FNDA:0,(anonymous_1)
DA:2,1
DA:4,1
DA:5,0
DA:6,0
DA:9,1
DA:10,0
DA:13,0
LF:7
LH:3
BRF:0
BRH:0
end_of_record
