# JRE version: OpenJDK Runtime Environment Temurin-21.0.7+6 (21.0.7+6) (build 21.0.7+6-LTS)
# Java VM: OpenJDK 64-Bit Server VM Temurin-21.0.7+6 (21.0.7+6-LTS, mixed mode, sharing, tiered, compressed oops, compressed class ptrs, g1 gc, windows-amd64)
GC Precious Log:
 CardTable entry size: 512
 Card Set container configuration: InlinePtr #cards 4 size 8 Array Of Cards #cards 32 size 80 Howl #buckets 8 coarsen threshold 7372 Howl Bitmap #cards 1024 size 144 coarsen threshold 921 Card regions per heap region 1 cards per card region 8192
 CPUs: 8 total, 8 available
 Memory: 20218M
 Large Page Support: Disabled
 NUMA Support: Disabled
 Compressed Oops: Enabled (Zero based)
 Heap Region Size: 4M
 Heap Min Capacity: 8M
 Heap Initial Capacity: 316M
 Heap Max Capacity: 5056M
 Pre-touch: Disabled
 Parallel Workers: 8
 Concurrent Workers: 2
 Concurrent Refinement Workers: 8
 Periodic GC: Disabled
Heap:
 garbage-first heap   total 217088K, used 115908K [0x00000006c4000000, 0x0000000800000000)
  region size 4096K, 19 young (77824K), 2 survivors (8192K)
 Metaspace       used 39666K, committed 40256K, reserved 1114112K
  class space    used 4318K, committed 4608K, reserved 1048576K
GC Heap History (20 events):
Event: 7.264 GC heap before
{Heap before GC invocations=8 (full 0):
 garbage-first heap   total 139264K, used 109806K [0x00000006c4000000, 0x0000000800000000)
  region size 4096K, 15 young (61440K), 1 survivors (4096K)
 Metaspace       used 29768K, committed 30144K, reserved 1114112K
  class space    used 3275K, committed 3456K, reserved 1048576K
}
Event: 7.271 GC heap after
{Heap after GC invocations=9 (full 0):
 garbage-first heap   total 167936K, used 52686K [0x00000006c4000000, 0x0000000800000000)
  region size 4096K, 1 young (4096K), 1 survivors (4096K)
 Metaspace       used 29768K, committed 30144K, reserved 1114112K
  class space    used 3275K, committed 3456K, reserved 1048576K
}
Event: 8.170 GC heap before
{Heap before GC invocations=9 (full 0):
 garbage-first heap   total 167936K, used 134606K [0x00000006c4000000, 0x0000000800000000)
  region size 4096K, 21 young (86016K), 1 survivors (4096K)
 Metaspace       used 31655K, committed 32128K, reserved 1114112K
  class space    used 3508K, committed 3712K, reserved 1048576K
}
Event: 8.182 GC heap after
{Heap after GC invocations=10 (full 0):
 garbage-first heap   total 167936K, used 54837K [0x00000006c4000000, 0x0000000800000000)
  region size 4096K, 2 young (8192K), 2 survivors (8192K)
 Metaspace       used 31655K, committed 32128K, reserved 1114112K
  class space    used 3508K, committed 3712K, reserved 1048576K
}
Event: 10.219 GC heap before
{Heap before GC invocations=10 (full 0):
 garbage-first heap   total 167936K, used 136757K [0x00000006c4000000, 0x0000000800000000)
  region size 4096K, 22 young (90112K), 2 survivors (8192K)
 Metaspace       used 32759K, committed 33280K, reserved 1114112K
  class space    used 3553K, committed 3776K, reserved 1048576K
}
Event: 10.231 GC heap after
{Heap after GC invocations=11 (full 0):
 garbage-first heap   total 167936K, used 57713K [0x00000006c4000000, 0x0000000800000000)
  region size 4096K, 2 young (8192K), 2 survivors (8192K)
 Metaspace       used 32759K, committed 33280K, reserved 1114112K
  class space    used 3553K, committed 3776K, reserved 1048576K
}
Event: 11.468 GC heap before
{Heap before GC invocations=11 (full 0):
 garbage-first heap   total 167936K, used 139633K [0x00000006c4000000, 0x0000000800000000)
  region size 4096K, 23 young (94208K), 2 survivors (8192K)
 Metaspace       used 33338K, committed 33792K, reserved 1114112K
  class space    used 3615K, committed 3840K, reserved 1048576K
}
Event: 11.501 GC heap after
{Heap after GC invocations=12 (full 0):
 garbage-first heap   total 180224K, used 84199K [0x00000006c4000000, 0x0000000800000000)
  region size 4096K, 3 young (12288K), 3 survivors (12288K)
 Metaspace       used 33338K, committed 33792K, reserved 1114112K
  class space    used 3615K, committed 3840K, reserved 1048576K
}
Event: 12.275 GC heap before
{Heap before GC invocations=12 (full 0):
 garbage-first heap   total 180224K, used 149735K [0x00000006c4000000, 0x0000000800000000)
  region size 4096K, 19 young (77824K), 3 survivors (12288K)
 Metaspace       used 34342K, committed 34816K, reserved 1114112K
  class space    used 3721K, committed 3968K, reserved 1048576K
}
Event: 12.289 GC heap after
{Heap after GC invocations=13 (full 0):
 garbage-first heap   total 180224K, used 85579K [0x00000006c4000000, 0x0000000800000000)
  region size 4096K, 2 young (8192K), 2 survivors (8192K)
 Metaspace       used 34342K, committed 34816K, reserved 1114112K
  class space    used 3721K, committed 3968K, reserved 1048576K
}
Event: 12.982 GC heap before
{Heap before GC invocations=13 (full 0):
 garbage-first heap   total 180224K, used 151115K [0x00000006c4000000, 0x0000000800000000)
  region size 4096K, 18 young (73728K), 2 survivors (8192K)
 Metaspace       used 34672K, committed 35200K, reserved 1114112K
  class space    used 3734K, committed 3968K, reserved 1048576K
}
Event: 12.987 GC heap after
{Heap after GC invocations=14 (full 0):
 garbage-first heap   total 217088K, used 84277K [0x00000006c4000000, 0x0000000800000000)
  region size 4096K, 1 young (4096K), 1 survivors (4096K)
 Metaspace       used 34672K, committed 35200K, reserved 1114112K
  class space    used 3734K, committed 3968K, reserved 1048576K
}
Event: 13.193 GC heap before
{Heap before GC invocations=14 (full 0):
 garbage-first heap   total 217088K, used 92469K [0x00000006c4000000, 0x0000000800000000)
  region size 4096K, 4 young (16384K), 1 survivors (4096K)
 Metaspace       used 35818K, committed 36288K, reserved 1114112K
  class space    used 3837K, committed 4096K, reserved 1048576K
}
Event: 13.197 GC heap after
{Heap after GC invocations=15 (full 0):
 garbage-first heap   total 217088K, used 85419K [0x00000006c4000000, 0x0000000800000000)
  region size 4096K, 2 young (8192K), 2 survivors (8192K)
 Metaspace       used 35818K, committed 36288K, reserved 1114112K
  class space    used 3837K, committed 4096K, reserved 1048576K
}
Event: 14.124 GC heap before
{Heap before GC invocations=16 (full 0):
 garbage-first heap   total 217088K, used 183723K [0x00000006c4000000, 0x0000000800000000)
  region size 4096K, 26 young (106496K), 2 survivors (8192K)
 Metaspace       used 35573K, committed 36032K, reserved 1114112K
  class space    used 3783K, committed 4032K, reserved 1048576K
}
Event: 14.129 GC heap after
{Heap after GC invocations=17 (full 0):
 garbage-first heap   total 217088K, used 86499K [0x00000006c4000000, 0x0000000800000000)
  region size 4096K, 2 young (8192K), 2 survivors (8192K)
 Metaspace       used 35573K, committed 36032K, reserved 1114112K
  class space    used 3783K, committed 4032K, reserved 1048576K
}
Event: 14.427 GC heap before
{Heap before GC invocations=17 (full 0):
 garbage-first heap   total 217088K, used 188899K [0x00000006c4000000, 0x0000000800000000)
  region size 4096K, 27 young (110592K), 2 survivors (8192K)
 Metaspace       used 35638K, committed 36096K, reserved 1114112K
  class space    used 3784K, committed 4032K, reserved 1048576K
}
Event: 14.433 GC heap after
{Heap after GC invocations=18 (full 0):
 garbage-first heap   total 217088K, used 64050K [0x00000006c4000000, 0x0000000800000000)
  region size 4096K, 2 young (8192K), 2 survivors (8192K)
 Metaspace       used 35638K, committed 36096K, reserved 1114112K
  class space    used 3784K, committed 4032K, reserved 1048576K
}
Event: 15.833 GC heap before
{Heap before GC invocations=18 (full 0):
 garbage-first heap   total 217088K, used 178738K [0x00000006c4000000, 0x0000000800000000)
  region size 4096K, 31 young (126976K), 2 survivors (8192K)
 Metaspace       used 37923K, committed 38400K, reserved 1114112K
  class space    used 4110K, committed 4352K, reserved 1048576K
}
Event: 15.840 GC heap after
{Heap after GC invocations=19 (full 0):
 garbage-first heap   total 217088K, used 50372K [0x00000006c4000000, 0x0000000800000000)
  region size 4096K, 2 young (8192K), 2 survivors (8192K)
 Metaspace       used 37923K, committed 38400K, reserved 1114112K
  class space    used 4110K, committed 4352K, reserved 1048576K
}

